WARNING:root:Found persistent state path '/home/chuzhitairan/.local/state/gnuradio', but file does not exist. Old default persistent state path '/home/chuzhitairan/.grc_gnuradio' exists; using that. Please consider moving state to new location.
MAPPER: encoding: 0
chunks_to_symbols :info: set_min_output_buffer on block 7 to 207744
fft_v_fftw :info: set_min_output_buffer on block 9 to 2077440
ofdm_cyclic_prefixer :info: set_min_output_buffer on block 11 to 2077440
ofdm_carrier_allocator_cvc :info: set_min_output_buffer on block 12 to 207744
chunks_to_symbols :info: set_min_output_buffer on block 13 to 415488
tagged_stream_mux :info: set_min_output_buffer on block 14 to 207744
[INFO] [UHD] linux; GNU C++ version 13.3.0; Boost_108300; UHD_4.1.0.0-0-45cabfde
[INFO] [ANT] Detected Device: ANTSDR
[INFO] [ANT] Initialize CODEC control...
[INFO] [ANT] Initialize Radio control...
[INFO] [ANT] Performing register loopback test... 
[INFO] [ANT] Register loopback test passed
[INFO] [ANT] Performing register loopback test... 
[INFO] [ANT] Register loopback test passed
[INFO] [ANT] Setting master clock rate selection to 'automatic'.
[INFO] [ANT] Asking for clock rate 16.000000 MHz... 
[INFO] [ANT] Actually got clock rate 16.000000 MHz.
[INFO] [ANT] Asking for clock rate 40.000000 MHz... 
[INFO] [ANT] Actually got clock rate 40.000000 MHz.
foo_packet_pad2 :info: set_min_output_buffer on block 33 to 100000
multiply_const_cc :info: set_min_output_buffer on block 35 to 100000
usrp_source :error: In the last 5014 ms, 1 overflows occurred.
DDusrp_source :error: In the last 3014 ms, 2 overflows occurred.
DDDDDusrp_source :error: In the last 763 ms, 5 overflows occurred.
DDDDDDDDDDDDDDusrp_source :error: In the last 788 ms, 14 overflows occurred.
DDDDDDDDDDDDDDDDDusrp_source :error: In the last 752 ms, 17 overflows occurred.
DDDDDDDDDusrp_source :error: In the last 751 ms, 9 overflows occurred.
DDDDDDDDDDDDDDDDDusrp_source :error: In the last 762 ms, 17 overflows occurred.
DDDDDDDDDDDusrp_source :error: In the last 1551 ms, 11 overflows occurred.
DDDDDDDDDDDDDDDDDDDusrp_source :error: In the last 807 ms, 19 overflows occurred.
DDDDDDDDDDDDDDDDDDDDDDDDusrp_source :error: In the last 2193 ms, 24 overflows occurred.
DDDDDDDUDUDDDDDpdu len 259

new mac frame  (length 259)
=========================================
duration: 00 00
frame control: 00 08 (DATA)
Subtype: Data
seq nr: 0
address 1: 30:14:4a:e6:46:e4
address 2: 12:34:56:78:90:ab
address 3: 42:42:42:42:42:42
instantaneous fer: 0
{"type": "RequestVote", "term": 1, "sender_id": 1, "prev_log_index": 0, "prev_log_term": 0, "entries": [], "leader_commit": 0, "last_log_index": 0, "last_log_term": 0, "success": false, "vote_granted": false, "phy_state": {"snr": 0.0}}
UDUusrp_source :error: In the last 797 ms, 14 overflows occurred.
DDDDDDDDDDDDDDDDSUUS🎛️  控制服务器启动: 端口 9002
   支持命令: set_tx_gain, set_rx_gain, get_gains, ping
