WARNING:root:Found persistent state path '/home/chuzhitairan/.local/state/gnuradio', but file does not exist. Old default persistent state path '/home/chuzhitairan/.grc_gnuradio' exists; using that. Please consider moving state to new location.
MAPPER: encoding: 0
chunks_to_symbols :info: set_min_output_buffer on block 7 to 207744
fft_v_fftw :info: set_min_output_buffer on block 9 to 2077440
ofdm_cyclic_prefixer :info: set_min_output_buffer on block 11 to 2077440
ofdm_carrier_allocator_cvc :info: set_min_output_buffer on block 12 to 207744
chunks_to_symbols :info: set_min_output_buffer on block 13 to 415488
tagged_stream_mux :info: set_min_output_buffer on block 14 to 207744
[INFO] [UHD] linux; GNU C++ version 13.3.0; Boost_108300; UHD_4.1.0.0-0-45cabfde
[INFO] [ANT] Detected Device: ANTSDR
[INFO] [ANT] Initialize CODEC control...
[INFO] [ANT] Initialize Radio control...
[INFO] [ANT] Performing register loopback test... 
[INFO] [ANT] Register loopback test passed
[INFO] [ANT] Performing register loopback test... 
[INFO] [ANT] Register loopback test passed
[INFO] [ANT] Setting master clock rate selection to 'automatic'.
[INFO] [ANT] Asking for clock rate 16.000000 MHz... 
[INFO] [ANT] Actually got clock rate 16.000000 MHz.
[INFO] [ANT] Asking for clock rate 40.000000 MHz... 
[INFO] [ANT] Actually got clock rate 40.000000 MHz.
foo_packet_pad2 :info: set_min_output_buffer on block 33 to 100000
multiply_const_cc :info: set_min_output_buffer on block 35 to 100000
Dusrp_source :error: In the last 9919 ms, 1 overflows occurred.
DDDDDDDDDusrp_source :error: In the last 759 ms, 10 overflows occurred.
DDDDDDDDDDDDDDDDusrp_source :error: In the last 795 ms, 16 overflows occurred.
DDDDDDDDDDDDDDDDDDusrp_source :error: In the last 761 ms, 18 overflows occurred.
DDDDDDDDDDDDDusrp_source :error: In the last 755 ms, 13 overflows occurred.
DDDDDDDDDDDDDDDDusrp_source :error: In the last 910 ms, 16 overflows occurred.
DDDDDDDDDDDusrp_source :error: In the last 1548 ms, 11 overflows occurred.
DDDDDDDDDDDDDDDDDDusrp_source :error: In the last 821 ms, 18 overflows occurred.
DDDDDDDDDDDDDDDDDDDDDDDDDDusrp_source :error: In the last 2181 ms, 26 overflows occurred.
DDDDDDDDDDDDDDDDDDDusrp_source :error: In the last 821 ms, 19 overflows occurred.
DDDDDDDDDDDDDDDDDDDDDDDUSSUUSU🎛️  控制服务器启动: 端口 9001
   支持命令: set_tx_gain, set_rx_gain, get_gains, ping
