WARNING:root:Found persistent state path '/home/chuzhitairan/.local/state/gnuradio', but file does not exist. Old default persistent state path '/home/chuzhitairan/.grc_gnuradio' exists; using that. Please consider moving state to new location.
MAPPER: encoding: 0
chunks_to_symbols :info: set_min_output_buffer on block 7 to 207744
fft_v_fftw :info: set_min_output_buffer on block 9 to 2077440
ofdm_cyclic_prefixer :info: set_min_output_buffer on block 11 to 2077440
ofdm_carrier_allocator_cvc :info: set_min_output_buffer on block 12 to 207744
chunks_to_symbols :info: set_min_output_buffer on block 13 to 415488
tagged_stream_mux :info: set_min_output_buffer on block 14 to 207744
[INFO] [UHD] linux; GNU C++ version 13.3.0; Boost_108300; UHD_4.1.0.0-0-45cabfde
[INFO] [B200] Detected Device: B205mini
[INFO] [B200] Operating over USB 3.
[INFO] [B200] Initialize CODEC control...
[INFO] [B200] Initialize Radio control...
[INFO] [B200] Performing register loopback test... 
[INFO] [B200] Register loopback test passed
[INFO] [B200] Setting master clock rate selection to 'automatic'.
[INFO] [B200] Asking for clock rate 16.000000 MHz... 
[INFO] [B200] Actually got clock rate 16.000000 MHz.
[INFO] [B200] Asking for clock rate 40.000000 MHz... 
[INFO] [B200] Actually got clock rate 40.000000 MHz.
foo_packet_pad2 :info: set_min_output_buffer on block 33 to 100000
multiply_const_cc :info: set_min_output_buffer on block 35 to 100000
Ousrp_source :error: In the last 2483 ms, 1 overflows occurred.
pdu len 259

new mac frame  (length 259)
=========================================
duration: 00 00
frame control: 00 08 (DATA)
Subtype: Data
seq nr: 0
address 1: 30:14:4a:e6:46:e4
address 2: 12:34:56:78:90:ab
address 3: 42:42:42:42:42:42
instantaneous fer: 0
{"type": "RequestVote", "term": 1, "sender_id": 6, "prev_log_index": 0, "prev_log_term": 0, "entries": [], "leader_commit": 0, "last_log_index": 0, "last_log_term": 0, "success": false, "vote_granted": false, "phy_state": {"snr": 0.0}}
pdu len 259

new mac frame  (length 259)
=========================================
duration: 00 00
frame control: 00 08 (DATA)
Subtype: Data
seq nr: 0
address 1: 30:14:4a:e6:46:e4
address 2: 12:34:56:78:90:ab
address 3: 42:42:42:42:42:42
instantaneous fer: 0.999756
{"type": "RequestVote", "term": 3, "sender_id": 5, "prev_log_index": 0, "prev_log_term": 0, "entries": [], "leader_commit": 0, "last_log_index": 0, "last_log_term": 0, "success": false, "vote_granted": false, "phy_state": {"snr": 0.0}}
pdu len 259

new mac frame  (length 259)
=========================================
duration: 00 00
frame control: 00 08 (DATA)
Subtype: Data
seq nr: 1
address 1: 30:14:4a:e6:46:e4
address 2: 12:34:56:78:90:ab
address 3: 42:42:42:42:42:42
instantaneous fer: 0
{"type": "VoteResponse", "term": 4, "sender_id": 5, "prev_log_index": 0, "prev_log_term": 0, "entries": [], "leader_commit": 0, "last_log_index": 0, "last_log_term": 0, "success": false, "vote_granted": true, "phy_state": {"snr": 0.0}}
Ousrp_source :error: In the last 4746 ms, 1 overflows occurred.
pdu len 259

new mac frame  (length 259)
=========================================
duration: 00 00
frame control: 00 08 (DATA)
Subtype: Data
seq nr: 2
address 1: 30:14:4a:e6:46:e4
address 2: 12:34:56:78:90:ab
address 3: 42:42:42:42:42:42
instantaneous fer: 0
{"type": "VoteResponse", "term": 5, "sender_id": 5, "prev_log_index": 0, "prev_log_term": 0, "entries": [], "leader_commit": 0, "last_log_index": 0, "last_log_term": 0, "success": false, "vote_granted": true, "phy_state": {"snr": 0.0}}
usrp_source :error: In the last 1962 ms, 1 overflows occurred.
Opdu len 259

new mac frame  (length 259)
=========================================
duration: 00 00
frame control: 00 08 (DATA)
Subtype: Data
seq nr: 3
address 1: 30:14:4a:e6:46:e4
address 2: 12:34:56:78:90:ab
address 3: 42:42:42:42:42:42
instantaneous fer: 0
{"type": "VoteResponse", "term": 6, "sender_id": 5, "prev_log_index": 0, "prev_log_term": 0, "entries": [], "leader_commit": 0, "last_log_index": 0, "last_log_term": 0, "success": false, "vote_granted": true, "phy_state": {"snr": 0.0}}
Ousrp_source :error: In the last 1650 ms, 1 overflows occurred.
usrp_source :error: In the last 1765 ms, 1 overflows occurred.
Opdu len 259

new mac frame  (length 259)
=========================================
duration: 00 00
frame control: 00 08 (DATA)
Subtype: Data
seq nr: 6
address 1: 30:14:4a:e6:46:e4
address 2: 12:34:56:78:90:ab
address 3: 42:42:42:42:42:42
instantaneous fer: 0.666667
{"type": "RequestVote", "term": 9, "sender_id": 5, "prev_log_index": 0, "prev_log_term": 0, "entries": [], "leader_commit": 0, "last_log_index": 0, "last_log_term": 0, "success": false, "vote_granted": false, "phy_state": {"snr": 0.0}}
pdu len 260

new mac frame  (length 260)
=========================================
duration: 00 00
frame control: 00 08 (DATA)
Subtype: Data
seq nr: 7
address 1: 30:14:4a:e6:46:e4
address 2: 12:34:56:78:90:ab
address 3: 42:42:42:42:42:42
instantaneous fer: 0
{"type": "RequestVote", "term": 10, "sender_id": 5, "prev_log_index": 0, "prev_log_term": 0, "entries": [], "leader_commit": 0, "last_log_index": 0, "last_log_term": 0, "success": false, "vote_granted": false, "phy_state": {"snr": 0.0}}
usrp_source :error: In the last 3381 ms, 1 overflows occurred.
Ousrp_source :error: In the last 1632 ms, 1 overflows occurred.
Opdu len 260

new mac frame  (length 260)
=========================================
duration: 00 00
frame control: 00 08 (DATA)
Subtype: Data
seq nr: 9
address 1: 30:14:4a:e6:46:e4
address 2: 12:34:56:78:90:ab
address 3: 42:42:42:42:42:42
instantaneous fer: 0.5
{"type": "VoteResponse", "term": 12, "sender_id": 5, "prev_log_index": 0, "prev_log_term": 0, "entries": [], "leader_commit": 0, "last_log_index": 0, "last_log_term": 0, "success": false, "vote_granted": true, "phy_state": {"snr": 0.0}}
pdu len 260

new mac frame  (length 260)
=========================================
duration: 00 00
frame control: 00 08 (DATA)
Subtype: Data
seq nr: 10
address 1: 30:14:4a:e6:46:e4
address 2: 12:34:56:78:90:ab
address 3: 42:42:42:42:42:42
instantaneous fer: 0
{"type": "RequestVote", "term": 13, "sender_id": 5, "prev_log_index": 0, "prev_log_term": 0, "entries": [], "leader_commit": 0, "last_log_index": 0, "last_log_term": 0, "success": false, "vote_granted": false, "phy_state": {"snr": 0.0}}
pdu len 260

new mac frame  (length 260)
=========================================
duration: 00 00
frame control: 00 08 (DATA)
Subtype: Data
seq nr: 11
address 1: 30:14:4a:e6:46:e4
address 2: 12:34:56:78:90:ab
address 3: 42:42:42:42:42:42
instantaneous fer: 0
{"type": "VoteResponse", "term": 14, "sender_id": 5, "prev_log_index": 0, "prev_log_term": 0, "entries": [], "leader_commit": 0, "last_log_index": 0, "last_log_term": 0, "success": false, "vote_granted": true, "phy_state": {"snr": 0.0}}
pdu len 260

new mac frame  (length 260)
=========================================
duration: 00 00
frame control: 00 08 (DATA)
Subtype: Data
seq nr: 12
address 1: 30:14:4a:e6:46:e4
address 2: 12:34:56:78:90:ab
address 3: 42:42:42:42:42:42
instantaneous fer: 0
{"type": "VoteResponse", "term": 15, "sender_id": 5, "prev_log_index": 0, "prev_log_term": 0, "entries": [], "leader_commit": 0, "last_log_index": 0, "last_log_term": 0, "success": false, "vote_granted": true, "phy_state": {"snr": 0.0}}
pdu len 260

new mac frame  (length 260)
=========================================
duration: 00 00
frame control: 00 08 (DATA)
Subtype: Data
seq nr: 13
address 1: 30:14:4a:e6:46:e4
address 2: 12:34:56:78:90:ab
address 3: 42:42:42:42:42:42
instantaneous fer: 0
{"type": "VoteResponse", "term": 16, "sender_id": 5, "prev_log_index": 0, "prev_log_term": 0, "entries": [], "leader_commit": 0, "last_log_index": 0, "last_log_term": 0, "success": false, "vote_granted": true, "phy_state": {"snr": 0.0}}
pdu len 261

new mac frame  (length 261)
=========================================
duration: 00 00
frame control: 00 08 (DATA)
Subtype: Data
seq nr: 14
address 1: 30:14:4a:e6:46:e4
address 2: 12:34:56:78:90:ab
address 3: 42:42:42:42:42:42
instantaneous fer: 0
{"type": "VoteResponse", "term": 16, "sender_id": 5, "prev_log_index": 0, "prev_log_term": 0, "entries": [], "leader_commit": 0, "last_log_index": 0, "last_log_term": 0, "success": false, "vote_granted": false, "phy_state": {"snr": 0.0}}
pdu len 260

new mac frame  (length 260)
=========================================
duration: 00 00
frame control: 00 08 (DATA)
Subtype: Data
seq nr: 15
address 1: 30:14:4a:e6:46:e4
address 2: 12:34:56:78:90:ab
address 3: 42:42:42:42:42:42
instantaneous fer: 0
{"type": "RequestVote", "term": 17, "sender_id": 5, "prev_log_index": 0, "prev_log_term": 0, "entries": [], "leader_commit": 0, "last_log_index": 0, "last_log_term": 0, "success": false, "vote_granted": false, "phy_state": {"snr": 0.0}}
pdu len 260

new mac frame  (length 260)
=========================================
duration: 00 00
frame control: 00 08 (DATA)
Subtype: Data
seq nr: 13
address 1: 30:14:4a:e6:46:e4
address 2: 12:34:56:78:90:ab
address 3: 42:42:42:42:42:42
instantaneous fer: 0.999756
{"type": "VoteResponse", "term": 17, "sender_id": 6, "prev_log_index": 0, "prev_log_term": 0, "entries": [], "leader_commit": 0, "last_log_index": 0, "last_log_term": 0, "success": false, "vote_granted": true, "phy_state": {"snr": 0.0}}
pdu len 260

new mac frame  (length 260)
=========================================
duration: 00 00
frame control: 00 08 (DATA)
Subtype: Data
seq nr: 16
address 1: 30:14:4a:e6:46:e4
address 2: 12:34:56:78:90:ab
address 3: 42:42:42:42:42:42
instantaneous fer: 0.666667
{"type": "VoteResponse", "term": 18, "sender_id": 5, "prev_log_index": 0, "prev_log_term": 0, "entries": [], "leader_commit": 0, "last_log_index": 0, "last_log_term": 0, "success": false, "vote_granted": true, "phy_state": {"snr": 0.0}}
pdu len 260

new mac frame  (length 260)
=========================================
duration: 00 00
frame control: 00 08 (DATA)
Subtype: Data
seq nr: 15
address 1: 30:14:4a:e6:46:e4
address 2: 12:34:56:78:90:ab
address 3: 42:42:42:42:42:42
instantaneous fer: 0.999756
{"type": "RequestVote", "term": 19, "sender_id": 6, "prev_log_index": 0, "prev_log_term": 0, "entries": [], "leader_commit": 0, "last_log_index": 0, "last_log_term": 0, "success": false, "vote_granted": false, "phy_state": {"snr": 0.0}}

new mac frame  (length 260)
pdu len =========================================
260duration: 
00 00
frame control: 00 08 (DATA)
Subtype: Data
seq nr: 18
address 1: 30:14:4a:e6:46:e4
address 2: 12:34:56:78:90:ab
address 3: 42:42:42:42:42:42
instantaneous fer: 0.666667
{"type": "VoteResponse", "term": 21, "sender_id": 5, "prev_log_index": 0, "prev_log_term": 0, "entries": [], "leader_commit": 0, "last_log_index": 0, "last_log_term": 0, "success": false, "vote_granted": true, "phy_state": {"snr": 0.0}}
Ousrp_source :error: In the last 13828 ms, 1 overflows occurred.
Opdu len 260

new mac frame  (length 260)
=========================================
duration: 00 00
frame control: 00 08 (DATA)
Subtype: Data
seq nr: 20
address 1: 30:14:4a:e6:46:e4
address 2: 12:34:56:78:90:ab
address 3: 42:42:42:42:42:42
instantaneous fer: 0.5
{"type": "VoteResponse", "term": 23, "sender_id": 5, "prev_log_index": 0, "prev_log_term": 0, "entries": [], "leader_commit": 0, "last_log_index": 0, "last_log_term": 0, "success": false, "vote_granted": true, "phy_state": {"snr": 0.0}}
pdu len 260

new mac frame  (length 260)
=========================================
duration: 00 00
frame control: 00 08 (DATA)
Subtype: Data
seq nr: 21
address 1: 30:14:4a:e6:46:e4
address 2: 12:34:56:78:90:ab
address 3: 42:42:42:42:42:42
instantaneous fer: 0
{"type": "VoteResponse", "term": 24, "sender_id": 5, "prev_log_index": 0, "prev_log_term": 0, "entries": [], "leader_commit": 0, "last_log_index": 0, "last_log_term": 0, "success": false, "vote_granted": true, "phy_state": {"snr": 0.0}}
terminate reached from thread id: 7ebe2d9b96c0Got unknown exception
