WARNING:root:Found persistent state path '/home/chuzhitairan/.local/state/gnuradio', but file does not exist. Old default persistent state path '/home/chuzhitairan/.grc_gnuradio' exists; using that. Please consider moving state to new location.
MAPPER: encoding: 0
chunks_to_symbols :info: set_min_output_buffer on block 7 to 207744
fft_v_fftw :info: set_min_output_buffer on block 9 to 2077440
ofdm_cyclic_prefixer :info: set_min_output_buffer on block 11 to 2077440
ofdm_carrier_allocator_cvc :info: set_min_output_buffer on block 12 to 207744
chunks_to_symbols :info: set_min_output_buffer on block 13 to 415488
tagged_stream_mux :info: set_min_output_buffer on block 14 to 207744
[INFO] [UHD] linux; GNU C++ version 13.3.0; Boost_108300; UHD_4.1.0.0-0-45cabfde
[INFO] [ANT] Detected Device: ANTSDR
[INFO] [ANT] Initialize CODEC control...
[INFO] [ANT] Initialize Radio control...
[INFO] [ANT] Performing register loopback test... 
[INFO] [ANT] Register loopback test passed
[INFO] [ANT] Performing register loopback test... 
[INFO] [ANT] Register loopback test passed
[INFO] [ANT] Setting master clock rate selection to 'automatic'.
[INFO] [ANT] Asking for clock rate 16.000000 MHz... 
[INFO] [ANT] Actually got clock rate 16.000000 MHz.
[INFO] [ANT] Asking for clock rate 40.000000 MHz... 
[INFO] [ANT] Actually got clock rate 40.000000 MHz.
foo_packet_pad2 :info: set_min_output_buffer on block 33 to 100000
multiply_const_cc :info: set_min_output_buffer on block 35 to 100000
usrp_source :error: In the last 5751 ms, 1 overflows occurred.
Dusrp_source :error: In the last 786 ms, 1 overflows occurred.
DDDDDDusrp_source :error: In the last 788 ms, 6 overflows occurred.
Dusrp_source :error: In the last 787 ms, 1 overflows occurred.
Dusrp_source :error: In the last 817 ms, 1 overflows occurred.
DDDDDusrp_source :error: In the last 798 ms, 5 overflows occurred.
Dusrp_source :error: In the last 939 ms, 1 overflows occurred.
DDDusrp_source :error: In the last 766 ms, 3 overflows occurred.
DDDDDDDDDusrp_source :error: In the last 1217 ms, 9 overflows occurred.
DDDDDDDDDDDDDDDDDDusrp_source :error: In the last 778 ms, 18 overflows occurred.
DDDDDDUusrp_source :error: In the last 798 ms, 6 overflows occurred.
DDDpdu len 259

new mac frame  (length 259)
=========================================
duration: 00 00
frame control: 00 08 (DATA)
Subtype: Data
seq nr: 0
address 1: 30:14:4a:e6:46:e4
address 2: 12:34:56:78:90:ab
address 3: 42:42:42:42:42:42
instantaneous fer: 0
{"type": "RequestVote", "term": 1, "sender_id": 2, "prev_log_index": 0, "prev_log_term": 0, "entries": [], "leader_commit": 0, "last_log_index": 0, "last_log_term": 0, "success": false, "vote_granted": false, "phy_state": {"snr": 0.0}}
DDDDDDusrp_source :error: In the last 819 ms, 9 overflows occurred.
DDusrp_source :error: In the last 917 ms, 2 overflows occurred.
DDDUpdu len 259

new mac frame  (length 259)
=========================================
duration: 00 00
frame control: 00 08 (DATA)
Subtype: Data
seq nr: 1
address 1: 30:14:4a:e6:46:e4
address 2: 12:34:56:78:90:ab
address 3: 42:42:42:42:42:42
instantaneous fer: 0
{"type": "RequestVote", "term": 2, "sender_id": 2, "prev_log_index": 0, "prev_log_term": 0, "entries": [], "leader_commit": 0, "last_log_index": 0, "last_log_term": 0, "success": false, "vote_granted": false, "phy_state": {"snr": 0.0}}
pdu len 260

new mac frame  (length 260)
=========================================
duration: 00 00
frame control: 00 08 (DATA)
Subtype: Data
seq nr: 3
address 1: 30:14:4a:e6:46:e4
address 2: 12:34:56:78:90:ab
address 3: 42:42:42:42:42:42
instantaneous fer: 0.5
{"type": "VoteResponse", "term": 2, "sender_id": 1, "prev_log_index": 0, "prev_log_term": 0, "entries": [], "leader_commit": 0, "last_log_index": 0, "last_log_term": 0, "success": false, "vote_granted": false, "phy_state": {"snr": 0.0}}
DDDDDDusrp_source :error: In the last 789 ms, 9 overflows occurred.
DDDDusrp_source :error: In the last 785 ms, 4 overflows occurred.
DDpdu len 259

new mac frame  (length 259)
=========================================
duration: 00 00
frame control: 00 08 (DATA)
Subtype: Data
seq nr: 4
address 1: 30:14:4a:e6:46:e4
address 2: 12:34:56:78:90:ab
address 3: 42:42:42:42:42:42
instantaneous fer: 0
{"type": "RequestVote", "term": 3, "sender_id": 1, "prev_log_index": 0, "prev_log_term": 0, "entries": [], "leader_commit": 0, "last_log_index": 0, "last_log_term": 0, "success": false, "vote_granted": false, "phy_state": {"snr": 0.0}}
DD
new mac frame  (length 259)
=========================================
duration: 00 00
frame control: 00 08 (DATA)
Subtype: Data
pdu len 259seq nr: 
2
address 1: 30:14:4a:e6:46:e4
address 2: 12:34:56:78:90:ab
address 3: 42:42:42:42:42:42
instantaneous fer: 0.999756
{"type": "VoteResponse", "term": 3, "sender_id": 2, "prev_log_index": 0, "prev_log_term": 0, "entries": [], "leader_commit": 0, "last_log_index": 0, "last_log_term": 0, "success": false, "vote_granted": true, "phy_state": {"snr": 0.0}}
DDDDDDusrp_source :error: In the last 788 ms, 10 overflows occurred.
DDDDDusrp_source :error: In the last 914 ms, 5 overflows occurred.
DD
new mac frame  (length 259)
=========================================
duration: 00 00
frame control: 00 08 (DATA)
Subtype: Data
pdu len seq nr: 5259

address 1: 30:14:4a:e6:46:e4
address 2: 12:34:56:78:90:ab
address 3: 42:42:42:42:42:42
instantaneous fer: 0.666667
{"type": "RequestVote", "term": 4, "sender_id": 1, "prev_log_index": 0, "prev_log_term": 0, "entries": [], "leader_commit": 0, "last_log_index": 0, "last_log_term": 0, "success": false, "vote_granted": false, "phy_state": {"snr": 0.0}}
pdu len 259

new mac frame  (length 259)
=========================================
duration: 00 00
frame control: 00 08 (DATA)
Subtype: Data
seq nr: 3
address 1: 30:14:4a:e6:46:e4
address 2: 12:34:56:78:90:ab
address 3: 42:42:42:42:42:42
instantaneous fer: 0.999756
{"type": "VoteResponse", "term": 4, "sender_id": 2, "prev_log_index": 0, "prev_log_term": 0, "entries": [], "leader_commit": 0, "last_log_index": 0, "last_log_term": 0, "success": false, "vote_granted": true, "phy_state": {"snr": 0.0}}
DDDDDDDDDusrp_source :error: In the last 836 ms, 10 overflows occurred.
DDDDDDusrp_source :error: In the last 882 ms, 7 overflows occurred.
DDDDDDusrp_source :error: In the last 1835 ms, 6 overflows occurred.
DDDDDDDDSpdu len 259

new mac frame  (length 259)
=========================================
duration: 00 00
frame control: 00 08 (DATA)
Subtype: Data
seq nr: 5
address 1: 30:14:4a:e6:46:e4
address 2: 12:34:56:78:90:ab
address 3: 42:42:42:42:42:42
instantaneous fer: 0.5
{"type": "RequestVote", "term": 6, "sender_id": 2, "prev_log_index": 0, "prev_log_term": 0, "entries": [], "leader_commit": 0, "last_log_index": 0, "last_log_term": 0, "success": false, "vote_granted": false, "phy_state": {"snr": 0.0}}
DDDDD
new mac frame  (length 259)
=========================================
pdu len duration: 259
00 00
frame control: 00 08 (DATA)
Subtype: Data
seq nr: 7
address 1: 30:14:4a:e6:46:e4
address 2: 12:34:56:78:90:ab
address 3: 42:42:42:42:42:42
instantaneous fer: 0.5
{"type": "VoteResponse", "term": 6, "sender_id": 1, "prev_log_index": 0, "prev_log_term": 0, "entries": [], "leader_commit": 0, "last_log_index": 0, "last_log_term": 0, "success": false, "vote_granted": true, "phy_state": {"snr": 0.0}}
pdu len 260

new mac frame  (length 260)
=========================================
duration: 00 00
frame control: 00 08 (DATA)
Subtype: Data
seq nr: 6
address 1: 30:14:4a:e6:46:e4
address 2: 12:34:56:78:90:ab
address 3: 42:42:42:42:42:42
instantaneous fer: 0.999756
{"type": "VoteResponse", "term": 6, "sender_id": 2, "prev_log_index": 0, "prev_log_term": 0, "entries": [], "leader_commit": 0, "last_log_index": 0, "last_log_term": 0, "success": false, "vote_granted": false, "phy_state": {"snr": 0.0}}
usrp_source :error: In the last 812 ms, 13 overflows occurred.
DDDDDDDDDDDDDDDusrp_source :error: In the last 777 ms, 15 overflows occurred.
DDDDDDDDDDDDUUusrp_source :error: In the last 792 ms, 12 overflows occurred.
DDDDDDDDDDDDDDDDDUusrp_source :error: In the last 2526 ms, 17 overflows occurred.
DDDDDDDDDDusrp_source :error: In the last 760 ms, 10 overflows occurred.
DDpdu len 259

new mac frame  (length 259)
=========================================
duration: 00 00
frame control: 00 08 (DATA)
Subtype: Data
seq nr: 10
address 1: 30:14:4a:e6:46:e4
address 2: 12:34:56:78:90:ab
address 3: 42:42:42:42:42:42
instantaneous fer: 0.75
{"type": "VoteResponse", "term": 9, "sender_id": 1, "prev_log_index": 0, "prev_log_term": 0, "entries": [], "leader_commit": 0, "last_log_index": 0, "last_log_term": 0, "success": false, "vote_granted": true, "phy_state": {"snr": 0.0}}

new mac frame  (length 259)
=========================================
duration: 00 00
frame control: 00 08 (DATA)
Subtype: Data
seq nr: 9
address 1: 30:14:4a:e6:46:e4
address 2: 12:34:56:78:90:ab
address 3: 42:42:42:42:42:42
instantaneous fer: 0.999756
{"type": "VoteResponse", "term": 9, "sender_id": 2, "prev_log_index": 0, "prev_log_term": 0, "entries": [], "leader_commit": 0, "last_log_index": 0, "last_log_term": 0, "success": false, "vote_granted": true, "phy_state": {"snr": 0.0}}
pdu len 259
DDDDDDusrp_source :error: In the last 933 ms, 7 overflows occurred.
Dusrp_source :error: In the last 771 ms, 2 overflows occurred.
DDpdu len 260

new mac frame  (length 260)
=========================================
duration: 00 00
frame control: 00 08 (DATA)
Subtype: Data
seq nr: 10
address 1: 30:14:4a:e6:46:e4
address 2: 12:34:56:78:90:ab
address 3: 42:42:42:42:42:42
instantaneous fer: 0
{"type": "RequestVote", "term": 10, "sender_id": 2, "prev_log_index": 0, "prev_log_term": 0, "entries": [], "leader_commit": 0, "last_log_index": 0, "last_log_term": 0, "success": false, "vote_granted": false, "phy_state": {"snr": 0.0}}

new mac frame  (length pdu len 260)
=========================================
duration: 00 00
frame control: 00 08 (DATA)
Subtype: Data
seq nr: 11
address 1: 30:14:4a:e6:46:e4
address 2: 12:34:56:78:90:ab
address 3: 42:42:42:42:42:42
instantaneous fer: 0
{"type": "VoteResponse", "term": 10, "sender_id": 1, "prev_log_index": 0, "prev_log_term": 0, "entries": [], "leader_commit": 0, "last_log_index": 0, "last_log_term": 0, "success": false, "vote_granted": true, "phy_state": {"snr": 0.0}}
260
DDDDDDusrp_source :error: In the last 794 ms, 7 overflows occurred.
DDDDDDDDusrp_source :error: In the last 832 ms, 8 overflows occurred.
Dpdu len 260

new mac frame  (length 260)
=========================================
duration: 00 00
frame control: 00 08 (DATA)
Subtype: Data
seq nr: 11
address 1: 30:14:4a:e6:46:e4
address 2: 12:34:56:78:90:ab
address 3: 42:42:42:42:42:42
instantaneous fer: 0.999756
{"type": "RequestVote", "term": 11, "sender_id": 2, "prev_log_index": 0, "prev_log_term": 0, "entries": [], "leader_commit": 0, "last_log_index": 0, "last_log_term": 0, "success": false, "vote_granted": false, "phy_state": {"snr": 0.0}}
pdu len 260

new mac frame  (length 260)
=========================================
duration: 00 00
frame control: 00 08 (DATA)
Subtype: Data
seq nr: 12
address 1: 30:14:4a:e6:46:e4
address 2: 12:34:56:78:90:ab
address 3: 42:42:42:42:42:42
instantaneous fer: 0
{"type": "VoteResponse", "term": 11, "sender_id": 1, "prev_log_index": 0, "prev_log_term": 0, "entries": [], "leader_commit": 0, "last_log_index": 0, "last_log_term": 0, "success": false, "vote_granted": true, "phy_state": {"snr": 0.0}}
DDDDDDDDDusrp_source :error: In the last 760 ms, 11 overflows occurred.
DDDDDDusrp_source :error: In the last 911 ms, 6 overflows occurred.
Dpdu len 260

new mac frame  (length 260)
=========================================
duration: 00 00
frame control: 00 08 (DATA)
Subtype: Data
seq nr: 12
address 1: 30:14:4a:e6:46:e4
address 2: 12:34:56:78:90:ab
address 3: 42:42:42:42:42:42
instantaneous fer: 0.999756
{"type": "RequestVote", "term": 12, "sender_id": 2, "prev_log_index": 0, "prev_log_term": 0, "entries": [], "leader_commit": 0, "last_log_index": 0, "last_log_term": 0, "success": false, "vote_granted": false, "phy_state": {"snr": 0.0}}
DDDDDDDDDDDusrp_source :error: In the last 799 ms, 12 overflows occurred.
DDDDDDusrp_source :error: In the last 785 ms, 5 overflows occurred.
Dpdu len 260

new mac frame  (length 260)
=========================================
duration: 00 00
frame control: 00 08 (DATA)
Subtype: Data
seq nr: 13
address 1: 30:14:4a:e6:46:e4
address 2: 12:34:56:78:90:ab
address 3: 42:42:42:42:42:42
instantaneous fer: 0
{"type": "RequestVote", "term": 13, "sender_id": 2, "prev_log_index": 0, "prev_log_term": 0, "entries": [], "leader_commit": 0, "last_log_index": 0, "last_log_term": 0, "success": false, "vote_granted": false, "phy_state": {"snr": 0.0}}
pdu len 260

new mac frame  (length 260)
=========================================
duration: 00 00
frame control: 00 08 (DATA)
Subtype: Data
seq nr: 14
address 1: 30:14:4a:e6:46:e4
address 2: 12:34:56:78:90:ab
address 3: 42:42:42:42:42:42
instantaneous fer: 0
{"type": "VoteResponse", "term": 13, "sender_id": 1, "prev_log_index": 0, "prev_log_term": 0, "entries": [], "leader_commit": 0, "last_log_index": 0, "last_log_term": 0, "success": false, "vote_granted": true, "phy_state": {"snr": 0.0}}
DDDDDDDusrp_source :error: In the last 797 ms, 9 overflows occurred.
DDDDDDusrp_source :error: In the last 784 ms, 6 overflows occurred.
DDD
new mac frame  (length 260)
=========================================
duration: 00 00
frame control: 00 08 (DATA)
Subtype: Data
seq nr: 14
pdu len 260
address 1: 30:14:4a:e6:46:e4
address 2: 12:34:56:78:90:ab
address 3: 42:42:42:42:42:42
instantaneous fer: 0.999756
{"type": "RequestVote", "term": 14, "sender_id": 2, "prev_log_index": 0, "prev_log_term": 0, "entries": [], "leader_commit": 0, "last_log_index": 0, "last_log_term": 0, "success": false, "vote_granted": false, "phy_state": {"snr": 0.0}}
DDpdu len 260

new mac frame  (length 260)
=========================================
duration: 00 00
frame control: 00 08 (DATA)
Subtype: Data
seq nr: 15
address 1: 30:14:4a:e6:46:e4
address 2: 12:34:56:78:90:ab
address 3: 42:42:42:42:42:42
instantaneous fer: 0
{"type": "VoteResponse", "term": 14, "sender_id": 1, "prev_log_index": 0, "prev_log_term": 0, "entries": [], "leader_commit": 0, "last_log_index": 0, "last_log_term": 0, "success": false, "vote_granted": true, "phy_state": {"snr": 0.0}}
DDDDusrp_source :error: In the last 790 ms, 9 overflows occurred.
DDDDDDDusrp_source :error: In the last 795 ms, 7 overflows occurred.
DDDDDDDDusrp_source :error: In the last 918 ms, 8 overflows occurred.
DDDDDDDDDDDDusrp_source :error: In the last 785 ms, 12 overflows occurred.
DDpdu len 260

new mac frame  (length 260)
=========================================
duration: 00 00
frame control: 00 08 (DATA)
Subtype: Data
seq nr: 17
address 1: 30:14:4a:e6:46:e4
address 2: 12:34:56:78:90:ab
address 3: 42:42:42:42:42:42
instantaneous fer: 0.5
{"type": "RequestVote", "term": 16, "sender_id": 2, "prev_log_index": 0, "prev_log_term": 0, "entries": [], "leader_commit": 0, "last_log_index": 0, "last_log_term": 0, "success": false, "vote_granted": false, "phy_state": {"snr": 0.0}}
UDDpdu len 260

new mac frame  (length 260)
=========================================
duration: 00 00
frame control: 00 08 (DATA)
Subtype: Data
seq nr: 18
address 1: 30:14:4a:e6:46:e4
address 2: 12:34:56:78:90:ab
address 3: 42:42:42:42:42:42
instantaneous fer: 0
{"type": "VoteResponse", "term": 16, "sender_id": 1, "prev_log_index": 0, "prev_log_term": 0, "entries": [], "leader_commit": 0, "last_log_index": 0, "last_log_term": 0, "success": false, "vote_granted": true, "phy_state": {"snr": 0.0}}
DDDDDDusrp_source :error: In the last 801 ms, 10 overflows occurred.
DDDDDDDDDDDDDDDDDDDDDDusrp_source :error: In the last 927 ms, 22 overflows occurred.
DDDDDDDDDDDD
new mac frame  (length 260)
=========================================
duration: 00 00
frame control: 00 08 (DATA)
Subtype: Data
seq nr: 18
address 1: 30:14:4a:e6:46:e4
address 2: 12:34:56:78:90:ab
address 3: 42:42:42:42:42:42
instantaneous fer: 0.999756
{"type": "RequestVote", "term": 17, "sender_id": 2, "prev_log_index": 0, "prev_log_term": 0, "entries": [], "leader_commit": 0, "last_log_index": 0, "last_log_term": 0, "success": false, "vote_granted": false, "phy_state": {"snr": 0.0}}
pdu len 260
Dpdu len 260

new mac frame  (length 260)
=========================================
duration: 00 00
frame control: 00 08 (DATA)
Subtype: Data
seq nr: 19
address 1: 30:14:4a:e6:46:e4
address 2: 12:34:56:78:90:ab
address 3: 42:42:42:42:42:42
instantaneous fer: 0
{"type": "VoteResponse", "term": 17, "sender_id": 1, "prev_log_index": 0, "prev_log_term": 0, "entries": [], "leader_commit": 0, "last_log_index": 0, "last_log_term": 0, "success": false, "vote_granted": true, "phy_state": {"snr": 0.0}}
DDDDDusrp_source :error: In the last 969 ms, 18 overflows occurred.
DDDDDDDDDDDusrp_source :error: In the last 757 ms, 11 overflows occurred.
DDpdu len 260

new mac frame  (length 260)
=========================================
duration: 00 00
frame control: 00 08 (DATA)
Subtype: Data
seq nr: 19
address 1: 30:14:4a:e6:46:e4
address 2: 12:34:56:78:90:ab
address 3: 42:42:42:42:42:42
instantaneous fer: 0.999756
{"type": "RequestVote", "term": 18, "sender_id": 2, "prev_log_index": 0, "prev_log_term": 0, "entries": [], "leader_commit": 0, "last_log_index": 0, "last_log_term": 0, "success": false, "vote_granted": false, "phy_state": {"snr": 0.0}}
DDDDDDpdu len 260

new mac frame  (length 260)
=========================================
duration: 00 00
frame control: 00 08 (DATA)
Subtype: Data
seq nr: 20
address 1: 30:14:4a:e6:46:e4
address 2: 12:34:56:78:90:ab
address 3: 42:42:42:42:42:42
instantaneous fer: 0
{"type": "RequestVote", "term": 19, "sender_id": 1, "prev_log_index": 0, "prev_log_term": 0, "entries": [], "leader_commit": 0, "last_log_index": 0, "last_log_term": 0, "success": false, "vote_granted": false, "phy_state": {"snr": 0.0}}
DDusrp_source :error: In the last 905 ms, 10 overflows occurred.
Dusrp_source :error: In the last 1107 ms, 1 overflows occurred.
DDDDDDDpdu len 260

new mac frame  (length 260)
=========================================
duration: 00 00
frame control: 00 08 (DATA)
Subtype: Data
seq nr: 21
address 1: 30:14:4a:e6:46:e4
address 2: 12:34:56:78:90:ab
address 3: 42:42:42:42:42:42
instantaneous fer: 0
{"type": "RequestVote", "term": 20, "sender_id": 2, "prev_log_index": 0, "prev_log_term": 0, "entries": [], "leader_commit": 0, "last_log_index": 0, "last_log_term": 0, "success": false, "vote_granted": false, "phy_state": {"snr": 0.0}}
Uusrp_source :error: In the last 785 ms, 7 overflows occurred.
DDDDDusrp_source :error: In the last 913 ms, 5 overflows occurred.
DDDDDD
new mac frame  (length 260)
=========================================
duration: 00 00
frame control: 00 08 (DATA)
Subtype: Data
seq nr: 22
address 1: 30:14:4a:e6:46:e4
address 2: 12:34:56:78:90:ab
address 3: 42:42:42:42:42:42
instantaneous fer: 0
{"type": "RequestVote", "term": 21, "sender_id": 1, "prev_log_index": 0, "prev_log_term": 0, "entries": [], "leader_commit": 0, "last_log_index": 0, "last_log_term": 0, "success": false, "vote_granted": false, "phy_state": {"snr": 0.0}}
pdu len 260
Dpdu len 260

new mac frame  (length 260)
=========================================
duration: 00 00
frame control: 00 08 (DATA)
Subtype: Data
seq nr: 22
address 1: 30:14:4a:e6:46:e4
address 2: 12:34:56:78:90:ab
address 3: 42:42:42:42:42:42
instantaneous fer: 0.999756
{"type": "VoteResponse", "term": 21, "sender_id": 2, "prev_log_index": 0, "prev_log_term": 0, "entries": [], "leader_commit": 0, "last_log_index": 0, "last_log_term": 0, "success": false, "vote_granted": true, "phy_state": {"snr": 0.0}}
DDDusrp_source :error: In the last 786 ms, 10 overflows occurred.
DDDDDDDDusrp_source :error: In the last 1120 ms, 8 overflows occurred.
DDDDDDDDDDDDDDpdu len 260

new mac frame  (length 260)
=========================================
duration: 00 00
frame control: 00 08 (DATA)
Subtype: Data
seq nr: 23
address 1: 30:14:4a:e6:46:e4
address 2: 12:34:56:78:90:ab
address 3: 42:42:42:42:42:42
instantaneous fer: 0
{"type": "VoteResponse", "term": 22, "sender_id": 1, "prev_log_index": 0, "prev_log_term": 0, "entries": [], "leader_commit": 0, "last_log_index": 0, "last_log_term": 0, "success": false, "vote_granted": true, "phy_state": {"snr": 0.0}}
DDDpdu len 260

new mac frame  (length 260)
=========================================
duration: 00 00
frame control: 00 08 (DATA)
Subtype: Data
seq nr: 24
address 1: 30:14:4a:e6:46:e4
address 2: 12:34:56:78:90:ab
address 3: 42:42:42:42:42:42
instantaneous fer: 0
{"type": "VoteResponse", "term": 23, "sender_id": 1, "prev_log_index": 0, "prev_log_term": 0, "entries": [], "leader_commit": 0, "last_log_index": 0, "last_log_term": 0, "success": false, "vote_granted": true, "phy_state": {"snr": 0.0}}
usrp_source :error: In the last 788 ms, 17 overflows occurred.
DDDDDDDDDDusrp_source :error: In the last 787 ms, 10 overflows occurred.
DDDDDDpdu len 260

new mac frame  (length 260)
=========================================
duration: 00 00
frame control: 00 08 (DATA)
Subtype: Data
seq nr: 25
address 1: 30:14:4a:e6:46:e4
address 2: 12:34:56:78:90:ab
address 3: 42:42:42:42:42:42
instantaneous fer: 0
{"type": "VoteResponse", "term": 24, "sender_id": 1, "prev_log_index": 0, "prev_log_term": 0, "entries": [], "leader_commit": 0, "last_log_index": 0, "last_log_term": 0, "success": false, "vote_granted": true, "phy_state": {"snr": 0.0}}
DDDUusrp_source :error: In the last 2203 ms, 9 overflows occurred.
Dpdu len 260

new mac frame  (length 260)
=========================================
duration: 00 00
frame control: 00 08 (DATA)
Subtype: Data
seq nr: 26
address 1: 30:14:4a:e6:46:e4
address 2: 12:34:56:78:90:ab
address 3: 42:42:42:42:42:42
instantaneous fer: 0
{"type": "RequestVote", "term": 25, "sender_id": 1, "prev_log_index": 0, "prev_log_term": 0, "entries": [], "leader_commit": 0, "last_log_index": 0, "last_log_term": 0, "success": false, "vote_granted": false, "phy_state": {"snr": 0.0}}

new mac frame  (length 261)
=========================================
duration: 00 00
frame control: 00 08 (DATA)
Subtype: Data
seq nr: 26
address 1: 30:14:4a:e6:46:e4
address 2: 12:34:56:78:90:ab
address 3: 42:42:42:42:42:42
instantaneous fer: 0.999756
{"type": "VoteResponse", "term": 25, "sender_id": 2, "prev_log_index": 0, "prev_log_term": 0, "entries": [], "leader_commit": 0, "last_log_index": 0, "last_log_term": 0, "success": false, "vote_granted": false, "phy_state": {"snr": 0.0}}
pdu len 261
DDDDDpdu len 260

new mac frame  (length 260)
=========================================
duration: 00 00
frame control: 00 08 (DATA)
Subtype: Data
seq nr: 27
address 1: 30:14:4a:e6:46:e4
address 2: 12:34:56:78:90:ab
address 3: 42:42:42:42:42:42
instantaneous fer: 0
{"type": "VoteResponse", "term": 26, "sender_id": 1, "prev_log_index": 0, "prev_log_term": 0, "entries": [], "leader_commit": 0, "last_log_index": 0, "last_log_term": 0, "success": false, "vote_granted": true, "phy_state": {"snr": 0.0}}
DDDDDusrp_source :error: In the last 773 ms, 11 overflows occurred.
DDDDDDDDDDDDusrp_source :error: In the last 919 ms, 12 overflows occurred.
DDDUUDDDDD
new mac frame  (length 260)
=========================================
duration: 00 00
frame control: 00 08 (DATA)
Subtype: Data
seq nr: 28
address 1: 30:14:4a:e6:46:e4
address 2: 12:34:56:78:90:ab
address 3: 42:42:42:42:42:42
instantaneous fer: 0
{"type": "RequestVote", "term": 27, "sender_id": 1, "prev_log_index": 0, "prev_log_term": 0, "entries": [], "leader_commit": 0, "last_log_index": 0, "last_log_term": 0, "success": false, "vote_granted": false, "phy_state": {"snr": 0.0}}
pdu len 260

new mac frame  (length 260)
=========================================
duration: 00 00
frame control: 00 08 (DATA)
Subtype: Data
seq nr: 28
pdu len 260
address 1: 30:14:4a:e6:46:e4
address 2: 12:34:56:78:90:ab
address 3: 42:42:42:42:42:42
instantaneous fer: 0.999756
{"type": "VoteResponse", "term": 27, "sender_id": 2, "prev_log_index": 0, "prev_log_term": 0, "entries": [], "leader_commit": 0, "last_log_index": 0, "last_log_term": 0, "success": false, "vote_granted": true, "phy_state": {"snr": 0.0}}
Dpdu len 261

new mac frame  (length 261)
=========================================
duration: 00 00
frame control: 00 08 (DATA)
Subtype: Data
seq nr: 29
address 1: 30:14:4a:e6:46:e4
address 2: 12:34:56:78:90:ab
address 3: 42:42:42:42:42:42
instantaneous fer: 0
{"type": "VoteResponse", "term": 27, "sender_id": 1, "prev_log_index": 0, "prev_log_term": 0, "entries": [], "leader_commit": 0, "last_log_index": 0, "last_log_term": 0, "success": false, "vote_granted": false, "phy_state": {"snr": 0.0}}
DDpdu len 261

new mac frame  (length 261)
=========================================
duration: 00 00
frame control: 00 08 (DATA)
Subtype: Data
seq nr: 29
address 1: 30:14:4a:e6:46:e4
address 2: 12:34:56:78:90:ab
address 3: 42:42:42:42:42:42
instantaneous fer: 0.999756
{"type": "VoteResponse", "term": 27, "sender_id": 2, "prev_log_index": 0, "prev_log_term": 0, "entries": [], "leader_commit": 0, "last_log_index": 0, "last_log_term": 0, "success": false, "vote_granted": false, "phy_state": {"snr": 0.0}}
DDDDDusrp_source :error: In the last 865 ms, 15 overflows occurred.
DUusrp_source :error: In the last 1558 ms, 2 overflows occurred.
DDDDDDDDDDusrp_source :error: In the last 785 ms, 10 overflows occurred.
DDDDDDDDDDDDDUusrp_source :error: In the last 786 ms, 13 overflows occurred.
DDusrp_source :error: In the last 795 ms, 2 overflows occurred.
DDusrp_source :error: In the last 788 ms, 2 overflows occurred.
DDDUUDDDDDDDpdu len 260

new mac frame  (length 260)
=========================================
duration: 00 00
frame control: 00 08 (DATA)
Subtype: Data
seq nr: 32
address 1: 30:14:4a:e6:46:e4
address 2: 12:34:56:78:90:ab
address 3: 42:42:42:42:42:42
instantaneous fer: 0.666667
{"type": "VoteResponse", "term": 30, "sender_id": 2, "prev_log_index": 0, "prev_log_term": 0, "entries": [], "leader_commit": 0, "last_log_index": 0, "last_log_term": 0, "success": false, "vote_granted": true, "phy_state": {"snr": 0.0}}
DDDDDDDDusrp_source :error: In the last 923 ms, 18 overflows occurred.
DDDDDDDusrp_source :error: In the last 799 ms, 6 overflows occurred.
DDDDDD
new mac frame  (length 260)
=========================================
duration: 00 00
pdu len frame control: 00 08 (DATA)
Subtype: Data
seq nr: 33
address 1: 30:14:4a:e6:46:e4
address 2: 12:34:56:78:90:ab
address 3: 42:42:42:42:42:42
instantaneous fer: 0
{"type": "VoteResponse", "term": 31, "sender_id": 1, "prev_log_index": 0, "prev_log_term": 0, "entries": [], "leader_commit": 0, "last_log_index": 0, "last_log_term": 0, "success": false, "vote_granted": true, "phy_state": {"snr": 0.0}}
260
DDDDDDDDusrp_source :error: In the last 791 ms, 15 overflows occurred.
DDDDDusrp_source :error: In the last 791 ms, 5 overflows occurred.
DDDSDDDpdu len 260

new mac frame  (length 260)
=========================================
duration: 00 00
frame control: 00 08 (DATA)
Subtype: Data
seq nr: 34
address 1: 30:14:4a:e6:46:e4
address 2: 12:34:56:78:90:ab
address 3: 42:42:42:42:42:42
instantaneous fer: 0
{"type": "RequestVote", "term": 32, "sender_id": 2, "prev_log_index": 0, "prev_log_term": 0, "entries": [], "leader_commit": 0, "last_log_index": 0, "last_log_term": 0, "success": false, "vote_granted": false, "phy_state": {"snr": 0.0}}
DDDusrp_source :error: In the last 782 ms, 9 overflows occurred.
DDDDDDDDDDDDDDDDDDusrp_source :error: In the last 800 ms, 18 overflows occurred.
DDDpdu len 260

new mac frame  (length 260)
=========================================
duration: 00 00
frame control: 00 08 (DATA)
Subtype: Data
seq nr: 35
address 1: 30:14:4a:e6:46:e4
address 2: 12:34:56:78:90:ab
address 3: 42:42:42:42:42:42
instantaneous fer: 0
{"type": "RequestVote", "term": 33, "sender_id": 2, "prev_log_index": 0, "prev_log_term": 0, "entries": [], "leader_commit": 0, "last_log_index": 0, "last_log_term": 0, "success": false, "vote_granted": false, "phy_state": {"snr": 0.0}}
Dpdu len 
new mac frame  (length 260)
260=========================================
duration: 00 00
frame control: 00 08 (DATA)
Subtype: Data
seq nr: 36

address 1: 30:14:4a:e6:46:e4
address 2: 12:34:56:78:90:ab
address 3: 42:42:42:42:42:42
instantaneous fer: 0
{"type": "VoteResponse", "term": 33, "sender_id": 1, "prev_log_index": 0, "prev_log_term": 0, "entries": [], "leader_commit": 0, "last_log_index": 0, "last_log_term": 0, "success": false, "vote_granted": true, "phy_state": {"snr": 0.0}}
Dusrp_source :error: In the last 785 ms, 5 overflows occurred.
Dusrp_source :error: In the last 1088 ms, 1 overflows occurred.
DDpdu len 260

new mac frame  (length 260)
=========================================
duration: 00 00
frame control: 00 08 (DATA)
Subtype: Data
seq nr: 36
address 1: 30:14:4a:e6:46:e4
address 2: 12:34:56:78:90:ab
address 3: 42:42:42:42:42:42
instantaneous fer: 0.999756
{"type": "RequestVote", "term": 34, "sender_id": 2, "prev_log_index": 0, "prev_log_term": 0, "entries": [], "leader_commit": 0, "last_log_index": 0, "last_log_term": 0, "success": false, "vote_granted": false, "phy_state": {"snr": 0.0}}
UDpdu len 260

new mac frame  (length 260)
=========================================
duration: 00 00
frame control: 00 08 (DATA)
Subtype: Data
seq nr: 37
address 1: 30:14:4a:e6:46:e4
address 2: 12:34:56:78:90:ab
address 3: 42:42:42:42:42:42
instantaneous fer: 0
{"type": "VoteResponse", "term": 34, "sender_id": 1, "prev_log_index": 0, "prev_log_term": 0, "entries": [], "leader_commit": 0, "last_log_index": 0, "last_log_term": 0, "success": false, "vote_granted": true, "phy_state": {"snr": 0.0}}
DDpdu len 261

new mac frame  (length 261)
=========================================
duration: 00 00
frame control: 00 08 (DATA)
Subtype: Data
seq nr: 37
address 1: 30:14:4a:e6:46:e4
address 2: 12:34:56:78:90:ab
address 3: 42:42:42:42:42:42
instantaneous fer: 0.999756
{"type": "VoteResponse", "term": 34, "sender_id": 2, "prev_log_index": 0, "prev_log_term": 0, "entries": [], "leader_commit": 0, "last_log_index": 0, "last_log_term": 0, "success": false, "vote_granted": false, "phy_state": {"snr": 0.0}}
usrp_source :error: In the last 892 ms, 5 overflows occurred.
DDpdu len 260

new mac frame  (length 260)
=========================================
duration: 00 00
frame control: 00 08 (DATA)
Subtype: Data
seq nr: 38
address 1: 30:14:4a:e6:46:e4
address 2: 12:34:56:78:90:ab
address 3: 42:42:42:42:42:42
instantaneous fer: 0
{"type": "RequestVote", "term": 35, "sender_id": 2, "prev_log_index": 0, "prev_log_term": 0, "entries": [], "leader_commit": 0, "last_log_index": 0, "last_log_term": 0, "success": false, "vote_granted": false, "phy_state": {"snr": 0.0}}
Updu len 260

new mac frame  (length 260)
=========================================
duration: 00 00
frame control: 00 08 (DATA)
Subtype: Data
seq nr: 39
address 1: 30:14:4a:e6:46:e4
address 2: 12:34:56:78:90:ab
address 3: 42:42:42:42:42:42
instantaneous fer: 0
{"type": "VoteResponse", "term": 35, "sender_id": 1, "prev_log_index": 0, "prev_log_term": 0, "entries": [], "leader_commit": 0, "last_log_index": 0, "last_log_term": 0, "success": false, "vote_granted": true, "phy_state": {"snr": 0.0}}
usrp_source :error: In the last 1562 ms, 2 overflows occurred.
DDDDDDDusrp_source :error: In the last 757 ms, 7 overflows occurred.
DDDDDDDDD
new mac frame  (length 260)
=========================================
duration: 00 00
frame control: 00 08 (DATA)
Subtype: Data
seq nr: 39
address 1: 30:14:4a:e6:46:e4
address 2: 12:34:56:78:90:ab
address 3: 42:42:42:42:42:42
instantaneous fer: 0.999756pdu len 
260{"type": "RequestVote", "term": 36, "sender_id": 2, "prev_log_index": 0, "prev_log_term": 0, "entries": [], "leader_commit": 0, "last_log_index": 0, "last_log_term": 0, "success": false, "vote_granted": 
false, "phy_state": {"snr": 0.0}}
Dusrp_source :error: In the last 821 ms, 9 overflows occurred.
DDDDDDDDDDDusrp_source :error: In the last 1977 ms, 12 overflows occurred.
DDDDDDDDDDDDDDDDDDDDusrp_source :error: In the last 776 ms, 20 overflows occurred.
DDpdu len 
new mac frame  (length 260)
=========================================
duration: 00 00
frame control: 00 08 (DATA)
Subtype: Data
seq nr: 42
address 1: 30:14:4a:e6:46:e4
address 2: 12:34:56:78:90:ab
address 3: 42:42:42:42:42:42
260instantaneous fer: 
0.666667
{"type": "RequestVote", "term": 38, "sender_id": 1, "prev_log_index": 0, "prev_log_term": 0, "entries": [], "leader_commit": 0, "last_log_index": 0, "last_log_term": 0, "success": false, "vote_granted": false, "phy_state": {"snr": 0.0}}
SDusrp_source :error: In the last 2360 ms, 3 overflows occurred.
Dpdu len 260

new mac frame  (length 260)
=========================================
duration: 00 00
frame control: 00 08 (DATA)
Subtype: Data
seq nr: 43
address 1: 30:14:4a:e6:46:e4
address 2: 12:34:56:78:90:ab
address 3: 42:42:42:42:42:42
instantaneous fer: 0
{"type": "VoteResponse", "term": 39, "sender_id": 1, "prev_log_index": 0, "prev_log_term": 0, "entries": [], "leader_commit": 0, "last_log_index": 0, "last_log_term": 0, "success": false, "vote_granted": true, "phy_state": {"snr": 0.0}}
pdu len 261

new mac frame  (length 261)
=========================================
duration: 00 00
frame control: 00 08 (DATA)
Subtype: Data
seq nr: 42
address 1: 30:14:4a:e6:46:e4
address 2: 12:34:56:78:90:ab
address 3: 42:42:42:42:42:42
instantaneous fer: 0.999756
{"type": "VoteResponse", "term": 39, "sender_id": 2, "prev_log_index": 0, "prev_log_term": 0, "entries": [], "leader_commit": 0, "last_log_index": 0, "last_log_term": 0, "success": false, "vote_granted": false, "phy_state": {"snr": 0.0}}
DDDDDDDDDDpdu len 260

new mac frame  (length 260)
=========================================
duration: 00 00
frame control: 00 08 (DATA)
Subtype: Data
seq nr: 44
address 1: 30:14:4a:e6:46:e4
address 2: 12:34:56:78:90:ab
address 3: 42:42:42:42:42:42
instantaneous fer: 0.5
{"type": "VoteResponse", "term": 40, "sender_id": 1, "prev_log_index": 0, "prev_log_term": 0, "entries": [], "leader_commit": 0, "last_log_index": 0, "last_log_term": 0, "success": false, "vote_granted": true, "phy_state": {"snr": 0.0}}
usrp_source :error: In the last 805 ms, 11 overflows occurred.
DDDDDDDDDDDDDDusrp_source :error: In the last 789 ms, 14 overflows occurred.
DDDpdu len 260

new mac frame  (length 260)
=========================================
duration: 00 00
frame control: 00 08 (DATA)
Subtype: Data
seq nr: 45
address 1: 30:14:4a:e6:46:e4
address 2: 12:34:56:78:90:ab
address 3: 42:42:42:42:42:42
instantaneous fer: 0
{"type": "VoteResponse", "term": 41, "sender_id": 1, "prev_log_index": 0, "prev_log_term": 0, "entries": [], "leader_commit": 0, "last_log_index": 0, "last_log_term": 0, "success": false, "vote_granted": true, "phy_state": {"snr": 0.0}}
DDDDDDDDDusrp_source :error: In the last 788 ms, 12 overflows occurred.
DDusrp_source :error: In the last 917 ms, 2 overflows occurred.
DDDUpdu len 260

new mac frame  (length 260)
=========================================
duration: 00 00
frame control: 00 08 (DATA)
Subtype: Data
seq nr: 46
address 1: 30:14:4a:e6:46:e4
address 2: 12:34:56:78:90:ab
address 3: 42:42:42:42:42:42
instantaneous fer: 0
{"type": "VoteResponse", "term": 42, "sender_id": 1, "prev_log_index": 0, "prev_log_term": 0, "entries": [], "leader_commit": 0, "last_log_index": 0, "last_log_term": 0, "success": false, "vote_granted": true, "phy_state": {"snr": 0.0}}
DDDDDDDDDDDusrp_source :error: In the last 1110 ms, 14 overflows occurred.
DDusrp_source :error: In the last 795 ms, 2 overflows occurred.
Dpdu len 260

new mac frame  (length 260)
=========================================
duration: 00 00
frame control: 00 08 (DATA)
Subtype: Data
seq nr: 46
address 1: 30:14:4a:e6:46:e4
address 2: 12:34:56:78:90:ab
address 3: 42:42:42:42:42:42
instantaneous fer: 0.999756
{"type": "RequestVote", "term": 43, "sender_id": 2, "prev_log_index": 0, "prev_log_term": 0, "entries": [], "leader_commit": 0, "last_log_index": 0, "last_log_term": 0, "success": false, "vote_granted": false, "phy_state": {"snr": 0.0}}
Dpdu len 260

new mac frame  (length 260)
=========================================
duration: 00 00
frame control: 00 08 (DATA)
Subtype: Data
seq nr: 47
address 1: 30:14:4a:e6:46:e4
address 2: 12:34:56:78:90:ab
address 3: 42:42:42:42:42:42
instantaneous fer: 0
{"type": "VoteResponse", "term": 43, "sender_id": 1, "prev_log_index": 0, "prev_log_term": 0, "entries": [], "leader_commit": 0, "last_log_index": 0, "last_log_term": 0, "success": false, "vote_granted": true, "phy_state": {"snr": 0.0}}
DDDDDDDDDDDDDDDDDusrp_source :error: In the last 782 ms, 19 overflows occurred.
DDDDDDDDDDDusrp_source :error: In the last 785 ms, 11 overflows occurred.
DD
new mac frame  (length 260)
=========================================
duration: 00 00
frame control: 00 08 (DATA)
Subtype: Data
seq nr: 48
address 1: 30:14:4a:e6:46:e4
address 2: 12:34:56:78:90:ab
address 3: 42:42:42:42:42:42
instantaneous fer: 0
{"type": "RequestVote", "term": 44, "sender_id": 1, "prev_log_index": 0, "prev_log_term": 0, "entries": [], "leader_commit": 0, "last_log_index": 0, "last_log_term": 0, "success": false, "vote_granted": false, "phy_state": {"snr": 0.0}}
pdu len 260
DDDDDDDDDDDUusrp_source :error: In the last 2143 ms, 13 overflows occurred.
DDusrp_source :error: In the last 770 ms, 2 overflows occurred.
DDDDDDDDDusrp_source :error: In the last 893 ms, 9 overflows occurred.
DDusrp_source :error: In the last 783 ms, 2 overflows occurred.
DDDDDDDDusrp_source :error: In the last 822 ms, 8 overflows occurred.
D
new mac frame  (length 260)
=========================================
duration: 00 00
frame control: 00 08 (DATA)
Subtype: Data
seq nr: 51
address 1: 30:14:4a:e6:46:e4
address 2: 12:34:56:78:90:ab
address 3: 42:42:42:42:42:42
instantaneous fer: 0.666667
{"type": "RequestVote", "term": 47, "sender_id": 1, "prev_log_index": 0, "prev_log_term": 0, "entries": [], "leader_commit": 0, "last_log_index": 0, "last_log_term": 0, "success": false, "vote_granted": false, "phy_state": {"snr": 0.0}}
pdu len 260
SDDDusrp_source :error: In the last 766 ms, 4 overflows occurred.
DDusrp_source :error: In the last 965 ms, 2 overflows occurred.
DDDDDDDDDDDDDDDDDDDpdu len 260

new mac frame  (length 260)
=========================================
duration: 00 00
frame control: 00 08 (DATA)
Subtype: Data
seq nr: 52
address 1: 30:14:4a:e6:46:e4
address 2: 12:34:56:78:90:ab
address 3: 42:42:42:42:42:42
instantaneous fer: 0
{"type": "RequestVote", "term": 48, "sender_id": 1, "prev_log_index": 0, "prev_log_term": 0, "entries": [], "leader_commit": 0, "last_log_index": 0, "last_log_term": 0, "success": false, "vote_granted": false, "phy_state": {"snr": 0.0}}
UDDDDDusrp_source :error: In the last 779 ms, 24 overflows occurred.
DDDDusrp_source :error: In the last 922 ms, 4 overflows occurred.
D
new mac frame  (length 260)
=========================================
duration: 00 00
frame control: 00 08 (DATA)
Subtype: Data
seq nr: 52
pdu len address 1: 30:14:4a:e6:46:e4
address 2: 12:34:56:78:90:ab
address 3: 42:42:42:42:42:42
instantaneous fer: 260
0.999756
{"type": "RequestVote", "term": 49, "sender_id": 2, "prev_log_index": 0, "prev_log_term": 0, "entries": [], "leader_commit": 0, "last_log_index": 0, "last_log_term": 0, "success": false, "vote_granted": false, "phy_state": {"snr": 0.0}}
DDDDpdu len 260

new mac frame  (length 260)
=========================================
duration: 00 00
frame control: 00 08 (DATA)
Subtype: Data
seq nr: 53
address 1: 30:14:4a:e6:46:e4
address 2: 12:34:56:78:90:ab
address 3: 42:42:42:42:42:42
instantaneous fer: 0
{"type": "RequestVote", "term": 49, "sender_id": 1, "prev_log_index": 0, "prev_log_term": 0, "entries": [], "leader_commit": 0, "last_log_index": 0, "last_log_term": 0, "success": false, "vote_granted": false, "phy_state": {"snr": 0.0}}
usrp_source :error: In the last 785 ms, 5 overflows occurred.
DDDusrp_source :error: In the last 796 ms, 3 overflows occurred.
DDDDDDDDDDD
new mac frame  (length 260)
=========================================
duration: 00 00
frame control: 00 08 (DATA)
Subtype: Data
seq nr: 53
address 1: 30:14:4a:e6:46:e4
address 2: 12:34:56:78:90:ab
address 3: 42:42:42:42:42:42
instantaneous fer: pdu len 0.999756
{"type": "RequestVote", "term": 50, "sender_id": 2, "prev_log_index": 0, "prev_log_term": 0, "entries": [260], "leader_commit": 0,
 "last_log_index": 0, "last_log_term": 0, "success": false, "vote_granted": false, "phy_state": {"snr": 0.0}}
DSDpdu len 260

new mac frame  (length 260)
=========================================
duration: 00 00
frame control: 00 08 (DATA)
Subtype: Data
seq nr: 54
address 1: 30:14:4a:e6:46:e4
address 2: 12:34:56:78:90:ab
address 3: 42:42:42:42:42:42
instantaneous fer: 0
{"type": "VoteResponse", "term": 50, "sender_id": 1, "prev_log_index": 0, "prev_log_term": 0, "entries": [], "leader_commit": 0, "last_log_index": 0, "last_log_term": 0, "success": false, "vote_granted": true, "phy_state": {"snr": 0.0}}
usrp_source :error: In the last 785 ms, 13 overflows occurred.
DDDDDDDDDDDusrp_source :error: In the last 837 ms, 11 overflows occurred.
DDDDDDDDDpdu len 260

new mac frame  (length 260)
=========================================
duration: 00 00
frame control: 00 08 (DATA)
Subtype: Data
seq nr: 54
address 1: 30:14:4a:e6:46:e4
address 2: 12:34:56:78:90:ab
address 3: 42:42:42:42:42:42
instantaneous fer: 0.999756
{"type": "VoteResponse", "term": 51, "sender_id": 2, "prev_log_index": 0, "prev_log_term": 0, "entries": [], "leader_commit": 0, "last_log_index": 0, "last_log_term": 0, "success": false, "vote_granted": true, "phy_state": {"snr": 0.0}}
pdu len 260

new mac frame  (length 260)
=========================================
duration: 00 00
frame control: 00 08 (DATA)
Subtype: Data
seq nr: 55
address 1: 30:14:4a:e6:46:e4
address 2: 12:34:56:78:90:ab
address 3: 42:42:42:42:42:42
instantaneous fer: 0
{"type": "VoteResponse", "term": 51, "sender_id": 1, "prev_log_index": 0, "prev_log_term": 0, "entries": [], "leader_commit": 0, "last_log_index": 0, "last_log_term": 0, "success": false, "vote_granted": true, "phy_state": {"snr": 0.0}}
usrp_source :error: In the last 934 ms, 9 overflows occurred.
DDDDDDDDDDDusrp_source :error: In the last 1533 ms, 11 overflows occurred.
Dpdu len 260

new mac frame  (length 260)
=========================================
duration: 00 00
frame control: 00 08 (DATA)
Subtype: Data
seq nr: 56
address 1: 30:14:4a:e6:46:e4
address 2: 12:34:56:78:90:ab
address 3: 42:42:42:42:42:42
instantaneous fer: 0
{"type": "VoteResponse", "term": 52, "sender_id": 1, "prev_log_index": 0, "prev_log_term": 0, "entries": [], "leader_commit": 0, "last_log_index": 0, "last_log_term": 0, "success": false, "vote_granted": true, "phy_state": {"snr": 0.0}}
pdu len 260

new mac frame  (length 260)
=========================================
duration: 00 00
frame control: 00 08 (DATA)
Subtype: Data
seq nr: 55
address 1: 30:14:4a:e6:46:e4
address 2: 12:34:56:78:90:ab
address 3: 42:42:42:42:42:42
instantaneous fer: 0.999756
{"type": "VoteResponse", "term": 52, "sender_id": 2, "prev_log_index": 0, "prev_log_term": 0, "entries": [], "leader_commit": 0, "last_log_index": 0, "last_log_term": 0, "success": false, "vote_granted": true, "phy_state": {"snr": 0.0}}
DDDDDDDDDSUusrp_source :error: In the last 1647 ms, 10 overflows occurred.
Dpdu len 260

new mac frame  (length 260)
=========================================
duration: 00 00
frame control: 00 08 (DATA)
Subtype: Data
seq nr: 56
address 1: 30:14:4a:e6:46:e4
address 2: 12:34:56:78:90:ab
address 3: 42:42:42:42:42:42
instantaneous fer: 0
{"type": "RequestVote", "term": 53, "sender_id": 2, "prev_log_index": 0, "prev_log_term": 0, "entries": [], "leader_commit": 0, "last_log_index": 0, "last_log_term": 0, "success": false, "vote_granted": false, "phy_state": {"snr": 0.0}}
Dpdu len 260

new mac frame  (length 260)
=========================================
duration: 00 00
frame control: 00 08 (DATA)
Subtype: Data
seq nr: 57
address 1: 30:14:4a:e6:46:e4
address 2: 12:34:56:78:90:ab
address 3: 42:42:42:42:42:42
instantaneous fer: 0
{"type": "VoteResponse", "term": 53, "sender_id": 1, "prev_log_index": 0, "prev_log_term": 0, "entries": [], "leader_commit": 0, "last_log_index": 0, "last_log_term": 0, "success": false, "vote_granted": true, "phy_state": {"snr": 0.0}}
pdu len 261

new mac frame  (length 261)
=========================================
duration: 00 00
frame control: 00 08 (DATA)
Subtype: Data
seq nr: 60
address 1: 30:14:4a:e6:46:e4
address 2: 12:34:56:78:90:ab
address 3: 42:42:42:42:42:42
instantaneous fer: 0.666667
{"type": "VoteResponse", "term": 53, "sender_id": 3, "prev_log_index": 0, "prev_log_term": 0, "entries": [], "leader_commit": 0, "last_log_index": 0, "last_log_term": 0, "success": false, "vote_granted": false, "phy_state": {"snr": 0.0}}
DDDDDDDDDDDDDDDusrp_source :error: In the last 793 ms, 17 overflows occurred.
DDDDDDDDDDDusrp_source :error: In the last 788 ms, 11 overflows occurred.
DDpdu len 260

new mac frame  (length 260)
=========================================
duration: 00 00
frame control: 00 08 (DATA)
Subtype: Data
seq nr: 58
address 1: 30:14:4a:e6:46:e4
address 2: 12:34:56:78:90:ab
address 3: 42:42:42:42:42:42
instantaneous fer: 0.999756
{"type": "VoteResponse", "term": 54, "sender_id": 1, "prev_log_index": 0, "prev_log_term": 0, "entries": [], "leader_commit": 0, "last_log_index": 0, "last_log_term": 0, "success": false, "vote_granted": true, "phy_state": {"snr": 0.0}}
pdu len 260

new mac frame  (length 260)
=========================================
duration: 00 00
frame control: 00 08 (DATA)
Subtype: Data
seq nr: 57
address 1: 30:14:4a:e6:46:e4
address 2: 12:34:56:78:90:ab
address 3: 42:42:42:42:42:42
instantaneous fer: 0.999756
{"type": "VoteResponse", "term": 54, "sender_id": 2, "prev_log_index": 0, "prev_log_term": 0, "entries": [], "leader_commit": 0, "last_log_index": 0, "last_log_term": 0, "success": false, "vote_granted": true, "phy_state": {"snr": 0.0}}
DDDDDDDusrp_source :error: In the last 782 ms, 9 overflows occurred.
DDDDDDDDDusrp_source :error: In the last 922 ms, 9 overflows occurred.
DDpdu len 260

new mac frame  (length 260)
=========================================
duration: 00 00
frame control: 00 08 (DATA)
Subtype: Data
seq nr: 58
address 1: 30:14:4a:e6:46:e4
address 2: 12:34:56:78:90:ab
address 3: 42:42:42:42:42:42
instantaneous fer: 0
{"type": "VoteResponse", "term": 55, "sender_id": 2, "prev_log_index": 0, "prev_log_term": 0, "entries": [], "leader_commit": 0, "last_log_index": 0, "last_log_term": 0, "success": false, "vote_granted": true, "phy_state": {"snr": 0.0}}
D
new mac frame  (length 261)
=========================================
duration: 00 00
frame control: 00 08 (DATA)
Subtype: Data
seq nr: 59
address 1: 30:14:4a:e6:46:e4
address 2: 12:34:56:78:90:ab
address 3: 42:42:42:42:42:42
instantaneous fer: 0
{"type": "VoteResponse", "term": 55, "sender_id": 2, "prev_log_index": 0, "prev_log_term": 0, "entries": [], "leader_commit": 0, "last_log_index": 0, "last_log_term": 0, "success": false, "vote_granted": false, "phy_state": {"snr": 0.0}}
pdu len 261
DDDusrp_source :error: In the last 783 ms, 6 overflows occurred.
DDDusrp_source :error: In the last 786 ms, 3 overflows occurred.
DDDUUUUUD
new mac frame  (length 260)
=========================================
duration: 00 00
frame control: 00 08 (DATA)
Subtype: Data
seq nr: 60
address 1: 30:14:4a:e6:46:e4
address 2: 12:34:56:78:90:ab
address 3: 42:42:42:42:42:42
instantaneous fer: 0
{"type": "RequestVopdu len te", "term": 56260,
 "sender_id": 1, "prev_log_index": 0, "prev_log_term": 0, "entries": [], "leader_commit": 0, "last_log_index": 0, "last_log_term": 0, "success": false, "vote_granted": false, "phy_state": {"snr": 0.0}}
DDDDusrp_source :error: In the last 797 ms, 8 overflows occurred.
DDDDDusrp_source :error: In the last 798 ms, 5 overflows occurred.
DDpdu len 260

new mac frame  (length 260)
=========================================
duration: 00 00
frame control: 00 08 (DATA)
Subtype: Data
seq nr: 62
address 1: 30:14:4a:e6:46:e4
address 2: 12:34:56:78:90:ab
address 3: 42:42:42:42:42:42
instantaneous fer: 0.5
{"type": "RequestVote", "term": 57, "sender_id": 1, "prev_log_index": 0, "prev_log_term": 0, "entries": [], "leader_commit": 0, "last_log_index": 0, "last_log_term": 0, "success": false, "vote_granted": false, "phy_state": {"snr": 0.0}}
pdu len 260

new mac frame  (length 260)
=========================================
duration: 00 00
frame control: 00 08 (DATA)
Subtype: Data
seq nr: 65
address 1: 30:14:4a:e6:46:e4
address 2: 12:34:56:78:90:ab
address 3: 42:42:42:42:42:42
instantaneous fer: 0.666667
{"type": "VoteResponse", "term": 57, "sender_id": 3, "prev_log_index": 0, "prev_log_term": 0, "entries": [], "leader_commit": 0, "last_log_index": 0, "last_log_term": 0, "success": false, "vote_granted": true, "phy_state": {"snr": 0.0}}
DDusrp_source :error: In the last 938 ms, 4 overflows occurred.
DDDDDDDDusrp_source :error: In the last 1060 ms, 8 overflows occurred.
DDDDDpdu len 260

new mac frame  (length 260)
=========================================
duration: 00 00
frame control: 00 08 (DATA)
Subtype: Data
seq nr: 63
address 1: 30:14:4a:e6:46:e4
address 2: 12:34:56:78:90:ab
address 3: 42:42:42:42:42:42
instantaneous fer: 0.999756
{"type": "RequestVote", "term": 58, "sender_id": 1, "prev_log_index": 0, "prev_log_term": 0, "entries": [], "leader_commit": 0, "last_log_index": 0, "last_log_term": 0, "success": false, "vote_granted": false, "phy_state": {"snr": 0.0}}
DDpdu len 260

new mac frame  (length 260)
=========================================
duration: 00 00
frame control: 00 08 (DATA)
Subtype: Data
seq nr: 63
address 1: 30:14:4a:e6:46:e4
address 2: 12:34:56:78:90:ab
address 3: 42:42:42:42:42:42
instantaneous fer: 0.999756
{"type": "VoteResponse", "term": 58, "sender_id": 2, "prev_log_index": 0, "prev_log_term": 0, "entries": [], "leader_commit": 0, "last_log_index": 0, "last_log_term": 0, "success": false, "vote_granted": true, "phy_state": {"snr": 0.0}}
DDDDDusrp_source :error: In the last 758 ms, 12 overflows occurred.
DDDDDusrp_source :error: In the last 786 ms, 5 overflows occurred.
DDDDDDDpdu len 260

new mac frame  (length 260)
=========================================
duration: 00 00
frame control: 00 08 (DATA)
Subtype: Data
seq nr: 64
address 1: 30:14:4a:e6:46:e4
address 2: 12:34:56:78:90:ab
address 3: 42:42:42:42:42:42
instantaneous fer: 0
{"type": "RequestVote", "term": 59, "sender_id": 1, "prev_log_index": 0, "prev_log_term": 0, "entries": [], "leader_commit": 0, "last_log_index": 0, "last_log_term": 0, "success": false, "vote_granted": false, "phy_state": {"snr": 0.0}}
usrp_source :error: In the last 839 ms, 7 overflows occurred.
D
new mac frame  (length 260)
=========================================
duration: 00 00
frame control: 00 08 (DATA)
Subtype: Data
seq nr: 64
address 1: 30:14:4a:e6:46:e4
address 2: 12:34:56:78:90:ab
address 3: 42:42:42:42:42:42
instantaneous fer: 0.999756
{"type": "VoteResponse", "term": 59, "sender_id": 2, "prev_log_index": 0, "prev_log_term": 0, "entries": [], "leader_commit": 0, "last_log_index": 0, "last_log_term": 0, "success": false, "vote_granted": true, "phy_state": {"snr": 0.0}}
pdu len 260
DDDDDDDusrp_source :error: In the last 1129 ms, 8 overflows occurred.
Dpdu len 260

new mac frame  (length 260)
=========================================
duration: 00 00
frame control: 00 08 (DATA)
Subtype: Data
seq nr: 65
address 1: 30:14:4a:e6:46:e4
address 2: 12:34:56:78:90:ab
address 3: 42:42:42:42:42:42
instantaneous fer: 0
{"type": "RequestVote", "term": 60, "sender_id": 2, "prev_log_index": 0, "prev_log_term": 0, "entries": [], "leader_commit": 0, "last_log_index": 0, "last_log_term": 0, "success": false, "vote_granted": false, "phy_state": {"snr": 0.0}}
DDDDDDDDusrp_source :error: In the last 1070 ms, 9 overflows occurred.
DDDDDDDusrp_source :error: In the last 769 ms, 6 overflows occurred.
Dpdu len 260

new mac frame  (length 260)
=========================================
duration: 00 00
frame control: 00 08 (DATA)
Subtype: Data
seq nr: 66
address 1: 30:14:4a:e6:46:e4
address 2: 12:34:56:78:90:ab
address 3: 42:42:42:42:42:42
instantaneous fer: 0
{"type": "VoteResponse", "term": 61, "sender_id": 1, "prev_log_index": 0, "prev_log_term": 0, "entries": [], "leader_commit": 0, "last_log_index": 0, "last_log_term": 0, "success": false, "vote_granted": true, "phy_state": {"snr": 0.0}}
DDDDDDSUusrp_source :error: In the last 2396 ms, 8 overflows occurred.
DDusrp_source :error: In the last 756 ms, 2 overflows occurred.
DDDDusrp_source :error: In the last 781 ms, 4 overflows occurred.
DDDpdu len 260

new mac frame  (length 260)
=========================================
duration: 00 00
frame control: 00 08 (DATA)
Subtype: Data
seq nr: 68
address 1: 30:14:4a:e6:46:e4
address 2: 12:34:56:78:90:ab
address 3: 42:42:42:42:42:42
instantaneous fer: 0.5
{"type": "RequestVote", "term": 63, "sender_id": 1, "prev_log_index": 0, "prev_log_term": 0, "entries": [], "leader_commit": 0, "last_log_index": 0, "last_log_term": 0, "success": false, "vote_granted": false, "phy_state": {"snr": 0.0}}
pdu len 261

new mac frame  (length 261)
=========================================
duration: 00 00
frame control: 00 08 (DATA)
Subtype: Data
seq nr: 69
address 1: 30:14:4a:e6:46:e4
address 2: 12:34:56:78:90:ab
address 3: 42:42:42:42:42:42
instantaneous fer: 0
{"type": "VoteResponse", "term": 63, "sender_id": 2, "prev_log_index": 0, "prev_log_term": 0, "entries": [], "leader_commit": 0, "last_log_index": 0, "last_log_term": 0, "success": false, "vote_granted": false, "phy_state": {"snr": 0.0}}
DDDpdu len 261

new mac frame  (length 261)
=========================================
duration: 00 00
frame control: 00 08 (DATA)
Subtype: Data
seq nr: 70
address 1: 30:14:4a:e6:46:e4
address 2: 12:34:56:78:90:ab
address 3: 42:42:42:42:42:42
instantaneous fer: 0
{"type": "VoteResponse", "term": 63, "sender_id": 2, "prev_log_index": 0, "prev_log_term": 0, "entries": [], "leader_commit": 0, "last_log_index": 0, "last_log_term": 0, "success": false, "vote_granted": false, "phy_state": {"snr": 0.0}}
DDDDDDDDDDDusrp_source :error: In the last 783 ms, 17 overflows occurred.
DDDDDDDDDusrp_source :error: In the last 799 ms, 9 overflows occurred.
DDDpdu len 260

new mac frame  (length 260)
=========================================
duration: 00 00
frame control: 00 08 (DATA)
Subtype: Data
seq nr: 71
address 1: 30:14:4a:e6:46:e4
address 2: 12:34:56:78:90:ab
address 3: 42:42:42:42:42:42
instantaneous fer: 0
{"type": "RequestVote", "term": 64, "sender_id": 2, "prev_log_index": 0, "prev_log_term": 0, "entries": [], "leader_commit": 0, "last_log_index": 0, "last_log_term": 0, "success": false, "vote_granted": false, "phy_state": {"snr": 0.0}}
pdu len 260

new mac frame  (length 260)
=========================================
duration: 00 00
frame control: 00 08 (DATA)
Subtype: Data
seq nr: 70
address 1: 30:14:4a:e6:46:e4
address 2: 12:34:56:78:90:ab
address 3: 42:42:42:42:42:42
instantaneous fer: 0.999756
{"type": "VoteResponse", "term": 64, "sender_id": 1, "prev_log_index": 0, "prev_log_term": 0, "entries": [], "leader_commit": 0, "last_log_index": 0, "last_log_term": 0, "success": false, "vote_granted": true, "phy_state": {"snr": 0.0}}
DDDDusrp_source :error: In the last 926 ms, 7 overflows occurred.
DDDDDDDDDDDDDusrp_source :error: In the last 798 ms, 13 overflows occurred.
DDDpdu len 260

new mac frame  (length 260)
=========================================
duration: 00 00
frame control: 00 08 (DATA)
Subtype: Data
seq nr: 71
address 1: 30:14:4a:e6:46:e4
address 2: 12:34:56:78:90:ab
address 3: 42:42:42:42:42:42
instantaneous fer: 0
{"type": "RequestVote", "term": 65, "sender_id": 1, "prev_log_index": 0, "prev_log_term": 0, "entries": [], "leader_commit": 0, "last_log_index": 0, "last_log_term": 0, "success": false, "vote_granted": false, "phy_state": {"snr": 0.0}}
DDDDDDDDDDDDDDusrp_source :error: In the last 818 ms, 16 overflows occurred.
DDDDDDDDDDDusrp_source :error: In the last 1196 ms, 12 overflows occurred.
DDDDDDusrp_source :error: In the last 795 ms, 6 overflows occurred.
DDDDDusrp_source :error: In the last 2220 ms, 5 overflows occurred.
DDpdu len 260

new mac frame  (length 260)
=========================================
duration: 00 00
frame control: 00 08 (DATA)
Subtype: Data
seq nr: 76
address 1: 30:14:4a:e6:46:e4
address 2: 12:34:56:78:90:ab
address 3: 42:42:42:42:42:42
instantaneous fer: 0.8
{"type": "RequestVote", "term": 68, "sender_id": 2, "prev_log_index": 0, "prev_log_term": 0, "entries": [], "leader_commit": 0, "last_log_index": 0, "last_log_term": 0, "success": false, "vote_granted": false, "phy_state": {"snr": 0.0}}
usrp_source :error: In the last 791 ms, 2 overflows occurred.
DDusrp_source :error: In the last 1207 ms, 2 overflows occurred.
DDSpdu len 260

new mac frame  (length 260)
=========================================
duration: 00 00
frame control: 00 08 (DATA)
Subtype: Data
seq nr: 77
address 1: 30:14:4a:e6:46:e4
address 2: 12:34:56:78:90:ab
address 3: 42:42:42:42:42:42
instantaneous fer: 0
{"type": "RequestVote", "term": 69, "sender_id": 2, "prev_log_index": 0, "prev_log_term": 0, "entries": [], "leader_commit": 0, "last_log_index": 0, "last_log_term": 0, "success": false, "vote_granted": false, "phy_state": {"snr": 0.0}}
DDDpdu len 261

new mac frame  (length 261)
=========================================
duration: 00 00
frame control: 00 08 (DATA)
Subtype: Data
seq nr: 77
address 1: 30:14:4a:e6:46:e4
address 2: 12:34:56:78:90:ab
address 3: 42:42:42:42:42:42
instantaneous fer: 0.999756
{"type": "VoteResponse", "term": 69, "sender_id": 1, "prev_log_index": 0, "prev_log_term": 0, "entries": [], "leader_commit": 0, "last_log_index": 0, "last_log_term": 0, "success": false, "vote_granted": false, "phy_state": {"snr": 0.0}}
pdu len 261

new mac frame  (length 261)
=========================================
duration: 00 00
frame control: 00 08 (DATA)
Subtype: Data
seq nr: 78
address 1: 30:14:4a:e6:46:e4
address 2: 12:34:56:78:90:ab
address 3: 42:42:42:42:42:42
instantaneous fer: 0
{"type": "VoteResponse", "term": 69, "sender_id": 2, "prev_log_index": 0, "prev_log_term": 0, "entries": [], "leader_commit": 0, "last_log_index": 0, "last_log_term": 0, "success": false, "vote_granted": false, "phy_state": {"snr": 0.0}}
DDDDusrp_source :error: In the last 895 ms, 9 overflows occurred.
DDUusrp_source :error: In the last 2109 ms, 2 overflows occurred.
DDDDpdu len 260

new mac frame  (length 260)
=========================================
duration: 00 00
frame control: 00 08 (DATA)
Subtype: Data
seq nr: 81
address 1: 30:14:4a:e6:46:e4
address 2: 12:34:56:78:90:ab
address 3: 42:42:42:42:42:42
instantaneous fer: 0.666667
{"type": "RequestVote", "term": 71, "sender_id": 3, "prev_log_index": 0, "prev_log_term": 0, "entries": [], "leader_commit": 0, "last_log_index": 0, "last_log_term": 0, "success": false, "vote_granted": false, "phy_state": {"snr": 0.0}}
usrp_source :error: In the last 789 ms, 4 overflows occurred.
DDDDDDusrp_source :error: In the last 785 ms, 5 overflows occurred.
DDDDDDDDDDDusrp_source :error: In the last 785 ms, 12 overflows occurred.
Dpdu len 260

new mac frame  (length 260)
=========================================
duration: 00 00
frame control: 00 08 (DATA)
Subtype: Data
seq nr: 80
address 1: 30:14:4a:e6:46:e4
address 2: 12:34:56:78:90:ab
address 3: 42:42:42:42:42:42
instantaneous fer: 0.999756
{"type": "RequestVote", "term": 72, "sender_id": 1, "prev_log_index": 0, "prev_log_term": 0, "entries": [], "leader_commit": 0, "last_log_index": 0, "last_log_term": 0, "success": false, "vote_granted": false, "phy_state": {"snr": 0.0}}
pdu len 260

new mac frame  (length 260)
=========================================
duration: 00 00
frame control: 00 08 (DATA)
Subtype: Data
seq nr: 81
address 1: 30:14:4a:e6:46:e4
address 2: 12:34:56:78:90:ab
address 3: 42:42:42:42:42:42
instantaneous fer: 0
{"type": "RequestVote", "term": 72, "sender_id": 2, "prev_log_index": 0, "prev_log_term": 0, "entries": [], "leader_commit": 0, "last_log_index": 0, "last_log_term": 0, "success": false, "vote_granted": false, "phy_state": {"snr": 0.0}}
pdu len 261

new mac frame  (length 261)
=========================================
duration: 00 00
frame control: 00 08 (DATA)
Subtype: Data
seq nr: 81
address 1: 30:14:4a:e6:46:e4
address 2: 12:34:56:78:90:ab
address 3: 42:42:42:42:42:42
instantaneous fer: 0.999756
{"type": "VoteResponse", "term": 72, "sender_id": 1, "prev_log_index": 0, "prev_log_term": 0, "entries": [], "leader_commit": 0, "last_log_index": 0, "last_log_term": 0, "success": false, "vote_granted": false, "phy_state": {"snr": 0.0}}
pdu len 261

new mac frame  (length 261)
=========================================
duration: 00 00
frame control: 00 08 (DATA)
Subtype: Data
seq nr: 82
address 1: 30:14:4a:e6:46:e4
address 2: 12:34:56:78:90:ab
address 3: 42:42:42:42:42:42
instantaneous fer: 0
{"type": "VoteResponse", "term": 72, "sender_id": 2, "prev_log_index": 0, "prev_log_term": 0, "entries": [], "leader_commit": 0, "last_log_index": 0, "last_log_term": 0, "success": false, "vote_granted": false, "phy_state": {"snr": 0.0}}
DDDDDDDDDDDDterminate reached from thread id: 74b615ffb6c0Got unknown exception
