WARNING:root:Found persistent state path '/home/chuzhitairan/.local/state/gnuradio', but file does not exist. Old default persistent state path '/home/chuzhitairan/.grc_gnuradio' exists; using that. Please consider moving state to new location.
MAPPER: encoding: 0
chunks_to_symbols :info: set_min_output_buffer on block 7 to 207744
fft_v_fftw :info: set_min_output_buffer on block 9 to 2077440
ofdm_cyclic_prefixer :info: set_min_output_buffer on block 11 to 2077440
ofdm_carrier_allocator_cvc :info: set_min_output_buffer on block 12 to 207744
chunks_to_symbols :info: set_min_output_buffer on block 13 to 415488
tagged_stream_mux :info: set_min_output_buffer on block 14 to 207744
[INFO] [UHD] linux; GNU C++ version 13.3.0; Boost_108300; UHD_4.1.0.0-0-45cabfde
[INFO] [ANT] Detected Device: ANTSDR
[INFO] [ANT] Initialize CODEC control...
[INFO] [ANT] Initialize Radio control...
[INFO] [ANT] Performing register loopback test... 
[INFO] [ANT] Register loopback test passed
[INFO] [ANT] Performing register loopback test... 
[INFO] [ANT] Register loopback test passed
[INFO] [ANT] Setting master clock rate selection to 'automatic'.
[INFO] [ANT] Asking for clock rate 16.000000 MHz... 
[INFO] [ANT] Actually got clock rate 16.000000 MHz.
[INFO] [ANT] Asking for clock rate 40.000000 MHz... 
[INFO] [ANT] Actually got clock rate 40.000000 MHz.
foo_packet_pad2 :info: set_min_output_buffer on block 33 to 100000
multiply_const_cc :info: set_min_output_buffer on block 35 to 100000
usrp_source :error: In the last 2958 ms, 1 overflows occurred.
DDDDDDDDDDusrp_source :error: In the last 5339 ms, 10 overflows occurred.
DDDDusrp_source :error: In the last 785 ms, 4 overflows occurred.
DDusrp_source :error: In the last 787 ms, 2 overflows occurred.
DDusrp_source :error: In the last 787 ms, 2 overflows occurred.
DDusrp_source :error: In the last 818 ms, 2 overflows occurred.
Dusrp_source :error: In the last 798 ms, 1 overflows occurred.
DDDusrp_source :error: In the last 909 ms, 3 overflows occurred.
DDDDDDDDusrp_source :error: In the last 804 ms, 8 overflows occurred.
DDDDDDDDusrp_source :error: In the last 1203 ms, 8 overflows occurred.
DDDDDDDDDusrp_source :error: In the last 783 ms, 9 overflows occurred.
DDDDDDDusrp_source :error: In the last 798 ms, 7 overflows occurred.
DDDUDDDDDDDDusrp_source :error: In the last 818 ms, 10 overflows occurred.
Dusrp_source :error: In the last 916 ms, 2 overflows occurred.
DDDUDDDDDDDDusrp_source :error: In the last 790 ms, 11 overflows occurred.
DDDDDDDDDDDDusrp_source :error: In the last 784 ms, 12 overflows occurred.
DDpdu len 259

new mac frame  (length 259)
=========================================
duration: 00 00
frame control: 00 08 (DATA)
Subtype: Data
seq nr: 4
address 1: 30:14:4a:e6:46:e4
address 2: 12:34:56:78:90:ab
address 3: 42:42:42:42:42:42
instantaneous fer: 0.8
{"type": "RequestVote", "term": 3, "sender_id": 1, "prev_log_index": 0, "prev_log_term": 0, "entries": [], "leader_commit": 0, "last_log_index": 0, "last_log_term": 0, "success": false, "vote_granted": false, "phy_state": {"snr": 0.0}}
pdu len 259

new mac frame  (length 259)
=========================================
duration: 00 00
frame control: 00 08 (DATA)
Subtype: Data
seq nr: 4
address 1: 30:14:4a:e6:46:e4
address 2: 12:34:56:78:90:ab
address 3: 42:42:42:42:42:42
instantaneous fer: 0.999756
{"type": "VoteResponse", "term": 3, "sender_id": 3, "prev_log_index": 0, "prev_log_term": 0, "entries": [], "leader_commit": 0, "last_log_index": 0, "last_log_term": 0, "success": false, "vote_granted": true, "phy_state": {"snr": 0.0}}
DDusrp_source :error: In the last 788 ms, 4 overflows occurred.
DDDDDDDusrp_source :error: In the last 921 ms, 7 overflows occurred.
DDpdu len 259

new mac frame  (length 259)
=========================================
duration: 00 00
frame control: 00 08 (DATA)
Subtype: Data
seq nr: 5
address 1: 30:14:4a:e6:46:e4
address 2: 12:34:56:78:90:ab
address 3: 42:42:42:42:42:42
instantaneous fer: 0
{"type": "RequestVote", "term": 4, "sender_id": 1, "prev_log_index": 0, "prev_log_term": 0, "entries": [], "leader_commit": 0, "last_log_index": 0, "last_log_term": 0, "success": false, "vote_granted": false, "phy_state": {"snr": 0.0}}
U
new mac frame  (length 259)
=========================================
duration: 00 00
frame control: 00 08 (DATA)
Subtype: Data
seq nr: 5
address 1: 30:14:4a:e6:46:e4
address 2: 12:34:56:78:90:ab
address 3: 42:42:42:42:42:42
instantaneous fer: 0.999756
{"type": "VoteResponse", "term": 4, "sender_id": 3, "prev_log_index": 0, "prev_log_term": 0, "entries": [], "leader_commit": 0, "last_log_index": 0, "last_log_term": 0, "success": false, "vote_granted": true, "phy_state": {"snr": 0.0}}
pdu len 259
DDDDDDDDDDDusrp_source :error: In the last 1113 ms, 13 overflows occurred.
DDDUusrp_source :error: In the last 2435 ms, 3 overflows occurred.
DDDDDDDDDDDDUDDDDDDpdu len 259

new mac frame  (length 259)
=========================================
duration: 00 00
frame control: 00 08 (DATA)
Subtype: Data
seq nr: 7
address 1: 30:14:4a:e6:46:e4
address 2: 12:34:56:78:90:ab
address 3: 42:42:42:42:42:42
instantaneous fer: 0.5
{"type": "RequestVote", "term": 6, "sender_id": 3, "prev_log_index": 0, "prev_log_term": 0, "entries": [], "leader_commit": 0, "last_log_index": 0, "last_log_term": 0, "success": false, "vote_granted": false, "phy_state": {"snr": 0.0}}
DDusrp_source :error: In the last 786 ms, 20 overflows occurred.
DDDDusrp_source :error: In the last 809 ms, 4 overflows occurred.
DDDDDDDDDDDpdu len 
new mac frame  (length 259)
=========================================
duration: 00 00
frame control: 00 08 (DATA)
259Subtype: 
Data
seq nr: 9
address 1: 30:14:4a:e6:46:e4
address 2: 12:34:56:78:90:ab
address 3: 42:42:42:42:42:42
instantaneous fer: 0.5
{"type": "RequestVote", "term": 7, "sender_id": 3, "prev_log_index": 0, "prev_log_term": 0, "entries": [], "leader_commit": 0, "last_log_index": 0, "last_log_term": 0, "success": false, "vote_granted": false, "phy_state": {"snr": 0.0}}
Uusrp_source :error: In the last 781 ms, 11 overflows occurred.
DDDDDDDDDDUusrp_source :error: In the last 2521 ms, 10 overflows occurred.
DDDDDDDDDDDusrp_source :error: In the last 766 ms, 11 overflows occurred.
DDpdu len 259

new mac frame  (length 259)
=========================================
duration: 00 00
frame control: 00 08 (DATA)
Subtype: Data
seq nr: 11
address 1: 30:14:4a:e6:46:e4
address 2: 12:34:56:78:90:ab
address 3: 42:42:42:42:42:42
instantaneous fer: 0.5
{"type": "RequestVote", "term": 9, "sender_id": 3, "prev_log_index": 0, "prev_log_term": 0, "entries": [], "leader_commit": 0, "last_log_index": 0, "last_log_term": 0, "success": false, "vote_granted": false, "phy_state": {"snr": 0.0}}
pdu len 259

new mac frame  (length 259)
=========================================
duration: 00 00
frame control: 00 08 (DATA)
Subtype: Data
seq nr: 10
address 1: 30:14:4a:e6:46:e4
address 2: 12:34:56:78:90:ab
address 3: 42:42:42:42:42:42
instantaneous fer: 0.999756
{"type": "VoteResponse", "term": 9, "sender_id": 1, "prev_log_index": 0, "prev_log_term": 0, "entries": [], "leader_commit": 0, "last_log_index": 0, "last_log_term": 0, "success": false, "vote_granted": true, "phy_state": {"snr": 0.0}}
DDDDDDDDusrp_source :error: In the last 917 ms, 10 overflows occurred.
DDDDDDDDDDDDDusrp_source :error: In the last 791 ms, 13 overflows occurred.
DD
new mac frame  (length 260)
=========================================
duration: 00 00
frame control: 00 08 (DATA)
Subtype: Data
seq nr: 11
address 1: 30:14:4a:e6:46:e4
address 2: 12:34:56:78:90:ab
address 3: 42:42:42:42:42:42
instantaneous fer: pdu len 0
{"type": "VoteResponse", "term": 10, "sender_id": 1, "prev_log_index": 0, "prev_log_term": 0, "entries": [], "leader_commit": 0, "last_log_index": 0, "last_log_term": 0, "success": false, "vote_granted260"
: true, "phy_state": {"snr": 0.0}}
pdu len 260

new mac frame  (length 260)
=========================================
duration: 00 00
frame control: 00 08 (DATA)
Subtype: Data
seq nr: 12
address 1: 30:14:4a:e6:46:e4
address 2: 12:34:56:78:90:ab
address 3: 42:42:42:42:42:42
instantaneous fer: 0
{"type": "VoteResponse", "term": 10, "sender_id": 3, "prev_log_index": 0, "prev_log_term": 0, "entries": [], "leader_commit": 0, "last_log_index": 0, "last_log_term": 0, "success": false, "vote_granted": true, "phy_state": {"snr": 0.0}}
DDDDDDDDDusrp_source :error: In the last 791 ms, 11 overflows occurred.
DDusrp_source :error: In the last 800 ms, 2 overflows occurred.
DDUUUUpdu len 260

new mac frame  (length 260)
=========================================
duration: 00 00
frame control: 00 08 (DATA)
Subtype: Data
seq nr: 13
address 1: 30:14:4a:e6:46:e4
address 2: 12:34:56:78:90:ab
address 3: 42:42:42:42:42:42
instantaneous fer: 0
{"type": "VoteResponse", "term": 11, "sender_id": 3, "prev_log_index": 0, "prev_log_term": 0, "entries": [], "leader_commit": 0, "last_log_index": 0, "last_log_term": 0, "success": false, "vote_granted": true, "phy_state": {"snr": 0.0}}
DDDDDDDusrp_source :error: In the last 792 ms, 9 overflows occurred.
DDusrp_source :error: In the last 911 ms, 2 overflows occurred.
Dpdu len 260

new mac frame  (length 260)
=========================================
duration: 00 00
frame control: 00 08 (DATA)
Subtype: Data
seq nr: 14
address 1: 30:14:4a:e6:46:e4
address 2: 12:34:56:78:90:ab
address 3: 42:42:42:42:42:42
instantaneous fer: 0
{"type": "VoteResponse", "term": 12, "sender_id": 3, "prev_log_index": 0, "prev_log_term": 0, "entries": [], "leader_commit": 0, "last_log_index": 0, "last_log_term": 0, "success": false, "vote_granted": true, "phy_state": {"snr": 0.0}}
DDDDDDDDDDDusrp_source :error: In the last 800 ms, 11 overflows occurred.
DDusrp_source :error: In the last 785 ms, 3 overflows occurred.
DDUUUU
new mac frame  (length 260)
=========================================
duration: pdu len 00 00
frame control: 00 08 (DATA)
Subtype: Data
seq nr: 15
address 1: 30:14:4a:e6:46:e4
address 2: 12:34:56:78:90:ab
address 3: 42:42:42:42:42:42
instantaneous fer: 0
{"type": "VoteResponse", "term": 13, "sender_id": 3, "prev_log_index": 0, "prev_log_term": 0, "entries": [], "leader_commit": 0, "last_log_index": 0, "last_log_term": 0, "success": false, "vote_granted": true, "phy_state": {"snr": 0.0}}
260
DDDDDusrp_source :error: In the last 805 ms, 7 overflows occurred.
DDDDusrp_source :error: In the last 781 ms, 4 overflows occurred.
DDDDDpdu len 260

new mac frame  (length 260)
=========================================
duration: 00 00
frame control: 00 08 (DATA)
Subtype: Data
seq nr: 15
address 1: 30:14:4a:e6:46:e4
address 2: 12:34:56:78:90:ab
address 3: 42:42:42:42:42:42
instantaneous fer: 0.999756
{"type": "VoteResponse", "term": 14, "sender_id": 1, "prev_log_index": 0, "prev_log_term": 0, "entries": [], "leader_commit": 0, "last_log_index": 0, "last_log_term": 0, "success": false, "vote_granted": true, "phy_state": {"snr": 0.0}}
Dpdu len 261

new mac frame  (length 261)
=========================================
duration: 00 00
frame control: 00 08 (DATA)
Subtype: Data
seq nr: 17
address 1: 30:14:4a:e6:46:e4
address 2: 12:34:56:78:90:ab
address 3: 42:42:42:42:42:42
instantaneous fer: 0.5
{"type": "VoteResponse", "term": 14, "sender_id": 3, "prev_log_index": 0, "prev_log_term": 0, "entries": [], "leader_commit": 0, "last_log_index": 0, "last_log_term": 0, "success": false, "vote_granted": false, "phy_state": {"snr": 0.0}}
Dusrp_source :error: In the last 800 ms, 7 overflows occurred.
DDDDDDDDDDusrp_source :error: In the last 779 ms, 10 overflows occurred.
DDDDDDDDUUDDDpdu len 260

new mac frame  (length 260)
=========================================
duration: 00 00
frame control: 00 08 (DATA)
Subtype: Data
seq nr: 18
address 1: 30:14:4a:e6:46:e4
address 2: 12:34:56:78:90:ab
address 3: 42:42:42:42:42:42
instantaneous fer: 0
{"type": "RequestVote", "term": 15, "sender_id": 3, "prev_log_index": 0, "prev_log_term": 0, "entries": [], "leader_commit": 0, "last_log_index": 0, "last_log_term": 0, "success": false, "vote_granted": false, "phy_state": {"snr": 0.0}}
SUusrp_source :error: In the last 921 ms, 11 overflows occurred.
DDDusrp_source :error: In the last 784 ms, 3 overflows occurred.
DDU
pdu len 260
new mac frame  (length 260)
=========================================
duration: 00 00
frame control: 00 08 (DATA)
Subtype: Data
seq nr: 17
address 1: 30:14:4a:e6:46:e4
address 2: 12:34:56:78:90:ab
address 3: 42:42:42:42:42:42
instantaneous fer: 0.999756
{"type": "RequestVote", "term": 16, "sender_id": 2, "prev_log_index": 0, "prev_log_term": 0, "entries": [], "leader_commit": 0, "last_log_index": 0, "last_log_term": 0, "success": false, "vote_granted": false, "phy_state": {"snr": 0.0}}
Dpdu len 260
D
new mac frame  (length 260)
=========================================
duration: 00 00
frame control: 00 08 (DATA)
Subtype: Data
seq nr: 18
address 1: 30:14:4a:e6:46:e4
address 2: 12:34:56:78:90:ab
address 3: 42:42:42:42:42:42
instantaneous fer: 0
{"type": "VoteResponse", "term": 16, "sender_id": 1, "prev_log_index": 0, "prev_log_term": 0, "entries": [], "leader_commit": 0, "last_log_index": 0, "last_log_term": 0, "success": false, "vote_granted": true, "phy_state": {"snr": 0.0}}
pdu len 260

new mac frame  (length 260)
=========================================
duration: 00 00
frame control: 00 08 (DATA)
Subtype: Data
seq nr: 19
address 1: 30:14:4a:e6:46:e4
address 2: 12:34:56:78:90:ab
address 3: 42:42:42:42:42:42
instantaneous fer: 0
{"type": "VoteResponse", "term": 16, "sender_id": 3, "prev_log_index": 0, "prev_log_term": 0, "entries": [], "leader_commit": 0, "last_log_index": 0, "last_log_term": 0, "success": false, "vote_granted": true, "phy_state": {"snr": 0.0}}
DDDusrp_source :error: In the last 835 ms, 7 overflows occurred.
DDDDDDDDDDDDDDDDDDDDDDusrp_source :error: In the last 889 ms, 22 overflows occurred.
DDDDDDDDDDDDDpdu len 260

new mac frame  (length 260)
=========================================
duration: 00 00
frame control: 00 08 (DATA)
Subtype: Data
seq nr: 19
address 1: 30:14:4a:e6:46:e4
address 2: 12:34:56:78:90:ab
address 3: 42:42:42:42:42:42
instantaneous fer: 0.999756
{"type": "VoteResponse", "term": 17, "sender_id": 1, "prev_log_index": 0, "prev_log_term": 0, "entries": [], "leader_commit": 0, "last_log_index": 0, "last_log_term": 0, "success": false, "vote_granted": true, "phy_state": {"snr": 0.0}}
Dpdu len 260

new mac frame  (length 260)
=========================================
duration: 00 00
frame control: 00 08 (DATA)
Subtype: Data
seq nr: 20
address 1: 30:14:4a:e6:46:e4
address 2: 12:34:56:78:90:ab
address 3: 42:42:42:42:42:42
instantaneous fer: 0
{"type": "VoteResponse", "term": 17, "sender_id": 3, "prev_log_index": 0, "prev_log_term": 0, "entries": [], "leader_commit": 0, "last_log_index": 0, "last_log_term": 0, "success": false, "vote_granted": true, "phy_state": {"snr": 0.0}}
DDDusrp_source :error: In the last 939 ms, 17 overflows occurred.
DDusrp_source :error: In the last 788 ms, 2 overflows occurred.
DDDDDDDDpdu len 260

new mac frame  (length 260)
=========================================
duration: 00 00
frame control: 00 08 (DATA)
Subtype: Data
seq nr: 20
address 1: 30:14:4a:e6:46:e4
address 2: 12:34:56:78:90:ab
address 3: 42:42:42:42:42:42
instantaneous fer: 0.999756
{"type": "RequestVote", "term": 19, "sender_id": 1, "prev_log_index": 0, "prev_log_term": 0, "entries": [], "leader_commit": 0, "last_log_index": 0, "last_log_term": 0, "success": false, "vote_granted": false, "phy_state": {"snr": 0.0}}
DDDDpdu len 260

new mac frame  (length 260)
=========================================
duration: 00 00
frame control: 00 08 (DATA)
Subtype: Data
seq nr: 20
address 1: 30:14:4a:e6:46:e4
address 2: 12:34:56:78:90:ab
address 3: 42:42:42:42:42:42
instantaneous fer: 0.999756
{"type": "VoteResponse", "term": 19, "sender_id": 2, "prev_log_index": 0, "prev_log_term": 0, "entries": [], "leader_commit": 0, "last_log_index": 0, "last_log_term": 0, "success": false, "vote_granted": true, "phy_state": {"snr": 0.0}}
usrp_source :error: In the last 907 ms, 12 overflows occurred.
DDDDDDusrp_source :error: In the last 841 ms, 6 overflows occurred.
DDDDDDDDDDDDDusrp_source :error: In the last 779 ms, 12 overflows occurred.
DDDDpdu len 260

new mac frame  (length 260)
=========================================
duration: 00 00
frame control: 00 08 (DATA)
Subtype: Data
seq nr: 23
address 1: 30:14:4a:e6:46:e4
address 2: 12:34:56:78:90:ab
address 3: 42:42:42:42:42:42
instantaneous fer: 0.666667
{"type": "VoteResponse", "term": 20, "sender_id": 3, "prev_log_index": 0, "prev_log_term": 0, "entries": [], "leader_commit": 0, "last_log_index": 0, "last_log_term": 0, "success": false, "vote_granted": true, "phy_state": {"snr": 0.0}}
DDDDDDDDusrp_source :error: In the last 1183 ms, 13 overflows occurred.
DDDDDpdu len 260

new mac frame  (length 260)
=========================================
duration: 00 00
frame control: 00 08 (DATA)
Subtype: Data
seq nr: 22
address 1: 30:14:4a:e6:46:e4
address 2: 12:34:56:78:90:ab
address 3: 42:42:42:42:42:42
instantaneous fer: 0.999756
{"type": "RequestVote", "term": 21, "sender_id": 1, "prev_log_index": 0, "prev_log_term": 0, "entries": [], "leader_commit": 0, "last_log_index": 0, "last_log_term": 0, "success": false, "vote_granted": false, "phy_state": {"snr": 0.0}}
DDDusrp_source :error: In the last 766 ms, 8 overflows occurred.
DDDDDDDDDusrp_source :error: In the last 806 ms, 9 overflows occurred.
DDDDDUpdu len 260

new mac frame  (length 260)
=========================================
duration: 00 00
frame control: 00 08 (DATA)
Subtype: Data
seq nr: 23
address 1: 30:14:4a:e6:46:e4
address 2: 12:34:56:78:90:ab
address 3: 42:42:42:42:42:42
instantaneous fer: 0
{"type": "VoteResponse", "term": 22, "sender_id": 1, "prev_log_index": 0, "prev_log_term": 0, "entries": [], "leader_commit": 0, "last_log_index": 0, "last_log_term": 0, "success": false, "vote_granted": true, "phy_state": {"snr": 0.0}}
Dusrp_source :error: In the last 873 ms, 5 overflows occurred.
DDDpdu len 260

new mac frame  (length 260)
=========================================
duration: 00 00
frame control: 00 08 (DATA)
Subtype: Data
seq nr: 24
address 1: 30:14:4a:e6:46:e4
address 2: 12:34:56:78:90:ab
address 3: 42:42:42:42:42:42
instantaneous fer: 0
{"type": "VoteResponse", "term": 23, "sender_id": 1, "prev_log_index": 0, "prev_log_term": 0, "entries": [], "leader_commit": 0, "last_log_index": 0, "last_log_term": 0, "success": false, "vote_granted": true, "phy_state": {"snr": 0.0}}
Dusrp_source :error: In the last 1037 ms, 5 overflows occurred.
DDDDusrp_source :error: In the last 2190 ms, 4 overflows occurred.
Dpdu len 260

new mac frame  (length 260)
=========================================
duration: 00 00
frame control: 00 08 (DATA)
Subtype: Data
seq nr: 26
address 1: 30:14:4a:e6:46:e4
address 2: 12:34:56:78:90:ab
address 3: 42:42:42:42:42:42
instantaneous fer: 0.5
{"type": "RequestVote", "term": 25, "sender_id": 1, "prev_log_index": 0, "prev_log_term": 0, "entries": [], "leader_commit": 0, "last_log_index": 0, "last_log_term": 0, "success": false, "vote_granted": false, "phy_state": {"snr": 0.0}}
DSpdu len 261

new mac frame  (length 261)
=========================================
duration: 00 00
frame control: 00 08 (DATA)
Subtype: Data
seq nr: 27
address 1: 30:14:4a:e6:46:e4
address 2: 12:34:56:78:90:ab
address 3: 42:42:42:42:42:42
instantaneous fer: 0
{"type": "VoteResponse", "term": 25, "sender_id": 3, "prev_log_index": 0, "prev_log_term": 0, "entries": [], "leader_commit": 0, "last_log_index": 0, "last_log_term": 0, "success": false, "vote_granted": false, "phy_state": {"snr": 0.0}}
DDDDDDDusrp_source :error: In the last 795 ms, 9 overflows occurred.
DDDDDDDDDDSusrp_source :error: In the last 908 ms, 10 overflows occurred.
DDpdu len 260

new mac frame  (length 260)
=========================================
duration: 00 00
frame control: 00 08 (DATA)
Subtype: Data
seq nr: 29
address 1: 30:14:4a:e6:46:e4
address 2: 12:34:56:78:90:ab
address 3: 42:42:42:42:42:42
instantaneous fer: 0.5
{"type": "RequestVote", "term": 27, "sender_id": 3, "prev_log_index": 0, "prev_log_term": 0, "entries": [], "leader_commit": 0, "last_log_index": 0, "last_log_term": 0, "success": false, "vote_granted": false, "phy_state": {"snr": 0.0}}
pdu len 260

new mac frame  (length 260)
=========================================
duration: 00 00
frame control: 00 08 (DATA)
Subtype: Data
seq nr: 28
address 1: 30:14:4a:e6:46:e4
address 2: 12:34:56:78:90:ab
address 3: 42:42:42:42:42:42
instantaneous fer: 0.999756
{"type": "RequestVote", "term": 27, "sender_id": 1, "prev_log_index": 0, "prev_log_term": 0, "entries": [], "leader_commit": 0, "last_log_index": 0, "last_log_term": 0, "success": false, "vote_granted": false, "phy_state": {"snr": 0.0}}
D
new mac frame  (length 261)
=========================================
duration: 00 00
frame control: 00 08 (DATA)
Subtype: Data
seq nr: 29
address 1: 30:14:4a:e6:46:e4
address 2: 12:34:56:78:90:ab
address 3: 42:42:42:42:42:42
instantaneous fer: 0
{"type": "VoteResponse", "term": 27, "sender_id": 1, "prev_log_index": 0, "prev_log_term": 0, "entries": [], "leader_commit": 0, "last_log_index": 0, "last_log_term": 0, "success": false, "vote_granted": false, "phy_state": {"snr": 0.0}}
pdu len 261
DDDDDDDDusrp_source :error: In the last 774 ms, 11 overflows occurred.
DDDDDDusrp_source :error: In the last 1650 ms, 6 overflows occurred.
DDDDDDDDDDusrp_source :error: In the last 784 ms, 10 overflows occurred.
DDDDDusrp_source :error: In the last 786 ms, 5 overflows occurred.
DDSUUDDDDDDDDDDDusrp_source :error: In the last 788 ms, 13 overflows occurred.
DDDDusrp_source :error: In the last 796 ms, 4 overflows occurred.
DDDDpdu len 260

new mac frame  (length 260)
=========================================
duration: 00 00
frame control: 00 08 (DATA)
Subtype: Data
seq nr: 33
address 1: 30:14:4a:e6:46:e4
address 2: 12:34:56:78:90:ab
address 3: 42:42:42:42:42:42
instantaneous fer: 0.75
{"type": "RequestVote", "term": 30, "sender_id": 3, "prev_log_index": 0, "prev_log_term": 0, "entries": [], "leader_commit": 0, "last_log_index": 0, "last_log_term": 0, "success": false, "vote_granted": false, "phy_state": {"snr": 0.0}}
DDDDDDDDDDDDDDusrp_source :error: In the last 923 ms, 18 overflows occurred.
DDusrp_source :error: In the last 798 ms, 2 overflows occurred.
DDDU
new mac frame  (length 260)
=========================================
duration: 00 00
frame control: 00 08 (DATA)
Subtype: Data
seq nr: 33
address 1: 30:14:4a:e6:46:e4
address 2: 12:34:56:78:90:ab
address 3: 42:42:42:42:42:42
instantaneous fer: 0.999756
{"type": "RequestVote", "term": 31, "sender_id": 2, "prev_log_index": 0, "prev_log_term": 0, "entries": [], "leader_commit": 0, "last_log_index": 0, "last_log_term": 0, "success": false, "vote_granted": false, "phy_state": {"snr": 0.0}}
pdu len 260
pdu len 260

new mac frame  (length 260)
=========================================
duration: 00 00
frame control: 00 08 (DATA)
Subtype: Data
seq nr: 33
address 1: 30:14:4a:e6:46:e4
address 2: 12:34:56:78:90:ab
address 3: 42:42:42:42:42:42
instantaneous fer: 0.999756
{"type": "VoteResponse", "term": 31, "sender_id": 1, "prev_log_index": 0, "prev_log_term": 0, "entries": [], "leader_commit": 0, "last_log_index": 0, "last_log_term": 0, "success": false, "vote_granted": true, "phy_state": {"snr": 0.0}}
DDDDDDDusrp_source :error: In the last 797 ms, 10 overflows occurred.
DDDDDusrp_source :error: In the last 784 ms, 5 overflows occurred.
DDDDDDDDDDDDDDDpdu len 261

new mac frame  (length 261)
=========================================
duration: 00 00
frame control: 00 08 (DATA)
Subtype: Data
seq nr: 35
address 1: 30:14:4a:e6:46:e4
address 2: 12:34:56:78:90:ab
address 3: 42:42:42:42:42:42
instantaneous fer: 0.5
{"type": "VoteResponse", "term": 32, "sender_id": 1, "prev_log_index": 0, "prev_log_term": 0, "entries": [], "leader_commit": 0, "last_log_index": 0, "last_log_term": 0, "success": false, "vote_granted": false, "phy_state": {"snr": 0.0}}
Dpdu len 261

new mac frame  (length 261)
=========================================
duration: 00 00
frame control: 00 08 (DATA)
Subtype: Data
seq nr: 36
address 1: 30:14:4a:e6:46:e4
address 2: 12:34:56:78:90:ab
address 3: 42:42:42:42:42:42
instantaneous fer: 0
{"type": "VoteResponse", "term": 32, "sender_id": 3, "prev_log_index": 0, "prev_log_term": 0, "entries": [], "leader_commit": 0, "last_log_index": 0, "last_log_term": 0, "success": false, "vote_granted": false, "phy_state": {"snr": 0.0}}
usrp_source :error: In the last 786 ms, 16 overflows occurred.
DDDDDDDDDDDDDDDusrp_source :error: In the last 799 ms, 15 overflows occurred.
DDDDpdu len 260

new mac frame  (length 260)
=========================================
duration: 00 00
frame control: 00 08 (DATA)
Subtype: Data
seq nr: 36
address 1: 30:14:4a:e6:46:e4
address 2: 12:34:56:78:90:ab
address 3: 42:42:42:42:42:42
instantaneous fer: 0.999756
{"type": "VoteResponse", "term": 33, "sender_id": 1, "prev_log_index": 0, "prev_log_term": 0, "entries": [], "leader_commit": 0, "last_log_index": 0, "last_log_term": 0, "success": false, "vote_granted": true, "phy_state": {"snr": 0.0}}
pdu len 260

new mac frame  (length 260)
=========================================
duration: 00 00
frame control: 00 08 (DATA)
Subtype: Data
seq nr: 37
address 1: 30:14:4a:e6:46:e4
address 2: 12:34:56:78:90:ab
address 3: 42:42:42:42:42:42
instantaneous fer: 0
{"type": "VoteResponse", "term": 33, "sender_id": 3, "prev_log_index": 0, "prev_log_term": 0, "entries": [], "leader_commit": 0, "last_log_index": 0, "last_log_term": 0, "success": false, "vote_granted": true, "phy_state": {"snr": 0.0}}
usrp_source :error: In the last 784 ms, 4 overflows occurred.
DDDDDDDusrp_source :error: In the last 1084 ms, 7 overflows occurred.
DDDDDpdu len 260

new mac frame  (length 260)
=========================================
duration: 00 00
frame control: 00 08 (DATA)
Subtype: Data
seq nr: 38
address 1: 30:14:4a:e6:46:e4
address 2: 12:34:56:78:90:ab
address 3: 42:42:42:42:42:42
instantaneous fer: 0
{"type": "RequestVote", "term": 34, "sender_id": 3, "prev_log_index": 0, "prev_log_term": 0, "entries": [], "leader_commit": 0, "last_log_index": 0, "last_log_term": 0, "success": false, "vote_granted": false, "phy_state": {"snr": 0.0}}
DDDpdu len 261

new mac frame  (length 261)
=========================================
duration: 00 00
frame control: 00 08 (DATA)
Subtype: Data
seq nr: 38
address 1: 30:14:4a:e6:46:e4
address 2: 12:34:56:78:90:ab
address 3: 42:42:42:42:42:42
instantaneous fer: 0.999756
{"type": "VoteResponse", "term": 34, "sender_id": 1, "prev_log_index": 0, "prev_log_term": 0, "entries": [], "leader_commit": 0, "last_log_index": 0, "last_log_term": 0, "success": false, "vote_granted": false, "phy_state": {"snr": 0.0}}
usrp_source :error: In the last 894 ms, 8 overflows occurred.
DDDDDD
new mac frame  (length 260)
=========================================
duration: 00 00
frame control: 00 08 (DATA)
Subtype: Data
seq nr: 40
address 1: 30:14:4a:e6:46:e4
address 2: 12:34:56:78:90:ab
address 3: 42:42:42:42:42:42
instantaneous fer: 0.5
{"type": "VoteResponse", "term": 35, "sender_id": 3, "prev_log_index": 0, "prev_log_term": 0, "entries": [], "leader_commit": 0, "last_log_index": 0, "last_log_term": 0, "success": false, "vote_granted": true, "phy_state": {"snr": 0.0}}
pdu len 260
usrp_source :error: In the last 1477 ms, 6 overflows occurred.
Dpdu len 260

new mac frame  (length 260)
=========================================
duration: 00 00
frame control: 00 08 (DATA)
Subtype: Data
seq nr: 39
address 1: 30:14:4a:e6:46:e4
address 2: 12:34:56:78:90:ab
address 3: 42:42:42:42:42:42
instantaneous fer: 0.999756
{"type": "VoteResponse", "term": 35, "sender_id": 1, "prev_log_index": 0, "prev_log_term": 0, "entries": [], "leader_commit": 0, "last_log_index": 0, "last_log_term": 0, "success": false, "vote_granted": true, "phy_state": {"snr": 0.0}}
DDDDDDDusrp_source :error: In the last 965 ms, 8 overflows occurred.
DDDDDDpdu len 260

new mac frame  (length 260)
=========================================
duration: 00 00
frame control: 00 08 (DATA)
Subtype: Data
seq nr: 41
address 1: 30:14:4a:e6:46:e4
address 2: 12:34:56:78:90:ab
address 3: 42:42:42:42:42:42
instantaneous fer: 0.5
{"type": "VoteResponse", "term": 36, "sender_id": 3, "prev_log_index": 0, "prev_log_term": 0, "entries": [], "leader_commit": 0, "last_log_index": 0, "last_log_term": 0, "success": false, "vote_granted": true, "phy_state": {"snr": 0.0}}
pdu len 260

new mac frame  (length 260)
=========================================
duration: 00 00
frame control: 00 08 (DATA)
Subtype: Data
seq nr: 40
address 1: 30:14:4a:e6:46:e4
address 2: 12:34:56:78:90:ab
address 3: 42:42:42:42:42:42
instantaneous fer: 0.999756
{"type": "VoteResponse", "term": 36, "sender_id": 1, "prev_log_index": 0, "prev_log_term": 0, "entries": [], "leader_commit": 0, "last_log_index": 0, "last_log_term": 0, "success": false, "vote_granted": true, "phy_state": {"snr": 0.0}}
DDDusrp_source :error: In the last 766 ms, 9 overflows occurred.
DDDDDDDDDDSUusrp_source :error: In the last 1909 ms, 10 overflows occurred.
DDDDDDDDDDDDDDDDDDDDusrp_source :error: In the last 776 ms, 20 overflows occurred.
DDDDDDDDDDDDDpdu len 260

new mac frame  (length 260)
=========================================
duration: 00 00
frame control: 00 08 (DATA)
Subtype: Data
seq nr: 43
address 1: 30:14:4a:e6:46:e4
address 2: 12:34:56:78:90:ab
address 3: 42:42:42:42:42:42
instantaneous fer: 0.666667
{"type": "VoteResponse", "term": 38, "sender_id": 3, "prev_log_index": 0, "prev_log_term": 0, "entries": [], "leader_commit": 0, "last_log_index": 0, "last_log_term": 0, "success": false, "vote_granted": true, "phy_state": {"snr": 0.0}}
Uusrp_source :error: In the last 2362 ms, 13 overflows occurred.
Dpdu len 260

new mac frame  (length 260)
=========================================
duration: 00 00
frame control: 00 08 (DATA)
Subtype: Data
seq nr: 44
address 1: 30:14:4a:e6:46:e4
address 2: 12:34:56:78:90:ab
address 3: 42:42:42:42:42:42
instantaneous fer: 0
{"type": "RequestVote", "term": 39, "sender_id": 3, "prev_log_index": 0, "prev_log_term": 0, "entries": [], "leader_commit": 0, "last_log_index": 0, "last_log_term": 0, "success": false, "vote_granted": false, "phy_state": {"snr": 0.0}}
pdu len 260

new mac frame  (length 260)
=========================================
duration: 00 00
frame control: 00 08 (DATA)
Subtype: Data
seq nr: 43
address 1: 30:14:4a:e6:46:e4
address 2: 12:34:56:78:90:ab
address 3: 42:42:42:42:42:42
instantaneous fer: 0.999756
{"type": "VoteResponse", "term": 39, "sender_id": 1, "prev_log_index": 0, "prev_log_term": 0, "entries": [], "leader_commit": 0, "last_log_index": 0, "last_log_term": 0, "success": false, "vote_granted": true, "phy_state": {"snr": 0.0}}
DDDDDDDDDDDDDDDDDpdu len 260

new mac frame  (length 260)
=========================================
duration: 00 00
frame control: 00 08 (DATA)
Subtype: Data
seq nr: 44
address 1: 30:14:4a:e6:46:e4
address 2: 12:34:56:78:90:ab
address 3: 42:42:42:42:42:42
instantaneous fer: 0
{"type": "VoteResponse", "term": 40, "sender_id": 1, "prev_log_index": 0, "prev_log_term": 0, "entries": [], "leader_commit": 0, "last_log_index": 0, "last_log_term": 0, "success": false, "vote_granted": true, "phy_state": {"snr": 0.0}}
usrp_source :error: In the last 795 ms, 18 overflows occurred.
DDDDusrp_source :error: In the last 797 ms, 4 overflows occurred.
Dpdu len 260

new mac frame  (length 260)
=========================================
duration: 00 00
frame control: 00 08 (DATA)
Subtype: Data
seq nr: 45
address 1: 30:14:4a:e6:46:e4
address 2: 12:34:56:78:90:ab
address 3: 42:42:42:42:42:42
instantaneous fer: 0
{"type": "RequestVote", "term": 41, "sender_id": 3, "prev_log_index": 0, "prev_log_term": 0, "entries": [], "leader_commit": 0, "last_log_index": 0, "last_log_term": 0, "success": false, "vote_granted": false, "phy_state": {"snr": 0.0}}
DDDDDDDDDDDDDDDusrp_source :error: In the last 789 ms, 16 overflows occurred.
DDDDDusrp_source :error: In the last 916 ms, 5 overflows occurred.
DDDpdu len 260

new mac frame  (length 260)
=========================================
duration: 00 00
frame control: 00 08 (DATA)
Subtype: Data
seq nr: 46
address 1: 30:14:4a:e6:46:e4
address 2: 12:34:56:78:90:ab
address 3: 42:42:42:42:42:42
instantaneous fer: 0
{"type": "RequestVote", "term": 42, "sender_id": 3, "prev_log_index": 0, "prev_log_term": 0, "entries": [], "leader_commit": 0, "last_log_index": 0, "last_log_term": 0, "success": false, "vote_granted": false, "phy_state": {"snr": 0.0}}
pdu len 260

new mac frame  (length 260)
=========================================
duration: 00 00
frame control: 00 08 (DATA)
Subtype: Data
seq nr: 46
address 1: 30:14:4a:e6:46:e4
address 2: 12:34:56:78:90:ab
address 3: 42:42:42:42:42:42
instantaneous fer: 0.999756
{"type": "VoteResponse", "term": 42, "sender_id": 1, "prev_log_index": 0, "prev_log_term": 0, "entries": [], "leader_commit": 0, "last_log_index": 0, "last_log_term": 0, "success": false, "vote_granted": true, "phy_state": {"snr": 0.0}}
DDDDDDDDDusrp_source :error: In the last 852 ms, 12 overflows occurred.
DDDDDDDDusrp_source :error: In the last 754 ms, 8 overflows occurred.
DUUDDpdu len 260

new mac frame  (length 260)
=========================================
duration: 00 00
frame control: 00 08 (DATA)
Subtype: Data
seq nr: 47
address 1: 30:14:4a:e6:46:e4
address 2: 12:34:56:78:90:ab
address 3: 42:42:42:42:42:42
instantaneous fer: 0
{"type": "VoteResponse", "term": 43, "sender_id": 1, "prev_log_index": 0, "prev_log_term": 0, "entries": [], "leader_commit": 0, "last_log_index": 0, "last_log_term": 0, "success": false, "vote_granted": true, "phy_state": {"snr": 0.0}}

new mac frame  (length 260)
=========================================
duration: 00 00
frame control: 00 08 (DATA)
Subtype: Data
seq nr: 47
pdu len 260
address 1: 30:14:4a:e6:46:e4
address 2: 12:34:56:78:90:ab
address 3: 42:42:42:42:42:42
instantaneous fer: 0.999756
{"type": "VoteResponse", "term": 43, "sender_id": 3, "prev_log_index": 0, "prev_log_term": 0, "entries": [], "leader_commit": 0, "last_log_index": 0, "last_log_term": 0, "success": false, "vote_granted": true, "phy_state": {"snr": 0.0}}
DDDDDDDDDusrp_source :error: In the last 761 ms, 11 overflows occurred.
DDDDDDDDDDDDDusrp_source :error: In the last 769 ms, 14 overflows occurred.
DDDDpdu len 260

new mac frame  (length 260)
=========================================
duration: 00 00
frame control: 00 08 (DATA)
Subtype: Data
seq nr: 48
address 1: 30:14:4a:e6:46:e4
address 2: 12:34:56:78:90:ab
address 3: 42:42:42:42:42:42
instantaneous fer: 0
{"type": "RequestVote", "term": 44, "sender_id": 1, "prev_log_index": 0, "prev_log_term": 0, "entries": [], "leader_commit": 0, "last_log_index": 0, "last_log_term": 0, "success": false, "vote_granted": false, "phy_state": {"snr": 0.0}}
UUUUUUUUUUUUUUUUDpdu len 260

new mac frame  (length 260)
=========================================
duration: 00 00
frame control: 00 08 (DATA)
Subtype: Data
seq nr: 48
address 1: 30:14:4a:e6:46:e4
address 2: 12:34:56:78:90:ab
address 3: 42:42:42:42:42:42
instantaneous fer: 0.999756
{"type": "VoteResponse", "term": 44, "sender_id": 3, "prev_log_index": 0, "prev_log_term": 0, "entries": [], "leader_commit": 0, "last_log_index": 0, "last_log_term": 0, "success": false, "vote_granted": true, "phy_state": {"snr": 0.0}}
DDDusrp_source :error: In the last 766 ms, 7 overflows occurred.
DDDDDDSUusrp_source :error: In the last 1697 ms, 7 overflows occurred.
DDDDDDDDDDDDusrp_source :error: In the last 768 ms, 11 overflows occurred.
DDDDDDDUusrp_source :error: In the last 906 ms, 8 overflows occurred.
DDDDDusrp_source :error: In the last 795 ms, 5 overflows occurred.
DDDusrp_source :error: In the last 788 ms, 3 overflows occurred.
DDDDDpdu len 260

new mac frame  (length 260)
=========================================
duration: 00 00
frame control: 00 08 (DATA)
Subtype: Data
seq nr: 51
address 1: 30:14:4a:e6:46:e4
address 2: 12:34:56:78:90:ab
address 3: 42:42:42:42:42:42
instantaneous fer: 0.666667
{"type": "VoteResponse", "term": 47, "sender_id": 3, "prev_log_index": 0, "prev_log_term": 0, "entries": [], "leader_commit": 0, "last_log_index": 0, "last_log_term": 0, "success": false, "vote_granted": true, "phy_state": {"snr": 0.0}}
DDDDDusrp_source :error: In the last 788 ms, 10 overflows occurred.
DDDDDDDDDDDDDusrp_source :error: In the last 963 ms, 13 overflows occurred.
DDUUUDDDDDDDDDDDDDDDD
new mac frame  (length 261)
=========================================
duration: 00 00
frame control: 00 08 (DATA)
Subtype: Data
seq nr: 53
address 1: 30:14:4a:e6:46:e4
address 2: 12:34:56:78:90:ab
address 3: 42:42:42:42:42:42
instantaneous fer: 0.5
{"type": "VoteResponse", "term": 48, "sender_id": 3, "prev_log_index": 0, "prev_log_term": 0, "entries": [], "leader_commit": 0, "last_log_index": 0, "last_log_term": 0, "success": false, "vote_granted": false, "phy_state": {"snr": 0.0}}
Dpdu len 261
usrp_source :error: In the last 783 ms, 19 overflows occurred.
DDDDDDDDDDDDDDusrp_source :error: In the last 917 ms, 14 overflows occurred.
DDDDDDDDDDDDpdu len 260

new mac frame  (length 260)
=========================================
duration: 00 00
frame control: 00 08 (DATA)
Subtype: Data
seq nr: 54
address 1: 30:14:4a:e6:46:e4
address 2: 12:34:56:78:90:ab
address 3: 42:42:42:42:42:42
instantaneous fer: 0
{"type": "VoteResponse", "term": 49, "sender_id": 3, "prev_log_index": 0, "prev_log_term": 0, "entries": [], "leader_commit": 0, "last_log_index": 0, "last_log_term": 0, "success": false, "vote_granted": true, "phy_state": {"snr": 0.0}}
DDusrp_source :error: In the last 790 ms, 14 overflows occurred.
DDDusrp_source :error: In the last 795 ms, 3 overflows occurred.
DDDDDDDDDDDDDDDDpdu len 260

new mac frame  (length 260)
=========================================
duration: 00 00
frame control: 00 08 (DATA)
Subtype: Data
seq nr: 56
address 1: 30:14:4a:e6:46:e4
address 2: 12:34:56:78:90:ab
address 3: 42:42:42:42:42:42
instantaneous fer: 0.5
{"type": "VoteResponse", "term": 50, "sender_id": 3, "prev_log_index": 0, "prev_log_term": 0, "entries": [], "leader_commit": 0, "last_log_index": 0, "last_log_term": 0, "success": false, "vote_granted": true, "phy_state": {"snr": 0.0}}
pdu len 260

new mac frame  (length 260)
=========================================
duration: 00 00
frame control: 00 08 (DATA)
Subtype: Data
seq nr: 54
address 1: 30:14:4a:e6:46:e4
address 2: 12:34:56:78:90:ab
address 3: 42:42:42:42:42:42
instantaneous fer: 0.999756
{"type": "VoteResponse", "term": 50, "sender_id": 1, "prev_log_index": 0, "prev_log_term": 0, "entries": [], "leader_commit": 0, "last_log_index": 0, "last_log_term": 0, "success": false, "vote_granted": true, "phy_state": {"snr": 0.0}}
usrp_source :error: In the last 786 ms, 16 overflows occurred.
DDDDDDDDDDDDusrp_source :error: In the last 786 ms, 12 overflows occurred.
DDDDDDDDusrp_source :error: In the last 788 ms, 8 overflows occurred.
DDpdu len 260

new mac frame  (length 260)
=========================================
duration: 00 00
frame control: 00 08 (DATA)
Subtype: Data
seq nr: 57
address 1: 30:14:4a:e6:46:e4
address 2: 12:34:56:78:90:ab
address 3: 42:42:42:42:42:42
instantaneous fer: 0.666667
{"type": "RequestVote", "term": 51, "sender_id": 3, "prev_log_index": 0, "prev_log_term": 0, "entries": [], "leader_commit": 0, "last_log_index": 0, "last_log_term": 0, "success": false, "vote_granted": false, "phy_state": {"snr": 0.0}}
pdu len 260

new mac frame  (length 260)
=========================================
duration: 00 00
frame control: 00 08 (DATA)
Subtype: Data
seq nr: 55
address 1: 30:14:4a:e6:46:e4
address 2: 12:34:56:78:90:ab
address 3: 42:42:42:42:42:42
instantaneous fer: 0.999756
{"type": "VoteResponse", "term": 51, "sender_id": 1, "prev_log_index": 0, "prev_log_term": 0, "entries": [], "leader_commit": 0, "last_log_index": 0, "last_log_term": 0, "success": false, "vote_granted": true, "phy_state": {"snr": 0.0}}
DDDDDDDDusrp_source :error: In the last 919 ms, 9 overflows occurred.
DDDDDDDDusrp_source :error: In the last 787 ms, 9 overflows occurred.
Dpdu len 260

new mac frame  (length 260)
=========================================
duration: 00 00
frame control: 00 08 (DATA)
Subtype: Data
seq nr: 58
address 1: 30:14:4a:e6:46:e4
address 2: 12:34:56:78:90:ab
address 3: 42:42:42:42:42:42
instantaneous fer: 0.666667
{"type": "RequestVote", "term": 52, "sender_id": 3, "prev_log_index": 0, "prev_log_term": 0, "entries": [], "leader_commit": 0, "last_log_index": 0, "last_log_term": 0, "success": false, "vote_granted": false, "phy_state": {"snr": 0.0}}
pdu len 260

new mac frame  (length 260)
=========================================
duration: 00 00
frame control: 00 08 (DATA)
Subtype: Data
seq nr: 56
address 1: 30:14:4a:e6:46:e4
address 2: 12:34:56:78:90:ab
address 3: 42:42:42:42:42:42
instantaneous fer: 0.999756
{"type": "VoteResponse", "term": 52, "sender_id": 1, "prev_log_index": 0, "prev_log_term": 0, "entries": [], "leader_commit": 0, "last_log_index": 0, "last_log_term": 0, "success": false, "vote_granted": true, "phy_state": {"snr": 0.0}}
DDusrp_source :error: In the last 1666 ms, 3 overflows occurred.
DDpdu len 260

new mac frame  (length 260)
=========================================
duration: 00 00
frame control: 00 08 (DATA)
Subtype: Data
seq nr: 57
address 1: 30:14:4a:e6:46:e4
address 2: 12:34:56:78:90:ab
address 3: 42:42:42:42:42:42
instantaneous fer: 0
{"type": "VoteResponse", "term": 53, "sender_id": 1, "prev_log_index": 0, "prev_log_term": 0, "entries": [], "leader_commit": 0, "last_log_index": 0, "last_log_term": 0, "success": false, "vote_granted": true, "phy_state": {"snr": 0.0}}
pdu len 261

new mac frame  (length 261)
=========================================
duration: 00 00
frame control: 00 08 (DATA)
Subtype: Data
seq nr: 60
address 1: 30:14:4a:e6:46:e4
address 2: 12:34:56:78:90:ab
address 3: 42:42:42:42:42:42
instantaneous fer: 0.666667
{"type": "VoteResponse", "term": 53, "sender_id": 3, "prev_log_index": 0, "prev_log_term": 0, "entries": [], "leader_commit": 0, "last_log_index": 0, "last_log_term": 0, "success": false, "vote_granted": false, "phy_state": {"snr": 0.0}}
DDDDDDDusrp_source :error: In the last 788 ms, 9 overflows occurred.
DDDDDDDDDDDusrp_source :error: In the last 799 ms, 11 overflows occurred.
DDpdu len 260

new mac frame  (length 260)
=========================================
duration: 00 00
frame control: 00 08 (DATA)
Subtype: Data
seq nr: 61
address 1: 30:14:4a:e6:46:e4
address 2: 12:34:56:78:90:ab
address 3: 42:42:42:42:42:42
instantaneous fer: 0
{"type": "RequestVote", "term": 54, "sender_id": 3, "prev_log_index": 0, "prev_log_term": 0, "entries": [], "leader_commit": 0, "last_log_index": 0, "last_log_term": 0, "success": false, "vote_granted": false, "phy_state": {"snr": 0.0}}
Updu len 260

new mac frame  (length 260)
=========================================
duration: 00 00
frame control: 00 08 (DATA)
Subtype: Data
seq nr: 58
address 1: 30:14:4a:e6:46:e4
address 2: 12:34:56:78:90:ab
address 3: 42:42:42:42:42:42
instantaneous fer: 0.999756
{"type": "VoteResponse", "term": 54, "sender_id": 1, "prev_log_index": 0, "prev_log_term": 0, "entries": [], "leader_commit": 0, "last_log_index": 0, "last_log_term": 0, "success": false, "vote_granted": true, "phy_state": {"snr": 0.0}}
pdu len 260

new mac frame  (length 260)
=========================================
duration: 00 00
frame control: 00 08 (DATA)
Subtype: Data
seq nr: 57
address 1: 30:14:4a:e6:46:e4
address 2: 12:34:56:78:90:ab
address 3: 42:42:42:42:42:42
instantaneous fer: 0.999756
{"type": "VoteResponse", "term": 54, "sender_id": 2, "prev_log_index": 0, "prev_log_term": 0, "entries": [], "leader_commit": 0, "last_log_index": 0, "last_log_term": 0, "success": false, "vote_granted": true, "phy_state": {"snr": 0.0}}
DDDDDDDDDDDDDDDDusrp_source :error: In the last 782 ms, 17 overflows occurred.
DDDusrp_source :error: In the last 918 ms, 4 overflows occurred.
DD
new mac frame  (length 260)
pdu len =========================================
duration: 260
00 00
frame control: 00 08 (DATA)
Subtype: Data
seq nr: 62
address 1: 30:14:4a:e6:46:e4
address 2: 12:34:56:78:90:ab
address 3: 42:42:42:42:42:42
instantaneous fer: 0.8
{"type": "RequestVote", "term": 55, "sender_id": 3, "prev_log_index": 0, "prev_log_term": 0, "entries": [], "leader_commit": 0, "last_log_index": 0, "last_log_term": 0, "success": false, "vote_granted": false, "phy_state": {"snr": 0.0}}
pdu len 260

new mac frame  (length 260)
=========================================
duration: 00 00
frame control: 00 08 (DATA)
Subtype: Data
seq nr: 59
address 1: 30:14:4a:e6:46:e4
address 2: 12:34:56:78:90:ab
address 3: 42:42:42:42:42:42
instantaneous fer: 0.999756
{"type": "RequestVote", "term": 55, "sender_id": 1, "prev_log_index": 0, "prev_log_term": 0, "entries": [], "leader_commit": 0, "last_log_index": 0, "last_log_term": 0, "success": false, "vote_granted": false, "phy_state": {"snr": 0.0}}
UDDDDDDDDDDDDDusrp_source :error: In the last 785 ms, 15 overflows occurred.
DDDusrp_source :error: In the last 795 ms, 3 overflows occurred.
DDpdu len 260

new mac frame  (length 260)
=========================================
duration: 00 00
frame control: 00 08 (DATA)
Subtype: Data
seq nr: 60
address 1: 30:14:4a:e6:46:e4
address 2: 12:34:56:78:90:ab
address 3: 42:42:42:42:42:42
instantaneous fer: 0
{"type": "RequestVote", "term": 56, "sender_id": 1, "prev_log_index": 0, "prev_log_term": 0, "entries": [], "leader_commit": 0, "last_log_index": 0, "last_log_term": 0, "success": false, "vote_granted": false, "phy_state": {"snr": 0.0}}
DDDDusrp_source :error: In the last 788 ms, 6 overflows occurred.
DDDDDusrp_source :error: In the last 798 ms, 5 overflows occurred.
DD
new mac frame  (length 260)
=========================================
duration: 00 00
frame control: 00 08 (DATA)
Subtype: Data
seq nr: 62
address 1: 30:14:4a:e6:46:e4
address 2: 12:34:56:78:90:ab
address 3: 42:42:42:42:42:42
instantaneous fer: 0.5
{"type": "RequestVote", "term": 57, "sender_id": 1, "prev_log_index": 0, "prev_log_term": 0, "entries": [], "leader_commit": 0, "last_log_index": 0, "last_log_term": 0, "success": false, "vote_granted": false, "phy_state": {"snr": 0.0}}
pdu len 260
pdu len 260

new mac frame  (length 260)
=========================================
duration: 00 00
frame control: 00 08 (DATA)
Subtype: Data
seq nr: 65
address 1: 30:14:4a:e6:46:e4
address 2: 12:34:56:78:90:ab
address 3: 42:42:42:42:42:42
instantaneous fer: 0.666667
{"type": "VoteResponse", "term": 57, "sender_id": 3, "prev_log_index": 0, "prev_log_term": 0, "entries": [], "leader_commit": 0, "last_log_index": 0, "last_log_term": 0, "success": false, "vote_granted": true, "phy_state": {"snr": 0.0}}
DDusrp_source :error: In the last 938 ms, 4 overflows occurred.
DDDusrp_source :error: In the last 1060 ms, 3 overflows occurred.
DDpdu len 260

new mac frame  (length 260)
=========================================
duration: 00 00
frame control: 00 08 (DATA)
Subtype: Data
seq nr: 63
address 1: 30:14:4a:e6:46:e4
address 2: 12:34:56:78:90:ab
address 3: 42:42:42:42:42:42
instantaneous fer: 0.999756
{"type": "RequestVote", "term": 58, "sender_id": 1, "prev_log_index": 0, "prev_log_term": 0, "entries": [], "leader_commit": 0, "last_log_index": 0, "last_log_term": 0, "success": false, "vote_granted": false, "phy_state": {"snr": 0.0}}
pdu len 260

new mac frame  (length 260)
=========================================
duration: 00 00
frame control: 00 08 (DATA)
Subtype: Data
seq nr: 66
address 1: 30:14:4a:e6:46:e4
address 2: 12:34:56:78:90:ab
address 3: 42:42:42:42:42:42
instantaneous fer: 0.666667
{"type": "VoteResponse", "term": 58, "sender_id": 3, "prev_log_index": 0, "prev_log_term": 0, "entries": [], "leader_commit": 0, "last_log_index": 0, "last_log_term": 0, "success": false, "vote_granted": true, "phy_state": {"snr": 0.0}}
DDDDDDusrp_source :error: In the last 858 ms, 8 overflows occurred.
DDDusrp_source :error: In the last 848 ms, 3 overflows occurred.
DDDDDDD
new mac frame  (length 260)
=========================================
duration: 00 00
frame control: 00 08 (DATA)
Subtype: Data
seq nr: 64
address 1: 30:14:4a:e6:46:e4
address 2: 12:34:56:78:90:ab
address 3: 42:42:42:42:42:42
instantaneous fer: 0.999756
{"type": "RequestVote", "term": 59, "sender_id": 1, "prev_log_index": 0, "prev_log_term": 0, "entries": [], "leader_commit": 0, "last_log_index": 0, "last_log_term": 0, "success": false, "vote_granted": false, "phy_state": {"snr": 0.0}}
pdu len 260
pdu len 260

new mac frame  (length 260)
=========================================
duration: 00 00
frame control: 00 08 (DATA)
Subtype: Data
seq nr: 67
address 1: 30:14:4a:e6:46:e4
address 2: 12:34:56:78:90:ab
address 3: 42:42:42:42:42:42
instantaneous fer: 0.666667
{"type": "VoteResponse", "term": 59, "sender_id": 3, "prev_log_index": 0, "prev_log_term": 0, "entries": [], "leader_commit": 0, "last_log_index": 0, "last_log_term": 0, "success": false, "vote_granted": true, "phy_state": {"snr": 0.0}}
usrp_source :error: In the last 750 ms, 7 overflows occurred.
DDDDDusrp_source :error: In the last 1055 ms, 5 overflows occurred.
DUUUUDpdu len 260

new mac frame  (length 260)
=========================================
duration: 00 00
frame control: 00 08 (DATA)
Subtype: Data
seq nr: 68
address 1: 30:14:4a:e6:46:e4
address 2: 12:34:56:78:90:ab
address 3: 42:42:42:42:42:42
instantaneous fer: 0
{"type": "VoteResponse", "term": 60, "sender_id": 3, "prev_log_index": 0, "prev_log_term": 0, "entries": [], "leader_commit": 0, "last_log_index": 0, "last_log_term": 0, "success": false, "vote_granted": true, "phy_state": {"snr": 0.0}}
DDDDusrp_source :error: In the last 1078 ms, 6 overflows occurred.
Dusrp_source :error: In the last 758 ms, 1 overflows occurred.
DDpdu len 260

new mac frame  (length 260)
=========================================
duration: 00 00
frame control: 00 08 (DATA)
Subtype: Data
seq nr: 69
address 1: 30:14:4a:e6:46:e4
address 2: 12:34:56:78:90:ab
address 3: 42:42:42:42:42:42
instantaneous fer: 0
{"type": "RequestVote", "term": 61, "sender_id": 3, "prev_log_index": 0, "prev_log_term": 0, "entries": [], "leader_commit": 0, "last_log_index": 0, "last_log_term": 0, "success": false, "vote_granted": false, "phy_state": {"snr": 0.0}}
pdu len 260

new mac frame  (length 260)
=========================================
duration: 00 00
frame control: 00 08 (DATA)
Subtype: Data
seq nr: 66
address 1: 30:14:4a:e6:46:e4
address 2: 12:34:56:78:90:ab
address 3: 42:42:42:42:42:42
instantaneous fer: 0.999756
{"type": "VoteResponse", "term": 61, "sender_id": 1, "prev_log_index": 0, "prev_log_term": 0, "entries": [], "leader_commit": 0, "last_log_index": 0, "last_log_term": 0, "success": false, "vote_granted": true, "phy_state": {"snr": 0.0}}
DDDDDDDDDDDUusrp_source :error: In the last 2368 ms, 13 overflows occurred.
DDDusrp_source :error: In the last 780 ms, 3 overflows occurred.
DDDusrp_source :error: In the last 788 ms, 3 overflows occurred.
DDDUUpdu len 260

new mac frame  (length 260)
=========================================
duration: 00 00
frame control: 00 08 (DATA)
Subtype: Data
seq nr: 68
address 1: 30:14:4a:e6:46:e4
address 2: 12:34:56:78:90:ab
address 3: 42:42:42:42:42:42
instantaneous fer: 0.5
{"type": "RequestVote", "term": 63, "sender_id": 1, "prev_log_index": 0, "prev_log_term": 0, "entries": [], "leader_commit": 0, "last_log_index": 0, "last_log_term": 0, "success": false, "vote_granted": false, "phy_state": {"snr": 0.0}}
pdu len 260

new mac frame  (length 260)
=========================================
duration: 00 00
frame control: 00 08 (DATA)
Subtype: Data
seq nr: 71
address 1: 30:14:4a:e6:46:e4
address 2: 12:34:56:78:90:ab
address 3: 42:42:42:42:42:42
instantaneous fer: 0.666667
{"type": "RequestVote", "term": 63, "sender_id": 3, "prev_log_index": 0, "prev_log_term": 0, "entries": [], "leader_commit": 0, "last_log_index": 0, "last_log_term": 0, "success": false, "vote_granted": false, "phy_state": {"snr": 0.0}}
pdu len 261

new mac frame  (length 261)
=========================================
duration: 00 00
frame control: 00 08 (DATA)
Subtype: Data
seq nr: 72
address 1: 30:14:4a:e6:46:e4
address 2: 12:34:56:78:90:ab
address 3: 42:42:42:42:42:42
instantaneous fer: 0
{"type": "VoteResponse", "term": 63, "sender_id": 3, "prev_log_index": 0, "prev_log_term": 0, "entries": [], "leader_commit": 0, "last_log_index": 0, "last_log_term": 0, "success": false, "vote_granted": false, "phy_state": {"snr": 0.0}}
DDDDDDDDusrp_source :error: In the last 784 ms, 11 overflows occurred.
DDusrp_source :error: In the last 798 ms, 2 overflows occurred.
DDDUUUpdu len 260

new mac frame  (length 260)
=========================================
duration: 00 00
frame control: 00 08 (DATA)
Subtype: Data
seq nr: 70
address 1: 30:14:4a:e6:46:e4
address 2: 12:34:56:78:90:ab
address 3: 42:42:42:42:42:42
instantaneous fer: 0.999756
{"type": "VoteResponse", "term": 64, "sender_id": 1, "prev_log_index": 0, "prev_log_term": 0, "entries": [], "leader_commit": 0, "last_log_index": 0, "last_log_term": 0, "success": false, "vote_granted": true, "phy_state": {"snr": 0.0}}
pdu len 260

new mac frame  (length 260)
=========================================
duration: 00 00
frame control: 00 08 (DATA)
Subtype: Data
seq nr: 73
address 1: 30:14:4a:e6:46:e4
address 2: 12:34:56:78:90:ab
address 3: 42:42:42:42:42:42
instantaneous fer: 0.666667
{"type": "VoteResponse", "term": 64, "sender_id": 3, "prev_log_index": 0, "prev_log_term": 0, "entries": [], "leader_commit": 0, "last_log_index": 0, "last_log_term": 0, "success": false, "vote_granted": true, "phy_state": {"snr": 0.0}}
DDDDDusrp_source :error: In the last 927 ms, 8 overflows occurred.
DDusrp_source :error: In the last 806 ms, 2 overflows occurred.
DDDDDDpdu len 260

new mac frame  (length 260)
=========================================
duration: 00 00
frame control: 00 08 (DATA)
Subtype: Data
seq nr: 71
address 1: 30:14:4a:e6:46:e4
address 2: 12:34:56:78:90:ab
address 3: 42:42:42:42:42:42
instantaneous fer: 0.999756
{"type": "RequestVote", "term": 65, "sender_id": 1, "prev_log_index": 0, "prev_log_term": 0, "entries": [], "leader_commit": 0, "last_log_index": 0, "last_log_term": 0, "success": false, "vote_granted": false, "phy_state": {"snr": 0.0}}
DDDDDDDDDDDDDDusrp_source :error: In the last 790 ms, 20 overflows occurred.
DDDDDDDDDDDusrp_source :error: In the last 1218 ms, 11 overflows occurred.
DDpdu len 260

new mac frame  (length 260)
=========================================
duration: 00 00
frame control: 00 08 (DATA)
Subtype: Data
seq nr: 75
address 1: 30:14:4a:e6:46:e4
address 2: 12:34:56:78:90:ab
address 3: 42:42:42:42:42:42
instantaneous fer: 0.75
{"type": "RequestVote", "term": 66, "sender_id": 3, "prev_log_index": 0, "prev_log_term": 0, "entries": [], "leader_commit": 0, "last_log_index": 0, "last_log_term": 0, "success": false, "vote_granted": false, "phy_state": {"snr": 0.0}}
Spdu len 261

new mac frame  (length 261)
=========================================
duration: 00 00
frame control: 00 08 (DATA)
Subtype: Data
seq nr: 74
address 1: 30:14:4a:e6:46:e4
address 2: 12:34:56:78:90:ab
address 3: 42:42:42:42:42:42
instantaneous fer: 0.999756
{"type": "VoteResponse", "term": 66, "sender_id": 2, "prev_log_index": 0, "prev_log_term": 0, "entries": [], "leader_commit": 0, "last_log_index": 0, "last_log_term": 0, "success": false, "vote_granted": false, "phy_state": {"snr": 0.0}}
DDDDusrp_source :error: In the last 790 ms, 6 overflows occurred.
DDDDDDDUusrp_source :error: In the last 2240 ms, 7 overflows occurred.
DDusrp_source :error: In the last 769 ms, 2 overflows occurred.
DDDDusrp_source :error: In the last 1210 ms, 4 overflows occurred.
DDD
new mac frame  (length 260)
=========================================
duration: 00 00
frame control: 00 08 (DATA)
Subtype: Data
seq nr: 78
address 1: 30:14:4a:e6:46:e4
address 2: 12:34:56:78:90:ab
address 3: 42:42:42:42:42:42
instantaneous fer: 0.75
{"type": "RequestVote", "term": 69, "sender_id": 3, "prev_log_index": 0, "prev_log_term": 0, "entries": [], "leader_commit": 0, "last_log_index": 0, "last_log_term": 0, "success": false, "vote_granted": false, "phy_state": {"snr": 0.0}}
pdu len 260
D
new mac frame  (length pdu len 260)
=========================================
duration: 26000 00
frame control: 00 08 (DATA)
Subtype: Data

seq nr: 76
address 1: 30:14:4a:e6:46:e4
address 2: 12:34:56:78:90:ab
address 3: 42:42:42:42:42:42
instantaneous fer: 0.999756
{"type": "VoteResponse", "term": 69, "sender_id": 1, "prev_log_index": 0, "prev_log_term": 0, "entries": [], "leader_commit": 0, "last_log_index": 0, "last_log_term": 0, "success": false, "vote_granted": true, "phy_state": {"snr": 0.0}}
DDDDDDDusrp_source :error: In the last 892 ms, 11 overflows occurred.
DDDDDDDDDUusrp_source :error: In the last 2115 ms, 9 overflows occurred.
Dpdu len 260

new mac frame  (length 260)
=========================================
duration: 00 00
frame control: 00 08 (DATA)
Subtype: Data
seq nr: 81
address 1: 30:14:4a:e6:46:e4
address 2: 12:34:56:78:90:ab
address 3: 42:42:42:42:42:42
instantaneous fer: 0.8
{"type": "RequestVote", "term": 71, "sender_id": 3, "prev_log_index": 0, "prev_log_term": 0, "entries": [], "leader_commit": 0, "last_log_index": 0, "last_log_term": 0, "success": false, "vote_granted": false, "phy_state": {"snr": 0.0}}
usrp_source :error: In the last 788 ms, 1 overflows occurred.
DDusrp_source :error: In the last 793 ms, 2 overflows occurred.
DDDDDusrp_source :error: In the last 781 ms, 5 overflows occurred.
DSpdu len 260

new mac frame  (length 260)
=========================================
duration: 00 00
frame control: 00 08 (DATA)
Subtype: Data
seq nr: 80
address 1: 30:14:4a:e6:46:e4
address 2: 12:34:56:78:90:ab
address 3: 42:42:42:42:42:42
instantaneous fer: 0.999756
{"type": "RequestVote", "term": 72, "sender_id": 1, "prev_log_index": 0, "prev_log_term": 0, "entries": [], "leader_commit": 0, "last_log_index": 0, "last_log_term": 0, "success": false, "vote_granted": false, "phy_state": {"snr": 0.0}}
pdu len 260

new mac frame  (length 260)
=========================================
duration: 00 00
frame control: 00 08 (DATA)
Subtype: Data
seq nr: 82
address 1: 30:14:4a:e6:46:e4
address 2: 12:34:56:78:90:ab
address 3: 42:42:42:42:42:42
instantaneous fer: 0.5
{"type": "VoteResponse", "term": 72, "sender_id": 3, "prev_log_index": 0, "prev_log_term": 0, "entries": [], "leader_commit": 0, "last_log_index": 0, "last_log_term": 0, "success": false, "vote_granted": true, "phy_state": {"snr": 0.0}}
pdu len 261

new mac frame  (length 261)
=========================================
duration: 00 00
frame control: 00 08 (DATA)
Subtype: Data
seq nr: 83
address 1: 30:14:4a:e6:46:e4
address 2: 12:34:56:78:90:ab
address 3: 42:42:42:42:42:42
instantaneous fer: 0
{"type": "VoteResponse", "term": 72, "sender_id": 3, "prev_log_index": 0, "prev_log_term": 0, "entries": [], "leader_commit": 0, "last_log_index": 0, "last_log_term": 0, "success": false, "vote_granted": false, "phy_state": {"snr": 0.0}}
pdu len 261

new mac frame  (length 261)
=========================================
duration: 00 00
frame control: 00 08 (DATA)
Subtype: Data
seq nr: 81
address 1: 30:14:4a:e6:46:e4
address 2: 12:34:56:78:90:ab
address 3: 42:42:42:42:42:42
instantaneous fer: 0.999756
{"type": "VoteResponse", "term": 72, "sender_id": 1, "prev_log_index": 0, "prev_log_term": 0, "entries": [], "leader_commit": 0, "last_log_index": 0, "last_log_term": 0, "success": false, "vote_granted": false, "phy_state": {"snr": 0.0}}
DDDDDDDDDDDDterminate reached from thread id: 7ce08485b6c0Got unknown exception
