WARNING:root:Found persistent state path '/home/chuzhitairan/.local/state/gnuradio', but file does not exist. Old default persistent state path '/home/chuzhitairan/.grc_gnuradio' exists; using that. Please consider moving state to new location.
MAPPER: encoding: 0
chunks_to_symbols :info: set_min_output_buffer on block 7 to 207744
fft_v_fftw :info: set_min_output_buffer on block 9 to 2077440
ofdm_cyclic_prefixer :info: set_min_output_buffer on block 11 to 2077440
ofdm_carrier_allocator_cvc :info: set_min_output_buffer on block 12 to 207744
chunks_to_symbols :info: set_min_output_buffer on block 13 to 415488
tagged_stream_mux :info: set_min_output_buffer on block 14 to 207744
[INFO] [UHD] linux; GNU C++ version 13.3.0; Boost_108300; UHD_4.1.0.0-0-45cabfde
[INFO] [ANT] Detected Device: ANTSDR
[INFO] [ANT] Initialize CODEC control...
[INFO] [ANT] Initialize Radio control...
[INFO] [ANT] Performing register loopback test... 
[INFO] [ANT] Register loopback test passed
[INFO] [ANT] Performing register loopback test... 
[INFO] [ANT] Register loopback test passed
[INFO] [ANT] Setting master clock rate selection to 'automatic'.
[INFO] [ANT] Asking for clock rate 16.000000 MHz... 
[INFO] [ANT] Actually got clock rate 16.000000 MHz.
[INFO] [ANT] Asking for clock rate 40.000000 MHz... 
[INFO] [ANT] Actually got clock rate 40.000000 MHz.
foo_packet_pad2 :info: set_min_output_buffer on block 33 to 100000
multiply_const_cc :info: set_min_output_buffer on block 35 to 100000
usrp_source :error: In the last 5222 ms, 1 overflows occurred.
DDDDusrp_source :error: In the last 5083 ms, 4 overflows occurred.
Dusrp_source :error: In the last 788 ms, 1 overflows occurred.
DDDDDDDDDusrp_source :error: In the last 794 ms, 9 overflows occurred.
Dusrp_source :error: In the last 779 ms, 1 overflows occurred.
DDDDusrp_source :error: In the last 819 ms, 4 overflows occurred.
Dusrp_source :error: In the last 797 ms, 1 overflows occurred.
Dusrp_source :error: In the last 916 ms, 1 overflows occurred.
DDDusrp_source :error: In the last 788 ms, 3 overflows occurred.
DDDDDDDDDDDDusrp_source :error: In the last 1212 ms, 12 overflows occurred.
DDDDDDDDDDDDDusrp_source :error: In the last 783 ms, 13 overflows occurred.
DDDDDDDDDDDDDDUusrp_source :error: In the last 798 ms, 14 overflows occurred.
DDDDDDD
new mac frame  (length 259)
pdu len =========================================
duration: 00 00
frame control: 00 08 (DATA)
Subtype: Data
seq nr: 0
address 1: 30:14:4a:e6:46:e4
address 2: 12:34:56:78:90:ab
address 3: 42:42:42:42:42:42
instantaneous fer: 0
{"type": "RequestVote", "term": 1, "sender_id": 2, "prev_log_index": 0, "prev_log_term": 0, "entries": [], "leader_commit": 0, "last_log_index": 0, "last_log_term"259: 0, "s
uccess": false, "vote_granted": false, "phy_state": {"snr": 0.0}}
DDDpdu len 260

new mac frame  (length 260)
=========================================
duration: 00 00
frame control: 00 08 (DATA)
Subtype: Data
seq nr: 1
address 1: 30:14:4a:e6:46:e4
address 2: 12:34:56:78:90:ab
address 3: 42:42:42:42:42:42
instantaneous fer: 0
{"type": "VoteResponse", "term": 1, "sender_id": 3, "prev_log_index": 0, "prev_log_term": 0, "entries": [], "leader_commit": 0, "last_log_index": 0, "last_log_term": 0, "success": false, "vote_granted": false, "phy_state": {"snr": 0.0}}
DDDDDDDDDusrp_source :error: In the last 819 ms, 19 overflows occurred.
DDDSUusrp_source :error: In the last 916 ms, 3 overflows occurred.
DDDDDDpdu len 259

new mac frame  (length 259)
=========================================
duration: 00 00
frame control: 00 08 (DATA)
Subtype: Data
seq nr: 1
address 1: 30:14:4a:e6:46:e4
address 2: 12:34:56:78:90:ab
address 3: 42:42:42:42:42:42
instantaneous fer: 0.999756
{"type": "RequestVote", "term": 2, "sender_id": 2, "prev_log_index": 0, "prev_log_term": 0, "entries": [], "leader_commit": 0, "last_log_index": 0, "last_log_term": 0, "success": false, "vote_granted": false, "phy_state": {"snr": 0.0}}
DDDDDDDDDusrp_source :error: In the last 789 ms, 15 overflows occurred.
DDDDDDDDDDDDDDDDDDusrp_source :error: In the last 785 ms, 18 overflows occurred.
DDUUU
new mac frame  (length 259)
=========================================
pdu len duration: 103
00 00
frame control: 00 08 (DATA)
Subtype: Data
seq nr: 2
address 1: 30:14:4a:e6:46:e4
address 2: 12:34:56:78:90:ab
address 3: 42:42:42:42:42:42
instantaneous fer: 0
{"type": "VoteResponse", "term": 3, "sender_id": 2, "prev_log_index": 0, "prev_log_term": 0, "entries": [], "leader_commit": 0, "last_log_index": 0, "last_log_term": 0, "success": false, "vote_granted": true, "phy_state": {"snr": 0.0}}
pdu len 259

new mac frame  (length 259)
=========================================
duration: 00 00
frame control: 00 08 (DATA)
Subtype: Data
seq nr: 4
address 1: 30:14:4a:e6:46:e4
address 2: 12:34:56:78:90:ab
address 3: 42:42:42:42:42:42
instantaneous fer: 0.5
{"type": "VoteResponse", "term": 3, "sender_id": 3, "prev_log_index": 0, "prev_log_term": 0, "entries": [], "leader_commit": 0, "last_log_index": 0, "last_log_term": 0, "success": false, "vote_granted": true, "phy_state": {"snr": 0.0}}
DDDDDDusrp_source :error: In the last 789 ms, 8 overflows occurred.
DDDDusrp_source :error: In the last 913 ms, 3 overflows occurred.
Dpdu len 259

new mac frame  (length 259)
=========================================
duration: 00 00
frame control: 00 08 (DATA)
Subtype: Data
seq nr: 5
address 1: 30:14:4a:e6:46:e4
address 2: 12:34:56:78:90:ab
address 3: 42:42:42:42:42:42
instantaneous fer: 0
{"type": "VoteResponse", "term": 4, "sender_id": 3, "prev_log_index": 0, "prev_log_term": 0, "entries": [], "leader_commit": 0, "last_log_index": 0, "last_log_term": 0, "success": false, "vote_granted": true, "phy_state": {"snr": 0.0}}
DDDDDDDDDDusrp_source :error: In the last 767 ms, 12 overflows occurred.
DDDDDDDDDusrp_source :error: In the last 1087 ms, 9 overflows occurred.
DDDusrp_source :error: In the last 1698 ms, 3 overflows occurred.
DDDDDDDDDDDDDDpdu len 259

new mac frame  (length 259)
=========================================
duration: 00 00
frame control: 00 08 (DATA)
Subtype: Data
seq nr: 7
address 1: 30:14:4a:e6:46:e4
address 2: 12:34:56:78:90:ab
address 3: 42:42:42:42:42:42
instantaneous fer: 0.5
{"type": "RequestVote", "term": 6, "sender_id": 3, "prev_log_index": 0, "prev_log_term": 0, "entries": [], "leader_commit": 0, "last_log_index": 0, "last_log_term": 0, "success": false, "vote_granted": false, "phy_state": {"snr": 0.0}}
DSpdu len 260

new mac frame  (length 260)
=========================================
duration: 00 00
frame control: 00 08 (DATA)
Subtype: Data
seq nr: 8
address 1: 30:14:4a:e6:46:e4
address 2: 12:34:56:78:90:ab
address 3: 42:42:42:42:42:42
instantaneous fer: 0
{"type": "VoteResponse", "term": 6, "sender_id": 3, "prev_log_index": 0, "prev_log_term": 0, "entries": [], "leader_commit": 0, "last_log_index": 0, "last_log_term": 0, "success": false, "vote_granted": false, "phy_state": {"snr": 0.0}}
Dpdu len 260

new mac frame  (length 260)
=========================================
duration: 00 00
frame control: 00 08 (DATA)
Subtype: Data
seq nr: 6
address 1: 30:14:4a:e6:46:e4
address 2: 12:34:56:78:90:ab
address 3: 42:42:42:42:42:42
instantaneous fer: 0.999756
{"type": "VoteResponse", "term": 6, "sender_id": 2, "prev_log_index": 0, "prev_log_term": 0, "entries": [], "leader_commit": 0, "last_log_index": 0, "last_log_term": 0, "success": false, "vote_granted": false, "phy_state": {"snr": 0.0}}
usrp_source :error: In the last 790 ms, 16 overflows occurred.
DDDusrp_source :error: In the last 799 ms, 3 overflows occurred.
DDDDDDDDDDDDDDpdu len 259

new mac frame  (length 259)
=========================================
duration: 00 00
frame control: 00 08 (DATA)
Subtype: Data
seq nr: 9
address 1: 30:14:4a:e6:46:e4
address 2: 12:34:56:78:90:ab
address 3: 42:42:42:42:42:42
instantaneous fer: 0.666667
{"type": "RequestVote", "term": 7, "sender_id": 3, "prev_log_index": 0, "prev_log_term": 0, "entries": [], "leader_commit": 0, "last_log_index": 0, "last_log_term": 0, "success": false, "vote_granted": false, "phy_state": {"snr": 0.0}}
Uusrp_source :error: In the last 786 ms, 14 overflows occurred.
DDDDDDDDDDDDDusrp_source :error: In the last 2523 ms, 13 overflows occurred.
DDDDDDDDDDDusrp_source :error: In the last 772 ms, 11 overflows occurred.
DDpdu len 259

new mac frame  (length 259)
=========================================
duration: 00 00
frame control: 00 08 (DATA)
Subtype: Data
seq nr: 11
address 1: 30:14:4a:e6:46:e4
address 2: 12:34:56:78:90:ab
address 3: 42:42:42:42:42:42
instantaneous fer: 0.5
{"type": "RequestVote", "term": 9, "sender_id": 3, "prev_log_index": 0, "prev_log_term": 0, "entries": [], "leader_commit": 0, "last_log_index": 0, "last_log_term": 0, "success": false, "vote_granted": false, "phy_state": {"snr": 0.0}}
SU
new mac frame  (length 259)
=========================================
duration: 00 00
frame control: 00 08 (DATA)
Subtype: Data
seq nr: 10
address 1: 30:14:4a:e6:46:e4
address 2: 12:34:56:78:90:ab
address 3: 42:42:42:42:42:42
instantaneous fer: 0.999756
{"type": "VoteResponse", "term": 9, "sender_id": 1, "prev_log_index": 0, "prev_log_term": 0, "entries": [], "leader_commit": 0, "last_log_index": 0, "last_log_term": 0, "success": false, "vote_granted": true, "phy_state": {"snr": 0.0}}
pdu len 259
pdu len 259

new mac frame  (length 259)
=========================================
duration: 00 00
frame control: 00 08 (DATA)
Subtype: Data
seq nr: 9
address 1: 30:14:4a:e6:46:e4
address 2: 12:34:56:78:90:ab
address 3: 42:42:42:42:42:42
instantaneous fer: 0.999756
{"type": "VoteResponse", "term": 9, "sender_id": 2, "prev_log_index": 0, "prev_log_term": 0, "entries": [], "leader_commit": 0, "last_log_index": 0, "last_log_term": 0, "success": false, "vote_granted": true, "phy_state": {"snr": 0.0}}
DDDDusrp_source :error: In the last 911 ms, 6 overflows occurred.
DDDDDDDDDDDDDDDDDusrp_source :error: In the last 797 ms, 17 overflows occurred.
DDpdu len 260

new mac frame  (length 260)
=========================================
duration: 00 00
frame control: 00 08 (DATA)
Subtype: Data
seq nr: 10
address 1: 30:14:4a:e6:46:e4
address 2: 12:34:56:78:90:ab
address 3: 42:42:42:42:42:42
instantaneous fer: 0
{"type": "RequestVote", "term": 10, "sender_id": 2, "prev_log_index": 0, "prev_log_term": 0, "entries": [], "leader_commit": 0, "last_log_index": 0, "last_log_term": 0, "success": false, "vote_granted": false, "phy_state": {"snr": 0.0}}
pdu len 260

new mac frame  (length 260)
=========================================
duration: 00 00
frame control: 00 08 (DATA)
Subtype: Data
seq nr: 12
address 1: 30:14:4a:e6:46:e4
address 2: 12:34:56:78:90:ab
address 3: 42:42:42:42:42:42
instantaneous fer: 0.5
{"type": "VoteResponse", "term": 10, "sender_id": 3, "prev_log_index": 0, "prev_log_term": 0, "entries": [], "leader_commit": 0, "last_log_index": 0, "last_log_term": 0, "success": false, "vote_granted": true, "phy_state": {"snr": 0.0}}
DDDDDDusrp_source :error: In the last 798 ms, 8 overflows occurred.
DDusrp_source :error: In the last 785 ms, 2 overflows occurred.
DD
new mac frame  (length 260)
=========================================
duration: 00 00
frame control: 00 08 (DATA)
Subtype: Data
seq nr: 11
address 1: 30:14:4a:e6:46:e4
address 2: 12:34:56:78:90:ab
address 3: 42:42:42:42:42:42
instantaneous fer: 0.999756
{"type": "RequestVote", "term": 11, "sender_id": 2, "prev_log_index": 0, "prev_log_term": 0, "entries": [], "leader_commit": 0, "last_log_index": 0, "last_log_term": 0, "success": false, "vote_granted": false, "phy_state": {"snr": 0.0}}
pdu len 260
pdu len 260

new mac frame  (length 260)
=========================================
duration: 00 00
frame control: 00 08 (DATA)
Subtype: Data
seq nr: 13
address 1: 30:14:4a:e6:46:e4
address 2: 12:34:56:78:90:ab
address 3: 42:42:42:42:42:42
instantaneous fer: 0.5
{"type": "VoteResponse", "term": 11, "sender_id": 3, "prev_log_index": 0, "prev_log_term": 0, "entries": [], "leader_commit": 0, "last_log_index": 0, "last_log_term": 0, "success": false, "vote_granted": true, "phy_state": {"snr": 0.0}}
DDDDDDDDusrp_source :error: In the last 793 ms, 9 overflows occurred.
DDDDDusrp_source :error: In the last 915 ms, 6 overflows occurred.
Dpdu len 260

new mac frame  (length 260)
=========================================
duration: 00 00
frame control: 00 08 (DATA)
Subtype: Data
seq nr: 12
address 1: 30:14:4a:e6:46:e4
address 2: 12:34:56:78:90:ab
address 3: 42:42:42:42:42:42
instantaneous fer: 0.999756
{"type": "RequestVote", "term": 12, "sender_id": 2, "prev_log_index": 0, "prev_log_term": 0, "entries": [], "leader_commit": 0, "last_log_index": 0, "last_log_term": 0, "success": false, "vote_granted": false, "phy_state": {"snr": 0.0}}
pdu len 260

new mac frame  (length 260)
=========================================
duration: 00 00
frame control: 00 08 (DATA)
Subtype: Data
seq nr: 14
address 1: 30:14:4a:e6:46:e4
address 2: 12:34:56:78:90:ab
address 3: 42:42:42:42:42:42
instantaneous fer: 0.5
{"type": "VoteResponse", "term": 12, "sender_id": 3, "prev_log_index": 0, "prev_log_term": 0, "entries": [], "leader_commit": 0, "last_log_index": 0, "last_log_term": 0, "success": false, "vote_granted": true, "phy_state": {"snr": 0.0}}
DDDDDDDDusrp_source :error: In the last 795 ms, 9 overflows occurred.
DDDDDDDDDDDusrp_source :error: In the last 787 ms, 11 overflows occurred.
DD
new mac frame  (length 260)
=========================================
pdu len duration: 00 00
frame control: 00 08 (DATA)
Subtype: Data
seq nr: 13
260
address 1: 30:14:4a:e6:46:e4
address 2: 12:34:56:78:90:ab
address 3: 42:42:42:42:42:42
instantaneous fer: 0.999756
{"type": "RequestVote", "term": 13, "sender_id": 2, "prev_log_index": 0, "prev_log_term": 0, "entries": [], "leader_commit": 0, "last_log_index": 0, "last_log_term": 0, "success": false, "vote_granted": false, "phy_state": {"snr": 0.0}}
pdu len 260

new mac frame  (length 260)
=========================================
duration: 00 00
frame control: 00 08 (DATA)
Subtype: Data
seq nr: 15
address 1: 30:14:4a:e6:46:e4
address 2: 12:34:56:78:90:ab
address 3: 42:42:42:42:42:42
instantaneous fer: 0.5
{"type": "VoteResponse", "term": 13, "sender_id": 3, "prev_log_index": 0, "prev_log_term": 0, "entries": [], "leader_commit": 0, "last_log_index": 0, "last_log_term": 0, "success": false, "vote_granted": true, "phy_state": {"snr": 0.0}}
DDDDDDDDusrp_source :error: In the last 797 ms, 10 overflows occurred.
DDDDDDusrp_source :error: In the last 781 ms, 6 overflows occurred.
DDDDDpdu len 260

new mac frame  (length 260)
=========================================
duration: 00 00
frame control: 00 08 (DATA)
Subtype: Data
seq nr: 14
address 1: 30:14:4a:e6:46:e4
address 2: 12:34:56:78:90:ab
address 3: 42:42:42:42:42:42
instantaneous fer: 0.999756
{"type": "RequestVote", "term": 14, "sender_id": 2, "prev_log_index": 0, "prev_log_term": 0, "entries": [], "leader_commit": 0, "last_log_index": 0, "last_log_term": 0, "success": false, "vote_granted": false, "phy_state": {"snr": 0.0}}
D
new mac frame  (length 260)
=========================================
duration: 00 00
frame control: 00 08 (DATA)
Subtype: Data
seq nr: 16
address 1: 30:14:4a:e6:46:e4
address 2: 12:34:56:78:90:ab
address 3: 42:42:42:42:42:42
instantaneous fer: 0.5
{"type": "RequestVote", "term": 14, "sender_id": 3, "prev_log_index": 0, "prev_log_term": 0, "entries": [], "leader_commit": 0, "last_log_index": 0, "last_log_term": 0, "success": false, "vote_granted": false, "phy_state": {"snr": 0.0}}
pdu len 260
DDSUusrp_source :error: In the last 788 ms, 8 overflows occurred.
DDDDDDDDDDDDDDusrp_source :error: In the last 797 ms, 14 overflows occurred.
DDDDDDDpdu len 260

new mac frame  (length 260)
=========================================
duration: 00 00
frame control: 00 08 (DATA)
Subtype: Data
seq nr: 18
address 1: 30:14:4a:e6:46:e4
address 2: 12:34:56:78:90:ab
address 3: 42:42:42:42:42:42
instantaneous fer: 0.5
{"type": "RequestVote", "term": 15, "sender_id": 3, "prev_log_index": 0, "prev_log_term": 0, "entries": [], "leader_commit": 0, "last_log_index": 0, "last_log_term": 0, "success": false, "vote_granted": false, "phy_state": {"snr": 0.0}}
Uusrp_source :error: In the last 918 ms, 7 overflows occurred.
DDDDDDDDDDusrp_source :error: In the last 788 ms, 10 overflows occurred.
DDDD
new mac frame  (length 260)
=========================================
duration: 00 00
frame control: 00 08 (DATA)
Subtype: Data
seq nr: 17
address 1: 30:14:4a:e6:46:e4
address 2: 12:34:56:78:90:ab
address 3: 42:42:42:42:42:42
instantaneous fer: 0.999756
{"type": "RequestVote", "term": 16, "sender_id": 2, "prev_log_index": 0, "prev_log_term": 0, "entries": [], "leader_commit": 0, "last_log_index": 0, "last_log_term": 0, "success": false, "vote_granted": false, "phy_state": {"snr": 0.0}}
pdu len 260
DDDDDpdu len 260

new mac frame  (length 260)
=========================================
duration: 00 00
frame control: 00 08 (DATA)
Subtype: Data
seq nr: 19
address 1: 30:14:4a:e6:46:e4
address 2: 12:34:56:78:90:ab
address 3: 42:42:42:42:42:42
instantaneous fer: 0.5
{"type": "VoteResponse", "term": 16, "sender_id": 3, "prev_log_index": 0, "prev_log_term": 0, "entries": [], "leader_commit": 0, "last_log_index": 0, "last_log_term": 0, "success": false, "vote_granted": true, "phy_state": {"snr": 0.0}}
DDDusrp_source :error: In the last 809 ms, 12 overflows occurred.
DDDDDDDDDDDDDDDDDDDDDDusrp_source :error: In the last 914 ms, 22 overflows occurred.
DDDDDDDDDDDD
new mac frame  (length 260)
=========================================
duration: 00 00
frame control: 00 08 (DATA)
Subtype: Data
seq nr: 18
address 1: 30:14:4a:e6:46:e4
address 2: 12:34:56:78:90:ab
address 3: 42:42:42:42:42:42
instantaneous fer: 0.999756
{"type": "RequestVote", "term": 17, "sender_id": 2, "prev_log_index": 0, "prev_log_term": 0, "entries": [], "leader_commit": 0, "last_log_index": 0, "last_log_term": 0, "success": false, "vote_granted": false, "phy_state": {"snr": 0.0}}
pdu len 260
DDpdu len 260

new mac frame  (length 260)
=========================================
duration: 00 00
frame control: 00 08 (DATA)
Subtype: Data
seq nr: 20
address 1: 30:14:4a:e6:46:e4
address 2: 12:34:56:78:90:ab
address 3: 42:42:42:42:42:42
instantaneous fer: 0.5
{"type": "VoteResponse", "term": 17, "sender_id": 3, "prev_log_index": 0, "prev_log_term": 0, "entries": [], "leader_commit": 0, "last_log_index": 0, "last_log_term": 0, "success": false, "vote_granted": true, "phy_state": {"snr": 0.0}}
DDDusrp_source :error: In the last 939 ms, 17 overflows occurred.
DDusrp_source :error: In the last 788 ms, 2 overflows occurred.
DDDDDpdu len 260

new mac frame  (length 260)
=========================================
duration: 00 00
frame control: 00 08 (DATA)
Subtype: Data
seq nr: 21
address 1: 30:14:4a:e6:46:e4
address 2: 12:34:56:78:90:ab
address 3: 42:42:42:42:42:42
instantaneous fer: 0
{"type": "VoteResponse", "term": 18, "sender_id": 3, "prev_log_index": 0, "prev_log_term": 0, "entries": [], "leader_commit": 0, "last_log_index": 0, "last_log_term": 0, "success": false, "vote_granted": true, "phy_state": {"snr": 0.0}}
DDDDDDDDpdu len 260

new mac frame  (length 260)
=========================================
duration: 00 00
frame control: 00 08 (DATA)
Subtype: Data
seq nr: 22
address 1: 30:14:4a:e6:46:e4
address 2: 12:34:56:78:90:ab
address 3: 42:42:42:42:42:42
instantaneous fer: 0
{"type": "VoteResponse", "term": 19, "sender_id": 3, "prev_log_index": 0, "prev_log_term": 0, "entries": [], "leader_commit": 0, "last_log_index": 0, "last_log_term": 0, "success": false, "vote_granted": true, "phy_state": {"snr": 0.0}}
usrp_source :error: In the last 904 ms, 13 overflows occurred.
DDusrp_source :error: In the last 839 ms, 2 overflows occurred.
DDDDDDUUUDDusrp_source :error: In the last 909 ms, 8 overflows occurred.
DDDDpdu len 260

new mac frame  (length 260)
=========================================
duration: 00 00
frame control: 00 08 (DATA)
Subtype: Data
seq nr: 23
address 1: 30:14:4a:e6:46:e4
address 2: 12:34:56:78:90:ab
address 3: 42:42:42:42:42:42
instantaneous fer: 0
{"type": "VoteResponse", "term": 20, "sender_id": 3, "prev_log_index": 0, "prev_log_term": 0, "entries": [], "leader_commit": 0, "last_log_index": 0, "last_log_term": 0, "success": false, "vote_granted": true, "phy_state": {"snr": 0.0}}
DDDDDDDDDusrp_source :error: In the last 750 ms, 13 overflows occurred.
DDDDDDDusrp_source :error: In the last 963 ms, 7 overflows occurred.
DDDpdu len 260

new mac frame  (length 260)
=========================================
duration: 00 00
frame control: 00 08 (DATA)
Subtype: Data
seq nr: 24
address 1: 30:14:4a:e6:46:e4
address 2: 12:34:56:78:90:ab
address 3: 42:42:42:42:42:42
instantaneous fer: 0
{"type": "VoteResponse", "term": 21, "sender_id": 3, "prev_log_index": 0, "prev_log_term": 0, "entries": [], "leader_commit": 0, "last_log_index": 0, "last_log_term": 0, "success": false, "vote_granted": true, "phy_state": {"snr": 0.0}}
DDDDDDusrp_source :error: In the last 1100 ms, 9 overflows occurred.
DDDDpdu len 260

new mac frame  (length 260)
=========================================
duration: 00 00
frame control: 00 08 (DATA)
Subtype: Data
seq nr: 23
address 1: 30:14:4a:e6:46:e4
address 2: 12:34:56:78:90:ab
address 3: 42:42:42:42:42:42
instantaneous fer: 0.999756
{"type": "RequestVote", "term": 22, "sender_id": 2, "prev_log_index": 0, "prev_log_term": 0, "entries": [], "leader_commit": 0, "last_log_index": 0, "last_log_term": 0, "success": false, "vote_granted": false, "phy_state": {"snr": 0.0}}
DDDDusrp_source :error: In the last 779 ms, 8 overflows occurred.
Dpdu len 260

new mac frame  (length 260)
=========================================
duration: 00 00
frame control: 00 08 (DATA)
Subtype: Data
seq nr: 25
address 1: 30:14:4a:e6:46:e4
address 2: 12:34:56:78:90:ab
address 3: 42:42:42:42:42:42
instantaneous fer: 0.5
{"type": "RequestVote", "term": 23, "sender_id": 3, "prev_log_index": 0, "prev_log_term": 0, "entries": [], "leader_commit": 0, "last_log_index": 0, "last_log_term": 0, "success": false, "vote_granted": false, "phy_state": {"snr": 0.0}}
DDDDusrp_source :error: In the last 751 ms, 5 overflows occurred.
DDDDDpdu len 260

new mac frame  (length 260)
=========================================
duration: 00 00
frame control: 00 08 (DATA)
Subtype: Data
seq nr: 24
address 1: 30:14:4a:e6:46:e4
address 2: 12:34:56:78:90:ab
address 3: 42:42:42:42:42:42
instantaneous fer: 0.999756
{"type": "RequestVote", "term": 24, "sender_id": 2, "prev_log_index": 0, "prev_log_term": 0, "entries": [], "leader_commit": 0, "last_log_index": 0, "last_log_term": 0, "success": false, "vote_granted": false, "phy_state": {"snr": 0.0}}
usrp_source :error: In the last 2385 ms, 5 overflows occurred.
Dpdu len 261

new mac frame  (length 261)
=========================================
duration: 00 00
frame control: 00 08 (DATA)
Subtype: Data
seq nr: 27
address 1: 30:14:4a:e6:46:e4
address 2: 12:34:56:78:90:ab
address 3: 42:42:42:42:42:42
instantaneous fer: 0.666667
{"type": "VoteResponse", "term": 25, "sender_id": 3, "prev_log_index": 0, "prev_log_term": 0, "entries": [], "leader_commit": 0, "last_log_index": 0, "last_log_term": 0, "success": false, "vote_granted": false, "phy_state": {"snr": 0.0}}
pdu len 261

new mac frame  (length 261)
=========================================
duration: 00 00
frame control: 00 08 (DATA)
Subtype: Data
seq nr: 26
address 1: 30:14:4a:e6:46:e4
address 2: 12:34:56:78:90:ab
address 3: 42:42:42:42:42:42
instantaneous fer: 0.999756
{"type": "VoteResponse", "term": 25, "sender_id": 2, "prev_log_index": 0, "prev_log_term": 0, "entries": [], "leader_commit": 0, "last_log_index": 0, "last_log_term": 0, "success": false, "vote_granted": false, "phy_state": {"snr": 0.0}}
DDDDpdu len 260

new mac frame  (length 260)
=========================================
duration: 00 00
frame control: 00 08 (DATA)
Subtype: Data
seq nr: 28
address 1: 30:14:4a:e6:46:e4
address 2: 12:34:56:78:90:ab
address 3: 42:42:42:42:42:42
instantaneous fer: 0.5
{"type": "RequestVote", "term": 26, "sender_id": 3, "prev_log_index": 0, "prev_log_term": 0, "entries": [], "leader_commit": 0, "last_log_index": 0, "last_log_term": 0, "success": false, "vote_granted": false, "phy_state": {"snr": 0.0}}
DDDDDDDDusrp_source :error: In the last 790 ms, 13 overflows occurred.
DDDDDDDDDDDDDDDDDDDusrp_source :error: In the last 914 ms, 19 overflows occurred.
DDpdu len 260

new mac frame  (length 260)
=========================================
duration: 00 00
frame control: 00 08 (DATA)
Subtype: Data
seq nr: 29
address 1: 30:14:4a:e6:46:e4
address 2: 12:34:56:78:90:ab
address 3: 42:42:42:42:42:42
instantaneous fer: 0
{"type": "RequestVote", "term": 27, "sender_id": 3, "prev_log_index": 0, "prev_log_term": 0, "entries": [], "leader_commit": 0, "last_log_index": 0, "last_log_term": 0, "success": false, "vote_granted": false, "phy_state": {"snr": 0.0}}
Dpdu len 260

new mac frame  (length 260)
=========================================
duration: 00 00
frame control: 00 08 (DATA)
Subtype: Data
seq nr: 28
address 1: 30:14:4a:e6:46:e4
address 2: 12:34:56:78:90:ab
address 3: 42:42:42:42:42:42
instantaneous fer: 0.999756
{"type": "VoteResponse", "term": 27, "sender_id": 2, "prev_log_index": 0, "prev_log_term": 0, "entries": [], "leader_commit": 0, "last_log_index": 0, "last_log_term": 0, "success": false, "vote_granted": true, "phy_state": {"snr": 0.0}}
DDDDDDDDDDusrp_source :error: In the last 2424 ms, 13 overflows occurred.
DDDDDDDDDDDDDDDDusrp_source :error: In the last 784 ms, 16 overflows occurred.
DDDDDDSusrp_source :error: In the last 799 ms, 6 overflows occurred.
DDDusrp_source :error: In the last 775 ms, 3 overflows occurred.
DDDDDDDDDDDusrp_source :error: In the last 796 ms, 11 overflows occurred.
DDDDDDDDDSUDDDDDDDDDDusrp_source :error: In the last 940 ms, 19 overflows occurred.
DDDDDDusrp_source :error: In the last 780 ms, 6 overflows occurred.
DDDpdu len 260

new mac frame  (length 260)
=========================================
duration: 00 00
frame control: 00 08 (DATA)
Subtype: Data
seq nr: 33
address 1: 30:14:4a:e6:46:e4
address 2: 12:34:56:78:90:ab
address 3: 42:42:42:42:42:42
instantaneous fer: 0.8
{"type": "RequestVote", "term": 31, "sender_id": 2, "prev_log_index": 0, "prev_log_term": 0, "entries": [], "leader_commit": 0, "last_log_index": 0, "last_log_term": 0, "success": false, "vote_granted": false, "phy_state": {"snr": 0.0}}
pdu len 260

new mac frame  (length 260)
=========================================
duration: 00 00
frame control: 00 08 (DATA)
Subtype: Data
seq nr: 33
address 1: 30:14:4a:e6:46:e4
address 2: 12:34:56:78:90:ab
address 3: 42:42:42:42:42:42
instantaneous fer: 0.999756
{"type": "VoteResponse", "term": 31, "sender_id": 1, "prev_log_index": 0, "prev_log_term": 0, "entries": [], "leader_commit": 0, "last_log_index": 0, "last_log_term": 0, "success": false, "vote_granted": true, "phy_state": {"snr": 0.0}}
Dusrp_source :error: In the last 788 ms, 4 overflows occurred.
DDDDDusrp_source :error: In the last 793 ms, 4 overflows occurred.
DDpdu len 260

new mac frame  (length 260)
=========================================
duration: 00 00
frame control: 00 08 (DATA)
Subtype: Data
seq nr: 35
address 1: 30:14:4a:e6:46:e4
address 2: 12:34:56:78:90:ab
address 3: 42:42:42:42:42:42
instantaneous fer: 0.5
{"type": "RequestVote", "term": 32, "sender_id": 3, "prev_log_index": 0, "prev_log_term": 0, "entries": [], "leader_commit": 0, "last_log_index": 0, "last_log_term": 0, "success": false, "vote_granted": false, "phy_state": {"snr": 0.0}}
Dpdu len 260

new mac frame  (length 260)
=========================================
duration: 00 00
frame control: 00 08 (DATA)
Subtype: Data
seq nr: 34
address 1: 30:14:4a:e6:46:e4
address 2: 12:34:56:78:90:ab
address 3: 42:42:42:42:42:42
instantaneous fer: 0.999756
{"type": "VoteResponse", "term": 32, "sender_id": 1, "prev_log_index": 0, "prev_log_term": 0, "entries": [], "leader_commit": 0, "last_log_index": 0, "last_log_term": 0, "success": false, "vote_granted": true, "phy_state": {"snr": 0.0}}
DDDDDpdu len 260

new mac frame  (length 260)
=========================================
duration: 00 00
frame control: 00 08 (DATA)
Subtype: Data
seq nr: 34
address 1: 30:14:4a:e6:46:e4
address 2: 12:34:56:78:90:ab
address 3: 42:42:42:42:42:42
instantaneous fer: 0.999756
{"type": "RequestVote", "term": 32, "sender_id": 2, "prev_log_index": 0, "prev_log_term": 0, "entries": [], "leader_commit": 0, "last_log_index": 0, "last_log_term": 0, "success": false, "vote_granted": false, "phy_state": {"snr": 0.0}}
DD
pdu len 261
new mac frame  (length 261)
=========================================
duration: 00 00
frame control: 00 08 (DATA)
Subtype: Data
seq nr: 36
address 1: 30:14:4a:e6:46:e4
address 2: 12:34:56:78:90:ab
address 3: 42:42:42:42:42:42
instantaneous fer: 0.5
{"type": "VoteResponse", "term": 32, "sender_id": 3, "prev_log_index": 0, "prev_log_term": 0, "entries": [], "leader_commit": 0, "last_log_index": 0, "last_log_term": 0, "success": false, "vote_granted": false, "phy_state": {"snr": 0.0}}
usrp_source :error: In the last 785 ms, 11 overflows occurred.
DDDDDDDDDDDDDDDDDusrp_source :error: In the last 800 ms, 17 overflows occurred.
DDDpdu len 260

new mac frame  (length 260)
=========================================
duration: 00 00
frame control: 00 08 (DATA)
Subtype: Data
seq nr: 35
address 1: 30:14:4a:e6:46:e4
address 2: 12:34:56:78:90:ab
address 3: 42:42:42:42:42:42
instantaneous fer: 0.999756
{"type": "RequestVote", "term": 33, "sender_id": 2, "prev_log_index": 0, "prev_log_term": 0, "entries": [], "leader_commit": 0, "last_log_index": 0, "last_log_term": 0, "success": false, "vote_granted": false, "phy_state": {"snr": 0.0}}
pdu len 
new mac frame  (length 260)
=========================================
duration: 260
00 00
frame control: 00 08 (DATA)
Subtype: Data
seq nr: 37
address 1: 30:14:4a:e6:46:e4
address 2: 12:34:56:78:90:ab
address 3: 42:42:42:42:42:42
instantaneous fer: 0.5
{"type": "VoteResponse", "term": 33, "sender_id": 3, "prev_log_index": 0, "prev_log_term": 0, "entries": [], "leader_commit": 0, "last_log_index": 0, "last_log_term": 0, "success": false, "vote_granted": true, "phy_state": {"snr": 0.0}}
usrp_source :error: In the last 785 ms, 3 overflows occurred.
DDDDusrp_source :error: In the last 1084 ms, 4 overflows occurred.
DDDDDDDpdu len 260

new mac frame  (length 260)
=========================================
duration: 00 00
frame control: 00 08 (DATA)
Subtype: Data
seq nr: 36
address 1: 30:14:4a:e6:46:e4
address 2: 12:34:56:78:90:ab
address 3: 42:42:42:42:42:42
instantaneous fer: 0.999756
{"type": "RequestVote", "term": 34, "sender_id": 2, "prev_log_index": 0, "prev_log_term": 0, "entries": [], "leader_commit": 0, "last_log_index": 0, "last_log_term": 0, "success": false, "vote_granted": false, "phy_state": {"snr": 0.0}}
Dpdu len 260

new mac frame  (length 260)
=========================================
duration: 00 00
frame control: 00 08 (DATA)
Subtype: Data
seq nr: 38
address 1: 30:14:4a:e6:46:e4
address 2: 12:34:56:78:90:ab
address 3: 42:42:42:42:42:42
instantaneous fer: 0.5
{"type": "RequestVote", "term": 34, "sender_id": 3, "prev_log_index": 0, "prev_log_term": 0, "entries": [], "leader_commit": 0, "last_log_index": 0, "last_log_term": 0, "success": false, "vote_granted": false, "phy_state": {"snr": 0.0}}
DDpdu len 261

new mac frame  (length 261)
=========================================
duration: 00 00
frame control: 00 08 (DATA)
Subtype: Data
seq nr: 37
address 1: 30:14:4a:e6:46:e4
address 2: 12:34:56:78:90:ab
address 3: 42:42:42:42:42:42
instantaneous fer: 0.999756
{"type": "VoteResponse", "term": 34, "sender_id": 2, "prev_log_index": 0, "prev_log_term": 0, "entries": [], "leader_commit": 0, "last_log_index": 0, "last_log_term": 0, "success": false, "vote_granted": false, "phy_state": {"snr": 0.0}}
usrp_source :error: In the last 897 ms, 10 overflows occurred.
DDDDDDD
new mac frame  (length 260)
=========================================
duration: 00 00
frame control: 00 08 (DATA)
Subtype: Data
seq nr: 38
address 1: 30:14:4a:e6:46:e4
pdu len 260address 2: 12:34:56:78:90:ab
address 3: 42:42:42:42:42:42
instantaneous fer: 0
{"type": "RequestVote", "term": 35, "sender_id": 2, "prev_log_index": 0, "prev_log_term": 0, "entries": [], "leader_commit": 0, "last_log_index": 0, "last_log_term": 0, "success": false, "vote_granted": false, "phy_state": {"snr": 0.0}}

Dusrp_source :error: In the last 1449 ms, 7 overflows occurred.
Dpdu len 260

new mac frame  (length 260)
=========================================
duration: 00 00
frame control: 00 08 (DATA)
Subtype: Data
seq nr: 40
address 1: 30:14:4a:e6:46:e4
address 2: 12:34:56:78:90:ab
address 3: 42:42:42:42:42:42
instantaneous fer: 0.5
{"type": "VoteResponse", "term": 35, "sender_id": 3, "prev_log_index": 0, "prev_log_term": 0, "entries": [], "leader_commit": 0, "last_log_index": 0, "last_log_term": 0, "success": false, "vote_granted": true, "phy_state": {"snr": 0.0}}
DDDDDDDDDDusrp_source :error: In the last 1077 ms, 12 overflows occurred.
DDDpdu len 260

new mac frame  (length 260)
=========================================
duration: 00 00
frame control: 00 08 (DATA)
Subtype: Data
seq nr: 39
address 1: 30:14:4a:e6:46:e4
address 2: 12:34:56:78:90:ab
address 3: 42:42:42:42:42:42
instantaneous fer: 0.999756
{"type": "RequestVote", "term": 36, "sender_id": 2, "prev_log_index": 0, "prev_log_term": 0, "entries": [], "leader_commit": 0, "last_log_index": 0, "last_log_term": 0, "success": false, "vote_granted": false, "phy_state": {"snr": 0.0}}
pdu len 260

new mac frame  (length 260)
=========================================
duration: 00 00
frame control: 00 08 (DATA)
Subtype: Data
seq nr: 41
address 1: 30:14:4a:e6:46:e4
address 2: 12:34:56:78:90:ab
address 3: 42:42:42:42:42:42
instantaneous fer: 0.5
{"type": "VoteResponse", "term": 36, "sender_id": 3, "prev_log_index": 0, "prev_log_term": 0, "entries": [], "leader_commit": 0, "last_log_index": 0, "last_log_term": 0, "success": false, "vote_granted": true, "phy_state": {"snr": 0.0}}
DDDDDDDusrp_source :error: In the last 805 ms, 10 overflows occurred.
DDDDDDDDDDDUusrp_source :error: In the last 1794 ms, 11 overflows occurred.
DDDDDDDDDDDDDDDDDDDDDDDDDusrp_source :error: In the last 774 ms, 25 overflows occurred.
DDpdu len 260

new mac frame  (length 260)
=========================================
duration: 00 00
frame control: 00 08 (DATA)
Subtype: Data
seq nr: 43
address 1: 30:14:4a:e6:46:e4
address 2: 12:34:56:78:90:ab
address 3: 42:42:42:42:42:42
instantaneous fer: 0.5
{"type": "VoteResponse", "term": 38, "sender_id": 3, "prev_log_index": 0, "prev_log_term": 0, "entries": [], "leader_commit": 0, "last_log_index": 0, "last_log_term": 0, "success": false, "vote_granted": true, "phy_state": {"snr": 0.0}}
usrp_source :error: In the last 2350 ms, 2 overflows occurred.
Dpdu len 260

new mac frame  (length 260)
=========================================
duration: 00 00
frame control: 00 08 (DATA)
Subtype: Data
seq nr: 44
address 1: 30:14:4a:e6:46:e4
address 2: 12:34:56:78:90:ab
address 3: 42:42:42:42:42:42
instantaneous fer: 0
{"type": "RequestVote", "term": 39, "sender_id": 3, "prev_log_index": 0, "prev_log_term": 0, "entries": [], "leader_commit": 0, "last_log_index": 0, "last_log_term": 0, "success": false, "vote_granted": false, "phy_state": {"snr": 0.0}}
pdu len 261

new mac frame  (length 261)
=========================================
duration: 00 00
frame control: 00 08 (DATA)
Subtype: Data
seq nr: 42
address 1: 30:14:4a:e6:46:e4
address 2: 12:34:56:78:90:ab
address 3: 42:42:42:42:42:42
instantaneous fer: 0.999756
{"type": "VoteResponse", "term": 39, "sender_id": 2, "prev_log_index": 0, "prev_log_term": 0, "entries": [], "leader_commit": 0, "last_log_index": 0, "last_log_term": 0, "success": false, "vote_granted": false, "phy_state": {"snr": 0.0}}
DDDDDDDDD
new mac frame  (length 260)
=========================================
duration: 00 00
frame control: 00 08 (DATA)
Subtype: Data
seq nr: 43
address 1: 30:14:4a:e6:46:e4
address 2: 12:34:56:78:90:ab
address 3: 42:42:42:42:42:42
pdu len 260
instantaneous fer: 0
{"type": "RequestVote", "term": 40, "sender_id": 2, "prev_log_index": 0, "prev_log_term": 0, "entries": [], "leader_commit": 0, "last_log_index": 0, "last_log_term": 0, "success": false, "vote_granted": false, "phy_state": {"snr": 0.0}}
usrp_source :error: In the last 799 ms, 10 overflows occurred.
DDDDDDDDDDDDDusrp_source :error: In the last 800 ms, 13 overflows occurred.
Dpdu len 260

new mac frame  (length 260)
=========================================
duration: 00 00
frame control: 00 08 (DATA)
Subtype: Data
seq nr: 45
address 1: 30:14:4a:e6:46:e4
address 2: 12:34:56:78:90:ab
address 3: 42:42:42:42:42:42
instantaneous fer: 0.5
{"type": "RequestVote", "term": 41, "sender_id": 3, "prev_log_index": 0, "prev_log_term": 0, "entries": [], "leader_commit": 0, "last_log_index": 0, "last_log_term": 0, "success": false, "vote_granted": false, "phy_state": {"snr": 0.0}}
DDDpdu len 260

new mac frame  (length 260)
=========================================
duration: 00 00
frame control: 00 08 (DATA)
Subtype: Data
seq nr: 44
address 1: 30:14:4a:e6:46:e4
address 2: 12:34:56:78:90:ab
address 3: 42:42:42:42:42:42
instantaneous fer: 0.999756
{"type": "VoteResponse", "term": 41, "sender_id": 2, "prev_log_index": 0, "prev_log_term": 0, "entries": [], "leader_commit": 0, "last_log_index": 0, "last_log_term": 0, "success": false, "vote_granted": true, "phy_state": {"snr": 0.0}}
DDDDDDusrp_source :error: In the last 786 ms, 10 overflows occurred.
DDDDDDDDDDDDDDDusrp_source :error: In the last 917 ms, 15 overflows occurred.
DDDpdu len 260

new mac frame  (length 260)
=========================================
duration: 00 00
frame control: 00 08 (DATA)
Subtype: Data
seq nr: 46
address 1: 30:14:4a:e6:46:e4
address 2: 12:34:56:78:90:ab
address 3: 42:42:42:42:42:42
instantaneous fer: 0.5
{"type": "RequestVote", "term": 42, "sender_id": 3, "prev_log_index": 0, "prev_log_term": 0, "entries": [], "leader_commit": 0, "last_log_index": 0, "last_log_term": 0, "success": false, "vote_granted": false, "phy_state": {"snr": 0.0}}
UDDpdu len 260

new mac frame  (length 260)
=========================================
duration: 00 00
frame control: 00 08 (DATA)
Subtype: Data
seq nr: 45
address 1: 30:14:4a:e6:46:e4
address 2: 12:34:56:78:90:ab
address 3: 42:42:42:42:42:42
instantaneous fer: 0.999756
{"type": "VoteResponse", "term": 42, "sender_id": 2, "prev_log_index": 0, "prev_log_term": 0, "entries": [], "leader_commit": 0, "last_log_index": 0, "last_log_term": 0, "success": false, "vote_granted": true, "phy_state": {"snr": 0.0}}
DDDDDusrp_source :error: In the last 778 ms, 10 overflows occurred.
DDDDusrp_source :error: In the last 1125 ms, 4 overflows occurred.
D
new mac frame  (length 260)
=========================================
duration: 00 00
frame control: 00 08 (DATA)
pdu len 260
Subtype: Data
seq nr: 46
address 1: 30:14:4a:e6:46:e4
address 2: 12:34:56:78:90:ab
address 3: 42:42:42:42:42:42
instantaneous fer: 0
{"type": "RequestVote", "term": 43, "sender_id": 2, "prev_log_index": 0, "prev_log_term": 0, "entries": [], "leader_commit": 0, "last_log_index": 0, "last_log_term": 0, "success": false, "vote_granted": false, "phy_state": {"snr": 0.0}}
Dpdu len 260

new mac frame  (length 260)
=========================================
duration: 00 00
frame control: 00 08 (DATA)
Subtype: Data
seq nr: 47
address 1: 30:14:4a:e6:46:e4
address 2: 12:34:56:78:90:ab
address 3: 42:42:42:42:42:42
instantaneous fer: 0
{"type": "VoteResponse", "term": 43, "sender_id": 1, "prev_log_index": 0, "prev_log_term": 0, "entries": [], "leader_commit": 0, "last_log_index": 0, "last_log_term": 0, "success": false, "vote_granted": true, "phy_state": {"snr": 0.0}}
pdu len 260

new mac frame  (length 260)
=========================================
duration: 00 00
frame control: 00 08 (DATA)
Subtype: Data
seq nr: 47
address 1: 30:14:4a:e6:46:e4
address 2: 12:34:56:78:90:ab
address 3: 42:42:42:42:42:42
instantaneous fer: 0.999756
{"type": "VoteResponse", "term": 43, "sender_id": 3, "prev_log_index": 0, "prev_log_term": 0, "entries": [], "leader_commit": 0, "last_log_index": 0, "last_log_term": 0, "success": false, "vote_granted": true, "phy_state": {"snr": 0.0}}
DDDDDDDDDDDDDDDDDDusrp_source :error: In the last 787 ms, 20 overflows occurred.
DDusrp_source :error: In the last 782 ms, 2 overflows occurred.
DDpdu len 260

new mac frame  (length 260)
=========================================
duration: 00 00
frame control: 00 08 (DATA)
Subtype: Data
seq nr: 48
address 1: 30:14:4a:e6:46:e4
address 2: 12:34:56:78:90:ab
address 3: 42:42:42:42:42:42
instantaneous fer: 0
{"type": "VoteResponse", "term": 44, "sender_id": 3, "prev_log_index": 0, "prev_log_term": 0, "entries": [], "leader_commit": 0, "last_log_index": 0, "last_log_term": 0, "success": false, "vote_granted": true, "phy_state": {"snr": 0.0}}
DDDDDDDDUusrp_source :error: In the last 2129 ms, 10 overflows occurred.
Dusrp_source :error: In the last 769 ms, 1 overflows occurred.
DDDDDDDDDDDDDDUusrp_source :error: In the last 903 ms, 14 overflows occurred.
DDusrp_source :error: In the last 788 ms, 2 overflows occurred.
DDDusrp_source :error: In the last 797 ms, 3 overflows occurred.
Dpdu len 260

new mac frame  (length 260)
=========================================
duration: 00 00
frame control: 00 08 (DATA)
Subtype: Data
seq nr: 51
address 1: 30:14:4a:e6:46:e4
address 2: 12:34:56:78:90:ab
address 3: 42:42:42:42:42:42
instantaneous fer: 0.666667
{"type": "VoteResponse", "term": 47, "sender_id": 3, "prev_log_index": 0, "prev_log_term": 0, "entries": [], "leader_commit": 0, "last_log_index": 0, "last_log_term": 0, "success": false, "vote_granted": true, "phy_state": {"snr": 0.0}}
DDDDDusrp_source :error: In the last 787 ms, 6 overflows occurred.
DDDDusrp_source :error: In the last 967 ms, 4 overflows occurred.
DDDDDDDDDDDDDDDDDDDDDDpdu len 261

new mac frame  (length 261)
=========================================
duration: 00 00
frame control: 00 08 (DATA)
Subtype: Data
seq nr: 53
address 1: 30:14:4a:e6:46:e4
address 2: 12:34:56:78:90:ab
address 3: 42:42:42:42:42:42
instantaneous fer: 0.5
{"type": "VoteResponse", "term": 48, "sender_id": 3, "prev_log_index": 0, "prev_log_term": 0, "entries": [], "leader_commit": 0, "last_log_index": 0, "last_log_term": 0, "success": false, "vote_granted": false, "phy_state": {"snr": 0.0}}
Dusrp_source :error: In the last 782 ms, 23 overflows occurred.
DDDDDDusrp_source :error: In the last 916 ms, 6 overflows occurred.
DDDDDDDpdu len 260

new mac frame  (length 260)
=========================================
duration: 00 00
frame control: 00 08 (DATA)
Subtype: Data
seq nr: 54
address 1: 30:14:4a:e6:46:e4
address 2: 12:34:56:78:90:ab
address 3: 42:42:42:42:42:42
instantaneous fer: 0
{"type": "VoteResponse", "term": 49, "sender_id": 3, "prev_log_index": 0, "prev_log_term": 0, "entries": [], "leader_commit": 0, "last_log_index": 0, "last_log_term": 0, "success": false, "vote_granted": true, "phy_state": {"snr": 0.0}}
DDDusrp_source :error: In the last 789 ms, 10 overflows occurred.
DDDDDDusrp_source :error: In the last 795 ms, 6 overflows occurred.
DDDDDDDDpdu len 260

new mac frame  (length 260)
=========================================
duration: 00 00
frame control: 00 08 (DATA)
Subtype: Data
seq nr: 53
address 1: 30:14:4a:e6:46:e4
address 2: 12:34:56:78:90:ab
address 3: 42:42:42:42:42:42
instantaneous fer: 0.999756
{"type": "RequestVote", "term": 50, "sender_id": 2, "prev_log_index": 0, "prev_log_term": 0, "entries": [], "leader_commit": 0, "last_log_index": 0, "last_log_term": 0, "success": false, "vote_granted": false, "phy_state": {"snr": 0.0}}
Dpdu len 260

new mac frame  (length 260)
=========================================
duration: 00 00
frame control: 00 08 (DATA)
Subtype: Data
seq nr: 56
address 1: 30:14:4a:e6:46:e4
address 2: 12:34:56:78:90:ab
address 3: 42:42:42:42:42:42
instantaneous fer: 0.666667
{"type": "VoteResponse", "term": 50, "sender_id": 3, "prev_log_index": 0, "prev_log_term": 0, "entries": [], "leader_commit": 0, "last_log_index": 0, "last_log_term": 0, "success": false, "vote_granted": true, "phy_state": {"snr": 0.0}}
usrp_source :error: In the last 787 ms, 9 overflows occurred.
DDDDDDDDDDusrp_source :error: In the last 785 ms, 10 overflows occurred.
DDDusrp_source :error: In the last 793 ms, 3 overflows occurred.
DDpdu len 260

new mac frame  (length 260)
=========================================
duration: 00 00
frame control: 00 08 (DATA)
Subtype: Data
seq nr: 57
address 1: 30:14:4a:e6:46:e4
address 2: 12:34:56:78:90:ab
address 3: 42:42:42:42:42:42
instantaneous fer: 0
{"type": "RequestVote", "term": 51, "sender_id": 3, "prev_log_index": 0, "prev_log_term": 0, "entries": [], "leader_commit": 0, "last_log_index": 0, "last_log_term": 0, "success": false, "vote_granted": false, "phy_state": {"snr": 0.0}}
pdu len 260

new mac frame  (length 260)
=========================================
duration: 00 00
frame control: 00 08 (DATA)
Subtype: Data
seq nr: 54
address 1: 30:14:4a:e6:46:e4
address 2: 12:34:56:78:90:ab
address 3: 42:42:42:42:42:42
instantaneous fer: 0.999756
{"type": "VoteResponse", "term": 51, "sender_id": 2, "prev_log_index": 0, "prev_log_term": 0, "entries": [], "leader_commit": 0, "last_log_index": 0, "last_log_term": 0, "success": false, "vote_granted": true, "phy_state": {"snr": 0.0}}
DDDDDusrp_source :error: In the last 916 ms, 7 overflows occurred.
DDDDDDusrp_source :error: In the last 785 ms, 6 overflows occurred.
Dpdu len 260

new mac frame  (length 260)
=========================================
duration: 00 00
frame control: 00 08 (DATA)
Subtype: Data
seq nr: 58
address 1: 30:14:4a:e6:46:e4
address 2: 12:34:56:78:90:ab
address 3: 42:42:42:42:42:42
instantaneous fer: 0.75
{"type": "RequestVote", "term": 52, "sender_id": 3, "prev_log_index": 0, "prev_log_term": 0, "entries": [], "leader_commit": 0, "last_log_index": 0, "last_log_term": 0, "success": false, "vote_granted": false, "phy_state": {"snr": 0.0}}
pdu len 260

new mac frame  (length 260)
=========================================
duration: 00 00
frame control: 00 08 (DATA)
Subtype: Data
seq nr: 56
address 1: 30:14:4a:e6:46:e4
address 2: 12:34:56:78:90:ab
address 3: 42:42:42:42:42:42
instantaneous fer: 0.999756
{"type": "VoteResponse", "term": 52, "sender_id": 1, "prev_log_index": 0, "prev_log_term": 0, "entries": [], "leader_commit": 0, "last_log_index": 0, "last_log_term": 0, "success": false, "vote_granted": true, "phy_state": {"snr": 0.0}}
pdu len 260

new mac frame  (length 260)
=========================================
duration: 00 00
frame control: 00 08 (DATA)
Subtype: Data
seq nr: 55
address 1: 30:14:4a:e6:46:e4
address 2: 12:34:56:78:90:ab
address 3: 42:42:42:42:42:42
instantaneous fer: 0.999756
{"type": "VoteResponse", "term": 52, "sender_id": 2, "prev_log_index": 0, "prev_log_term": 0, "entries": [], "leader_commit": 0, "last_log_index": 0, "last_log_term": 0, "success": false, "vote_granted": true, "phy_state": {"snr": 0.0}}
DDDusrp_source :error: In the last 1667 ms, 4 overflows occurred.
Dpdu len 260

new mac frame  (length 260)
=========================================
duration: 00 00
frame control: 00 08 (DATA)
Subtype: Data
seq nr: 56
address 1: 30:14:4a:e6:46:e4
address 2: 12:34:56:78:90:ab
address 3: 42:42:42:42:42:42
instantaneous fer: 0
{"type": "RequestVote", "term": 53, "sender_id": 2, "prev_log_index": 0, "prev_log_term": 0, "entries": [], "leader_commit": 0, "last_log_index": 0, "last_log_term": 0, "success": false, "vote_granted": false, "phy_state": {"snr": 0.0}}
pdu len 260

new mac frame  (length 260)
=========================================
duration: 00 00
frame control: 00 08 (DATA)
Subtype: Data
seq nr: 57
address 1: 30:14:4a:e6:46:e4
address 2: 12:34:56:78:90:ab
address 3: 42:42:42:42:42:42
instantaneous fer: 0
{"type": "VoteResponse", "term": 53, "sender_id": 1, "prev_log_index": 0, "prev_log_term": 0, "entries": [], "leader_commit": 0, "last_log_index": 0, "last_log_term": 0, "success": false, "vote_granted": true, "phy_state": {"snr": 0.0}}
pdu len 261

new mac frame  (length 261)
=========================================
duration: 00 00
frame control: 00 08 (DATA)
Subtype: Data
seq nr: 60
address 1: 30:14:4a:e6:46:e4
address 2: 12:34:56:78:90:ab
address 3: 42:42:42:42:42:42
instantaneous fer: 0.666667
{"type": "VoteResponse", "term": 53, "sender_id": 3, "prev_log_index": 0, "prev_log_term": 0, "entries": [], "leader_commit": 0, "last_log_index": 0, "last_log_term": 0, "success": false, "vote_granted": false, "phy_state": {"snr": 0.0}}
DDDDDDDDDDusrp_source :error: In the last 787 ms, 11 overflows occurred.
DDDDDDDDDusrp_source :error: In the last 795 ms, 9 overflows occurred.
DDpdu len 260

new mac frame  (length 260)
=========================================
duration: 00 00
frame control: 00 08 (DATA)
Subtype: Data
seq nr: 61
address 1: 30:14:4a:e6:46:e4
address 2: 12:34:56:78:90:ab
address 3: 42:42:42:42:42:42
instantaneous fer: 0
{"type": "RequestVote", "term": 54, "sender_id": 3, "prev_log_index": 0, "prev_log_term": 0, "entries": [], "leader_commit": 0, "last_log_index": 0, "last_log_term": 0, "success": false, "vote_granted": false, "phy_state": {"snr": 0.0}}
pdu len 260

new mac frame  (length 260)
=========================================
duration: 00 00
frame control: 00 08 (DATA)
Subtype: Data
seq nr: 58
address 1: 30:14:4a:e6:46:e4
address 2: 12:34:56:78:90:ab
address 3: 42:42:42:42:42:42
instantaneous fer: 0.999756
{"type": "VoteResponse", "term": 54, "sender_id": 1, "prev_log_index": 0, "prev_log_term": 0, "entries": [], "leader_commit": 0, "last_log_index": 0, "last_log_term": 0, "success": false, "vote_granted": true, "phy_state": {"snr": 0.0}}

new mac frame  (length 260)
=========================================
duration: 00 00
frame control: 00 08 (DATA)
Subtype: Data
seq nr: 57
address 1: 30:14:4a:e6:46:e4
address 2: 12:34:56:78:90:ab
pdu len address 3: 26042:42:42:42:42:42
instantaneous fer: 
0.999756
{"type": "VoteResponse", "term": 54, "sender_id": 2, "prev_log_index": 0, "prev_log_term": 0, "entries": [], "leader_commit": 0, "last_log_index": 0, "last_log_term": 0, "success": false, "vote_granted": true, "phy_state": {"snr": 0.0}}
DDDDDDDDDDDusrp_source :error: In the last 790 ms, 13 overflows occurred.
DDDDusrp_source :error: In the last 930 ms, 4 overflows occurred.
DDpdu len 260

new mac frame  (length 260)
=========================================
duration: 00 00
frame control: 00 08 (DATA)
Subtype: Data
seq nr: 58
address 1: 30:14:4a:e6:46:e4
address 2: 12:34:56:78:90:ab
address 3: 42:42:42:42:42:42
instantaneous fer: 0
{"type": "VoteResponse", "term": 55, "sender_id": 2, "prev_log_index": 0, "prev_log_term": 0, "entries": [], "leader_commit": 0, "last_log_index": 0, "last_log_term": 0, "success": false, "vote_granted": true, "phy_state": {"snr": 0.0}}
Dpdu len 261

new mac frame  (length 261)
=========================================
duration: 00 00
frame control: 00 08 (DATA)
Subtype: Data
seq nr: 59
address 1: 30:14:4a:e6:46:e4
address 2: 12:34:56:78:90:ab
address 3: 42:42:42:42:42:42
instantaneous fer: 0
{"type": "VoteResponse", "term": 55, "sender_id": 2, "prev_log_index": 0, "prev_log_term": 0, "entries": [], "leader_commit": 0, "last_log_index": 0, "last_log_term": 0, "success": false, "vote_granted": false, "phy_state": {"snr": 0.0}}
DDDDDDDDDDDusrp_source :error: In the last 782 ms, 14 overflows occurred.
DDDDDDDDDusrp_source :error: In the last 773 ms, 9 overflows occurred.
DDDDDpdu len 260

new mac frame  (length 260)
=========================================
duration: 00 00
frame control: 00 08 (DATA)
Subtype: Data
seq nr: 60
address 1: 30:14:4a:e6:46:e4
address 2: 12:34:56:78:90:ab
address 3: 42:42:42:42:42:42
instantaneous fer: 0
{"type": "RequestVote", "term": 56, "sender_id": 2, "prev_log_index": 0, "prev_log_term": 0, "entries": [], "leader_commit": 0, "last_log_index": 0, "last_log_term": 0, "success": false, "vote_granted": false, "phy_state": {"snr": 0.0}}
DDDpdu len 261

new mac frame  (length 261)
=========================================
duration: 00 00
frame control: 00 08 (DATA)
Subtype: Data
seq nr: 64
address 1: 30:14:4a:e6:46:e4
address 2: 12:34:56:78:90:ab
address 3: 42:42:42:42:42:42
instantaneous fer: 0.75
{"type": "VoteResponse", "term": 56, "sender_id": 3, "prev_log_index": 0, "prev_log_term": 0, "entries": [], "leader_commit": 0, "last_log_index": 0, "last_log_term": 0, "success": false, "vote_granted": false, "phy_state": {"snr": 0.0}}
DDusrp_source :error: In the last 809 ms, 10 overflows occurred.
DDDDDusrp_source :error: In the last 788 ms, 5 overflows occurred.
DDpdu len 260

new mac frame  (length 260)
=========================================
duration: 00 00
frame control: 00 08 (DATA)
Subtype: Data
seq nr: 65
address 1: 30:14:4a:e6:46:e4
address 2: 12:34:56:78:90:ab
address 3: 42:42:42:42:42:42
instantaneous fer: 0
{"type": "VoteResponse", "term": 57, "sender_id": 3, "prev_log_index": 0, "prev_log_term": 0, "entries": [], "leader_commit": 0, "last_log_index": 0, "last_log_term": 0, "success": false, "vote_granted": true, "phy_state": {"snr": 0.0}}
DDusrp_source :error: In the last 935 ms, 4 overflows occurred.
DDDDDDDusrp_source :error: In the last 1061 ms, 6 overflows occurred.
DUUUpdu len 260

new mac frame  (length 260)
=========================================
duration: 00 00
frame control: 00 08 (DATA)
Subtype: Data
seq nr: 63
address 1: 30:14:4a:e6:46:e4
address 2: 12:34:56:78:90:ab
address 3: 42:42:42:42:42:42
instantaneous fer: 0.999756
{"type": "VoteResponse", "term": 58, "sender_id": 2, "prev_log_index": 0, "prev_log_term": 0, "entries": [], "leader_commit": 0, "last_log_index": 0, "last_log_term": 0, "success": false, "vote_granted": true, "phy_state": {"snr": 0.0}}
DDDusrp_source :error: In the last 754 ms, 5 overflows occurred.
DDDDDDDDDDDusrp_source :error: In the last 849 ms, 11 overflows occurred.
DDDDDDDDDDusrp_source :error: In the last 764 ms, 10 overflows occurred.
DDpdu len 260

new mac frame  (length 260)
=========================================
duration: 00 00
frame control: 00 08 (DATA)
Subtype: Data
seq nr: 64
address 1: 30:14:4a:e6:46:e4
address 2: 12:34:56:78:90:ab
address 3: 42:42:42:42:42:42
instantaneous fer: 0
{"type": "VoteResponse", "term": 59, "sender_id": 2, "prev_log_index": 0, "prev_log_term": 0, "entries": [], "leader_commit": 0, "last_log_index": 0, "last_log_term": 0, "success": false, "vote_granted": true, "phy_state": {"snr": 0.0}}
DDpdu len 260

new mac frame  (length 260)
=========================================
duration: 00 00
frame control: 00 08 (DATA)
Subtype: Data
seq nr: 67
address 1: 30:14:4a:e6:46:e4
address 2: 12:34:56:78:90:ab
address 3: 42:42:42:42:42:42
instantaneous fer: 0.666667
{"type": "VoteResponse", "term": 59, "sender_id": 3, "prev_log_index": 0, "prev_log_term": 0, "entries": [], "leader_commit": 0, "last_log_index": 0, "last_log_term": 0, "success": false, "vote_granted": true, "phy_state": {"snr": 0.0}}
DDDDDDDusrp_source :error: In the last 766 ms, 11 overflows occurred.
DDDDpdu len 
new mac frame  (length 260)
=========================================
duration: 00 00
frame control: 00 08 (DATA)
Subtype: Data
seq nr: 65
address 1: 30:14:4a:e6:46:e4
address 2: 12:34:56:78:90:ab
address 3: 42:42:42:42:42:42
instantaneous fer: 0.999756
{"type": "RequestVote", "term": 60, "sender_id": 2, "prev_log_index": 0, "prev_log_term": 0, "entries": [], "leader_commit": 0, "last_log_index": 0, "last_log_term": 0, "success": false, "vote_granted": false, "phy_state": {"snr": 0.0}}
260
pdu len 260

new mac frame  (length 260)
=========================================
duration: 00 00
frame control: 00 08 (DATA)
Subtype: Data
seq nr: 65
address 1: 30:14:4a:e6:46:e4
address 2: 12:34:56:78:90:ab
address 3: 42:42:42:42:42:42
instantaneous fer: 0.999756
{"type": "VoteResponse", "term": 60, "sender_id": 1, "prev_log_index": 0, "prev_log_term": 0, "entries": [], "leader_commit": 0, "last_log_index": 0, "last_log_term": 0, "success": false, "vote_granted": true, "phy_state": {"snr": 0.0}}
usrp_source :error: In the last 884 ms, 4 overflows occurred.
DDDDDusrp_source :error: In the last 853 ms, 5 overflows occurred.
DDDDDDpdu len 260

new mac frame  (length 260)
=========================================
duration: 00 00
frame control: 00 08 (DATA)
Subtype: Data
seq nr: 69
address 1: 30:14:4a:e6:46:e4
address 2: 12:34:56:78:90:ab
address 3: 42:42:42:42:42:42
instantaneous fer: 0.75
{"type": "RequestVote", "term": 61, "sender_id": 3, "prev_log_index": 0, "prev_log_term": 0, "entries": [], "leader_commit": 0, "last_log_index": 0, "last_log_term": 0, "success": false, "vote_granted": false, "phy_state": {"snr": 0.0}}

new mac frame  (length 260)
=========================================
duration: 00 00
frame control: 00 08pdu len  (DATA)
Subtype: Data
260seq nr: 
66
address 1: 30:14:4a:e6:46:e4
address 2: 12:34:56:78:90:ab
address 3: 42:42:42:42:42:42
instantaneous fer: 0.999756
{"type": "VoteResponse", "term": 61, "sender_id": 2, "prev_log_index": 0, "prev_log_term": 0, "entries": [], "leader_commit": 0, "last_log_index": 0, "last_log_term": 0, "success": false, "vote_granted": true, "phy_state": {"snr": 0.0}}
usrp_source :error: In the last 888 ms, 6 overflows occurred.
DDDDDDDDSUusrp_source :error: In the last 1950 ms, 8 overflows occurred.
Dusrp_source :error: In the last 785 ms, 1 overflows occurred.
DDDusrp_source :error: In the last 788 ms, 3 overflows occurred.
DDD
new mac frame  (length 260)
=========================================
duration: pdu len 00 00
frame control: 00 08 (DATA)
Subtype: Data
seq nr: 71
260
address 1: 30:14:4a:e6:46:e4
address 2: 12:34:56:78:90:ab
address 3: 42:42:42:42:42:42
instantaneous fer: 0.8
{"type": "RequestVote", "term": 63, "sender_id": 3, "prev_log_index": 0, "prev_log_term": 0, "entries": [], "leader_commit": 0, "last_log_index": 0, "last_log_term": 0, "success": false, "vote_granted": false, "phy_state": {"snr": 0.0}}
Dpdu len 261

new mac frame  (length 261)
=========================================
duration: 00 00
frame control: 00 08 (DATA)
Subtype: Data
seq nr: 69
address 1: 30:14:4a:e6:46:e4
address 2: 12:34:56:78:90:ab
address 3: 42:42:42:42:42:42
instantaneous fer: 0.999756
{"type": "VoteResponse", "term": 63, "sender_id": 2, "prev_log_index": 0, "prev_log_term": 0, "entries": [], "leader_commit": 0, "last_log_index": 0, "last_log_term": 0, "success": false, "vote_granted": false, "phy_state": {"snr": 0.0}}
pdu len 261

new mac frame  (length 261)
=========================================
duration: 00 00
frame control: 00 08 (DATA)
Subtype: Data
seq nr: 72
address 1: 30:14:4a:e6:46:e4
address 2: 12:34:56:78:90:ab
address 3: 42:42:42:42:42:42
instantaneous fer: 0.666667
{"type": "VoteResponse", "term": 63, "sender_id": 3, "prev_log_index": 0, "prev_log_term": 0, "entries": [], "leader_commit": 0, "last_log_index": 0, "last_log_term": 0, "success": false, "vote_granted": false, "phy_state": {"snr": 0.0}}
DDDDusrp_source :error: In the last 787 ms, 8 overflows occurred.
DDusrp_source :error: In the last 796 ms, 2 overflows occurred.
DDDpdu len 260

new mac frame  (length 260)
=========================================
duration: 00 00
frame control: 00 08 (DATA)
Subtype: Data
seq nr: 71
address 1: 30:14:4a:e6:46:e4
address 2: 12:34:56:78:90:ab
address 3: 42:42:42:42:42:42
instantaneous fer: 0.999756
{"type": "RequestVote", "term": 64, "sender_id": 2, "prev_log_index": 0, "prev_log_term": 0, "entries": [], "leader_commit": 0, "last_log_index": 0, "last_log_term": 0, "success": false, "vote_granted": false, "phy_state": {"snr": 0.0}}
pdu len 260

new mac frame  (length 260)
=========================================
duration: 00 00
frame control: 00 08 (DATA)
Subtype: Data
seq nr: 73
address 1: 30:14:4a:e6:46:e4
address 2: 12:34:56:78:90:ab
address 3: 42:42:42:42:42:42
instantaneous fer: 0.5
{"type": "VoteResponse", "term": 64, "sender_id": 3, "prev_log_index": 0, "prev_log_term": 0, "entries": [], "leader_commit": 0, "last_log_index": 0, "last_log_term": 0, "success": false, "vote_granted": true, "phy_state": {"snr": 0.0}}
DDDDDDusrp_source :error: In the last 929 ms, 9 overflows occurred.
DDDDDDDDDusrp_source :error: In the last 872 ms, 9 overflows occurred.
DDDDDDDDDDDDDDDDDDusrp_source :error: In the last 1320 ms, 18 overflows occurred.
DDDDDDDpdu len 260

new mac frame  (length 260)
=========================================
duration: 00 00
frame control: 00 08 (DATA)
Subtype: Data
seq nr: 75
address 1: 30:14:4a:e6:46:e4
address 2: 12:34:56:78:90:ab
address 3: 42:42:42:42:42:42
instantaneous fer: 0.5
{"type": "RequestVote", "term": 66, "sender_id": 3, "prev_log_index": 0, "prev_log_term": 0, "entries": [], "leader_commit": 0, "last_log_index": 0, "last_log_term": 0, "success": false, "vote_granted": false, "phy_state": {"snr": 0.0}}
pdu len 261

new mac frame  (length 261)
=========================================
duration: 00 00
frame control: 00 08 (DATA)
Subtype: Data
seq nr: 73
address 1: 30:14:4a:e6:46:e4
address 2: 12:34:56:78:90:ab
address 3: 42:42:42:42:42:42
instantaneous fer: 0.999756
{"type": "VoteResponse", "term": 66, "sender_id": 1, "prev_log_index": 0, "prev_log_term": 0, "entries": [], "leader_commit": 0, "last_log_index": 0, "last_log_term": 0, "success": false, "vote_granted": false, "phy_state": {"snr": 0.0}}
usrp_source :error: In the last 1418 ms, 7 overflows occurred.
DDDDDSUusrp_source :error: In the last 2213 ms, 5 overflows occurred.
DDpdu len 260

new mac frame  (length 260)
=========================================
duration: 00 00
frame control: 00 08 (DATA)
Subtype: Data
seq nr: 76
address 1: 30:14:4a:e6:46:e4
address 2: 12:34:56:78:90:ab
address 3: 42:42:42:42:42:42
instantaneous fer: 0.666667
{"type": "RequestVote", "term": 68, "sender_id": 2, "prev_log_index": 0, "prev_log_term": 0, "entries": [], "leader_commit": 0, "last_log_index": 0, "last_log_term": 0, "success": false, "vote_granted": false, "phy_state": {"snr": 0.0}}
usrp_source :error: In the last 787 ms, 2 overflows occurred.
DDDusrp_source :error: In the last 1215 ms, 3 overflows occurred.
DDDpdu len 260

new mac frame  (length 260)
=========================================
duration: 00 00
frame control: 00 08 (DATA)
Subtype: Data
seq nr: 77
address 1: 30:14:4a:e6:46:e4
address 2: 12:34:56:78:90:ab
address 3: 42:42:42:42:42:42
instantaneous fer: 0
{"type": "RequestVote", "term": 69, "sender_id": 2, "prev_log_index": 0, "prev_log_term": 0, "entries": [], "leader_commit": 0, "last_log_index": 0, "last_log_term": 0, "success": false, "vote_granted": false, "phy_state": {"snr": 0.0}}
pdu len 260

new mac frame  (length 260)
=========================================
duration: 00 00
frame control: 00 08 (DATA)
Subtype: Data
seq nr: 78
address 1: 30:14:4a:e6:46:e4
address 2: 12:34:56:78:90:ab
address 3: 42:42:42:42:42:42
instantaneous fer: 0
{"type": "RequestVote", "term": 69, "sender_id": 3, "prev_log_index": 0, "prev_log_term": 0, "entries": [], "leader_commit": 0, "last_log_index": 0, "last_log_term": 0, "success": false, "vote_granted": false, "phy_state": {"snr": 0.0}}
DD
new mac frame  (length 261)
=========================================
duration: 00 00
frame control: 00 08 (DATA)
Subtype: Data
seq nr: 79
address 1: 30:14:4a:e6:46:e4
address 2: 12:34:56:78:90:ab
address 3: 42:42:42:42:42:42
instantaneous fer: pdu len 261
0
{"type": "VoteResponse", "term": 69, "sender_id": 3, "prev_log_index": 0, "prev_log_term": 0, "entries": [], "leader_commit": 0, "last_log_index": 0, "last_log_term": 0, "success": false, "vote_granted": false, "phy_state": {"snr": 0.0}}
DDDDDDDusrp_source :error: In the last 882 ms, 12 overflows occurred.
DDUusrp_source :error: In the last 2119 ms, 2 overflows occurred.
DDDDDpdu len 260

new mac frame  (length 260)
=========================================
duration: 00 00
frame control: 00 08 (DATA)
Subtype: Data
seq nr: 81
address 1: 30:14:4a:e6:46:e4
address 2: 12:34:56:78:90:ab
address 3: 42:42:42:42:42:42
instantaneous fer: 0.5
{"type": "RequestVote", "term": 71, "sender_id": 3, "prev_log_index": 0, "prev_log_term": 0, "entries": [], "leader_commit": 0, "last_log_index": 0, "last_log_term": 0, "success": false, "vote_granted": false, "phy_state": {"snr": 0.0}}
Uusrp_source :error: In the last 794 ms, 5 overflows occurred.
DDDDDDusrp_source :error: In the last 788 ms, 6 overflows occurred.
DDDDDDDDDDusrp_source :error: In the last 782 ms, 10 overflows occurred.
D
new mac frame  (length 260)
=========================================
duration: 00 00
frame control: 00 08 (DATA)
Subtype: Data
seq nr: 81
pdu len 260
address 1: 30:14:4a:e6:46:e4
address 2: 12:34:56:78:90:ab
address 3: 42:42:42:42:42:42
instantaneous fer: 0.999756
{"type": "RequestVote", "term": 72, "sender_id": 2, "prev_log_index": 0, "prev_log_term": 0, "entries": [], "leader_commit": 0, "last_log_index": 0, "last_log_term": 0, "success": false, "vote_granted": false, "phy_state": {"snr": 0.0}}
pdu len 260

new mac frame  (length 260)
=========================================
duration: 00 00
frame control: 00 08 (DATA)
Subtype: Data
seq nr: 82
address 1: 30:14:4a:e6:46:e4
address 2: 12:34:56:78:90:ab
address 3: 42:42:42:42:42:42
instantaneous fer: 0
{"type": "VoteResponse", "term": 72, "sender_id": 3, "prev_log_index": 0, "prev_log_term": 0, "entries": [], "leader_commit": 0, "last_log_index": 0, "last_log_term": 0, "success": false, "vote_granted": true, "phy_state": {"snr": 0.0}}
pdu len 261

new mac frame  (length 261)
=========================================
duration: 00 00
frame control: 00 08 (DATA)
Subtype: Data
seq nr: 83
address 1: 30:14:4a:e6:46:e4
address 2: 12:34:56:78:90:ab
address 3: 42:42:42:42:42:42
instantaneous fer: 0
{"type": "VoteResponse", "term": 72, "sender_id": 3, "prev_log_index": 0, "prev_log_term": 0, "entries": [], "leader_commit": 0, "last_log_index": 0, "last_log_term": 0, "success": false, "vote_granted": false, "phy_state": {"snr": 0.0}}
pdu len 261

new mac frame  (length 261)
=========================================
duration: 00 00
frame control: 00 08 (DATA)
Subtype: Data
seq nr: 82
address 1: 30:14:4a:e6:46:e4
address 2: 12:34:56:78:90:ab
address 3: 42:42:42:42:42:42
instantaneous fer: 0.999756
{"type": "VoteResponse", "term": 72, "sender_id": 2, "prev_log_index": 0, "prev_log_term": 0, "entries": [], "leader_commit": 0, "last_log_index": 0, "last_log_term": 0, "success": false, "vote_granted": false, "phy_state": {"snr": 0.0}}
DDDDD PHY  ( GUI )
   SDR: addr=192.168.1.10
   : 10001 (recv) / 20001 (send)
    Ctrl+C ...
  :  9001
   : set_tx_gain, set_rx_gain, get_gains, ping

 ...

 ...
