WARNING:root:Found persistent state path '/home/chuzhitairan/.local/state/gnuradio', but file does not exist. Old default persistent state path '/home/chuzhitairan/.grc_gnuradio' exists; using that. Please consider moving state to new location.
MAPPER: encoding: 0
chunks_to_symbols :info: set_min_output_buffer on block 7 to 207744
fft_v_fftw :info: set_min_output_buffer on block 9 to 2077440
ofdm_cyclic_prefixer :info: set_min_output_buffer on block 11 to 2077440
ofdm_carrier_allocator_cvc :info: set_min_output_buffer on block 12 to 207744
chunks_to_symbols :info: set_min_output_buffer on block 13 to 415488
tagged_stream_mux :info: set_min_output_buffer on block 14 to 207744
[INFO] [UHD] linux; GNU C++ version 13.3.0; Boost_108300; UHD_4.1.0.0-0-45cabfde
Traceback (most recent call last):
  File "/home/chuzhitairan/V2V-Raft-SDR/scripts/core/v2v_hw_phy.py", line 589, in <module>
    main()
  File "/home/chuzhitairan/V2V-Raft-SDR/scripts/core/v2v_hw_phy.py", line 522, in main
    tb = top_block_cls(rx_gain=options.rx_gain, sdr_args=options.sdr_args, tx_gain=options.tx_gain, udp_recv_port=options.udp_recv_port, udp_send_port=options.udp_send_port)
         ^^^^^^^^^^^^^^^^^^^^^^^^^^^^^^^^^^^^^^^^^^^^^^^^^^^^^^^^^^^^^^^^^^^^^^^^^^^^^^^^^^^^^^^^^^^^^^^^^^^^^^^^^^^^^^^^^^^^^^^^^^^^^^^^^^^^^^^^^^^^^^^^^^^^^^^^^^^^^^^^^^^^
  File "/home/chuzhitairan/V2V-Raft-SDR/scripts/core/v2v_hw_phy.py", line 236, in __init__
    self.uhd_usrp_source_0 = uhd.usrp_source(
                             ^^^^^^^^^^^^^^^^
RuntimeError: LookupError: KeyError: No devices found for ----->
Device Address:
    addr: 192.168.1.12

